[1/13] Building CXX object src/CMakeFiles/rfsim_core.dir/model/osdi_model.cpp.obj
[2/13] Building CXX object src/CMakeFiles/rfsim_cli.dir/cli/main.cpp.obj
[3/13] Building CXX object src/CMakeFiles/rfsim_core.dir/solver/dc_op.cpp.obj
G:/vibe-codeing/simulator/src/solver/dc_op.cpp: In function 'void rfsim::{anonymous}::assemble(uint32_t, const std::vector<std::unique_ptr<rfsim::DeviceModel> >&, const std::vector<double>&, const rfsim::DcOpOptions&, rfsim::SparseMatrix&, rfsim::Vector&, std::vector<unsigned int>&)':
G:/vibe-codeing/simulator/src/solver/dc_op.cpp:68:13: warning: this 'if' clause does not guard... [-Wmisleading-indentation]
   68 |             if(n1!=0)F[n1-1]+=iR; if(n2!=0)F[n2-1]-=iR;
      |             ^~
G:/vibe-codeing/simulator/src/solver/dc_op.cpp:68:35: note: ...this statement, but the latter is misleadingly indented as if it were guarded by the 'if'
   68 |             if(n1!=0)F[n1-1]+=iR; if(n2!=0)F[n2-1]-=iR;
      |                                   ^~
G:/vibe-codeing/simulator/src/solver/dc_op.cpp:72:13: warning: this 'if' clause does not guard... [-Wmisleading-indentation]
   72 |             if(n1!=0)F[n1-1]-=I; if(n2!=0)F[n2-1]+=I;
      |             ^~
G:/vibe-codeing/simulator/src/solver/dc_op.cpp:72:34: note: ...this statement, but the latter is misleadingly indented as if it were guarded by the 'if'
   72 |             if(n1!=0)F[n1-1]-=I; if(n2!=0)F[n2-1]+=I;
      |                                  ^~
G:/vibe-codeing/simulator/src/solver/dc_op.cpp:93:13: warning: this 'if' clause does not guard... [-Wmisleading-indentation]
   93 |             if(n1!=0)F[n1-1]+=iL; if(n2!=0)F[n2-1]-=iL;
      |             ^~
G:/vibe-codeing/simulator/src/solver/dc_op.cpp:93:35: note: ...this statement, but the latter is misleadingly indented as if it were guarded by the 'if'
   93 |             if(n1!=0)F[n1-1]+=iL; if(n2!=0)F[n2-1]-=iL;
      |                                   ^~
[4/13] Building CXX object tests/CMakeFiles/rfsim_tests.dir/test_convergence_grid.cpp.obj
[5/13] Building CXX object src/CMakeFiles/rfsim_core.dir/solver/hb_nonlinear.cpp.obj
[6/13] Linking CXX static library lib\librfsim_core.a
[7/13] Linking CXX executable bin\rfsim.exe
[8/13] Building CXX object tests/CMakeFiles/rfsim_tests.dir/test_hb_nl.cpp.obj
[9/13] Building CXX object tests/CMakeFiles/rfsim_tests.dir/test_osdi_models.cpp.obj
[10/13] Building CXX object tests/CMakeFiles/rfsim_tests.dir/test_large_scale.cpp.obj
[11/13] Building CXX object tests/CMakeFiles/rfsim_tests.dir/test_multi_device.cpp.obj
[12/13] Building CXX object tests/CMakeFiles/rfsim_tests.dir/test_large_circuit.cpp.obj
[13/13] Linking CXX executable bin\rfsim_tests.exe
