Running main() from G:\vibe-codeing\simulator\build\_deps\googletest-src\googletest\src\gtest_main.cc
[==========] Running 125 tests from 26 test suites.
[----------] Global test environment set-up.
[----------] 6 tests from Lexer
[ RUN      ] Lexer.NumberWithSuffixes
[       OK ] Lexer.NumberWithSuffixes (0 ms)
[ RUN      ] Lexer.CaseInsensitiveWords
[       OK ] Lexer.CaseInsensitiveWords (0 ms)
[ RUN      ] Lexer.ContinuationLine
[       OK ] Lexer.ContinuationLine (0 ms)
[ RUN      ] Lexer.Comments
[       OK ] Lexer.Comments (0 ms)
[ RUN      ] Lexer.Punctuation
[       OK ] Lexer.Punctuation (0 ms)
[ RUN      ] Lexer.SignedNumber
[       OK ] Lexer.SignedNumber (0 ms)
[----------] 6 tests from Lexer (0 ms total)

[----------] 4 tests from Expression
[ RUN      ] Expression.BasicArithmetic
[       OK ] Expression.BasicArithmetic (0 ms)
[ RUN      ] Expression.Variables
[       OK ] Expression.Variables (0 ms)
[ RUN      ] Expression.Functions
[       OK ] Expression.Functions (0 ms)
[ RUN      ] Expression.Errors
[       OK ] Expression.Errors (0 ms)
[----------] 4 tests from Expression (0 ms total)

[----------] 8 tests from Parser
[ RUN      ] Parser.SimpleDevice
[       OK ] Parser.SimpleDevice (0 ms)
[ RUN      ] Parser.MosfetWithModel
[       OK ] Parser.MosfetWithModel (0 ms)
[ RUN      ] Parser.ModelCard
[       OK ] Parser.ModelCard (0 ms)
[ RUN      ] Parser.SubcktDefAndCall
[       OK ] Parser.SubcktDefAndCall (0 ms)
[ RUN      ] Parser.ControlCards
[       OK ] Parser.ControlCards (0 ms)
[ RUN      ] Parser.ParamCard
[       OK ] Parser.ParamCard (0 ms)
[ RUN      ] Parser.ContinuationAndComments
[       OK ] Parser.ContinuationAndComments (0 ms)
[ RUN      ] Parser.ExampleNetlist
[       OK ] Parser.ExampleNetlist (0 ms)
[----------] 8 tests from Parser (0 ms total)

[----------] 4 tests from Flatten
[ RUN      ] Flatten.SimpleDevicesNodes
[       OK ] Flatten.SimpleDevicesNodes (0 ms)
[ RUN      ] Flatten.GroundAliases
[       OK ] Flatten.GroundAliases (0 ms)
[ RUN      ] Flatten.SubcktExpansion
[       OK ] Flatten.SubcktExpansion (0 ms)
[ RUN      ] Flatten.NestedSubckt
[       OK ] Flatten.NestedSubckt (0 ms)
[----------] 4 tests from Flatten (0 ms total)

[----------] 8 tests from Model
[ RUN      ] Model.ResistorStampPattern
[       OK ] Model.ResistorStampPattern (0 ms)
[ RUN      ] Model.ResistorConductance
[       OK ] Model.ResistorConductance (0 ms)
[ RUN      ] Model.ResistorEval
[       OK ] Model.ResistorEval (0 ms)
[ RUN      ] Model.ResistorNegativeThrows
[       OK ] Model.ResistorNegativeThrows (0 ms)
[ RUN      ] Model.CurrentSourceEval
[       OK ] Model.CurrentSourceEval (0 ms)
[ RUN      ] Model.VoltageSourceValue
[       OK ] Model.VoltageSourceValue (0 ms)
[ RUN      ] Model.FactoryBuildsResistor
[       OK ] Model.FactoryBuildsResistor (0 ms)
[ RUN      ] Model.FactoryMosfetBecomesOsdiModel
[       OK ] Model.FactoryMosfetBecomesOsdiModel (0 ms)
[----------] 8 tests from Model (0 ms total)

[----------] 3 tests from Assembly
[ RUN      ] Assembly.SparseMatrixAddGet
[       OK ] Assembly.SparseMatrixAddGet (0 ms)
[ RUN      ] Assembly.LuSolve2x2
[       OK ] Assembly.LuSolve2x2 (0 ms)
[ RUN      ] Assembly.LuSolveSingular
[       OK ] Assembly.LuSolveSingular (0 ms)
[----------] 3 tests from Assembly (0 ms total)

[----------] 3 tests from DcOp
[ RUN      ] DcOp.VoltageDivider
[       OK ] DcOp.VoltageDivider (0 ms)
[ RUN      ] DcOp.CurrentSourceResistor
[       OK ] DcOp.CurrentSourceResistor (0 ms)
[ RUN      ] DcOp.TwoSourcesResistor
[       OK ] DcOp.TwoSourcesResistor (0 ms)
[----------] 3 tests from DcOp (0 ms total)

[----------] 1 test from DcSweep
[ RUN      ] DcSweep.VoltageDivider
[       OK ] DcSweep.VoltageDivider (0 ms)
[----------] 1 test from DcSweep (0 ms total)

[----------] 2 tests from Ac
[ RUN      ] Ac.RcLowpass
[       OK ] Ac.RcLowpass (0 ms)
[ RUN      ] Ac.ResistorOnly
[       OK ] Ac.ResistorOnly (0 ms)
[----------] 2 tests from Ac (0 ms total)

[----------] 2 tests from OsdiLibrary
[ RUN      ] OsdiLibrary.LoadRealDiode
[       OK ] OsdiLibrary.LoadRealDiode (0 ms)
[ RUN      ] OsdiLibrary.FindDiodeDescriptor
[       OK ] OsdiLibrary.FindDiodeDescriptor (0 ms)
[----------] 2 tests from OsdiLibrary (0 ms total)

[----------] 4 tests from Hb
[ RUN      ] Hb.ResistorDividerDC
[       OK ] Hb.ResistorDividerDC (0 ms)
[ RUN      ] Hb.RcLowpassMatchesAC
[       OK ] Hb.RcLowpassMatchesAC (0 ms)
[ RUN      ] Hb.WaveformIFFT
[       OK ] Hb.WaveformIFFT (0 ms)
[ RUN      ] Hb.DcPlusSine
[       OK ] Hb.DcPlusSine (0 ms)
[----------] 4 tests from Hb (0 ms total)

[----------] 1 test from NewtonDiag
[ RUN      ] NewtonDiag.DiodeVoltageDriven
[NewtonDiag] converged=1 iters=132 v(anode)=0.79011
[       OK ] NewtonDiag.DiodeVoltageDriven (3 ms)
[----------] 1 test from NewtonDiag (3 ms total)

[----------] 5 tests from HbNonlinear
[ RUN      ] HbNonlinear.DiodeRectifierRuns
[       OK ] HbNonlinear.DiodeRectifierRuns (16 ms)
[ RUN      ] HbNonlinear.DiodeRectifierContinuation
[       OK ] HbNonlinear.DiodeRectifierContinuation (1 ms)
[ RUN      ] HbNonlinear.LinearMatchesHbLinear
[       OK ] HbNonlinear.LinearMatchesHbLinear (0 ms)
[ RUN      ] HbNonlinear.Bsim4EvalDcDoesNotCrash
VA: 
RESET igcMod to 0

[       OK ] HbNonlinear.Bsim4EvalDcDoesNotCrash (14 ms)
[ RUN      ] HbNonlinear.Bsim4CommonSourceConverges
VA: 
RESET igcMod to 0

[       OK ] HbNonlinear.Bsim4CommonSourceConverges (17 ms)
[----------] 5 tests from HbNonlinear (49 ms total)

[----------] 3 tests from Gmres
[ RUN      ] Gmres.Identity
[       OK ] Gmres.Identity (0 ms)
[ RUN      ] Gmres.RandomWellConditioned
[       OK ] Gmres.RandomWellConditioned (0 ms)
[ RUN      ] Gmres.DiagonalPreconditioner
[       OK ] Gmres.DiagonalPreconditioner (0 ms)
[----------] 3 tests from Gmres (0 ms total)

[----------] 7 tests from Shooting
[ RUN      ] Shooting.RcSineSteadyState
[       OK ] Shooting.RcSineSteadyState (45 ms)
[ RUN      ] Shooting.DiodeRectifierRuns
[       OK ] Shooting.DiodeRectifierRuns (547 ms)
[ RUN      ] Shooting.Bsim4TransientSwitch
VA: 
RESET igcMod to 0

[       OK ] Shooting.Bsim4TransientSwitch (31 ms)
[ RUN      ] Shooting.Bsim4CommonSourceSine
VA: 
RESET igcMod to 0

[       OK ] Shooting.Bsim4CommonSourceSine (2162 ms)
[ RUN      ] Shooting.ShootingHarmonicsMatchLinear
[       OK ] Shooting.ShootingHarmonicsMatchLinear (44 ms)
[ RUN      ] Shooting.Bsim4CommonSourcePssConverges
VA: 
RESET igcMod to 0

[       OK ] Shooting.Bsim4CommonSourcePssConverges (35276 ms)
[ RUN      ] Shooting.Bsim4LcTank1GHz
VA: 
RESET igcMod to 0

[       OK ] Shooting.Bsim4LcTank1GHz (11883 ms)
[----------] 7 tests from Shooting (49991 ms total)

[----------] 8 tests from OsdiMatrix
[ RUN      ] OsdiMatrix.BsimsoiDcOpConverges
[       OK ] OsdiMatrix.BsimsoiDcOpConverges (2 ms)
[ RUN      ] OsdiMatrix.EkvHbNlCommonSource
[       OK ] OsdiMatrix.EkvHbNlCommonSource (3 ms)
[ RUN      ] OsdiMatrix.Bsim4soiHbNlCommonSource
[       OK ] OsdiMatrix.Bsim4soiHbNlCommonSource (5 ms)
[ RUN      ] OsdiMatrix.BsimcmgHbNlCommonSource
[       OK ] OsdiMatrix.BsimcmgHbNlCommonSource (14 ms)
[ RUN      ] OsdiMatrix.DiodeFullDcOpConverges
[       OK ] OsdiMatrix.DiodeFullDcOpConverges (1 ms)
[ RUN      ] OsdiMatrix.DiodeFullHbNlConverges
[       OK ] OsdiMatrix.DiodeFullHbNlConverges (2 ms)
[ RUN      ] OsdiMatrix.NmosShDcOpConverges
[       OK ] OsdiMatrix.NmosShDcOpConverges (1 ms)
[ RUN      ] OsdiMatrix.NmosShHbNlConverges
[       OK ] OsdiMatrix.NmosShHbNlConverges (1 ms)
[----------] 8 tests from OsdiMatrix (33 ms total)

[----------] 1 test from ConvergenceGrid
[ RUN      ] ConvergenceGrid.Bsim4CommonSource
VA: 
RESET igcMod to 0

VA: 
RESET igcMod to 0

VA: 
RESET igcMod to 0

VA: 
RESET igcMod to 0

VA: 
RESET igcMod to 0

VA: 
RESET igcMod to 0

VA: 
RESET igcMod to 0

VA: 
RESET igcMod to 0

VA: 
RESET igcMod to 0

VA: 
RESET igcMod to 0

VA: 
RESET igcMod to 0

VA: 
RESET igcMod to 0

VA: 
RESET igcMod to 0

VA: 
RESET igcMod to 0

VA: 
RESET igcMod to 0

VA: 
RESET igcMod to 0

VA: 
RESET igcMod to 0

VA: 
RESET igcMod to 0

VA: 
RESET igcMod to 0

VA: 
RESET igcMod to 0

VA: 
RESET igcMod to 0

VA: 
RESET igcMod to 0

VA: 
RESET igcMod to 0

VA: 
RESET igcMod to 0

VA: 
RESET igcMod to 0

VA: 
RESET igcMod to 0

VA: 
RESET igcMod to 0

VA: 
RESET igcMod to 0

VA: 
RESET igcMod to 0

VA: 
RESET igcMod to 0

VA: 
RESET igcMod to 0

VA: 
RESET igcMod to 0

VA: 
RESET igcMod to 0

VA: 
RESET igcMod to 0

VA: 
RESET igcMod to 0

VA: 
RESET igcMod to 0

VA: 
RESET igcMod to 0

VA: 
RESET igcMod to 0

VA: 
RESET igcMod to 0

VA: 
RESET igcMod to 0

VA: 
RESET igcMod to 0

VA: 
RESET igcMod to 0

VA: 
RESET igcMod to 0

VA: 
RESET igcMod to 0

VA: 
RESET igcMod to 0

VA: 
RESET igcMod to 0

VA: 
RESET igcMod to 0

VA: 
RESET igcMod to 0

VA: 
RESET igcMod to 0

VA: 
RESET igcMod to 0

VA: 
RESET igcMod to 0

VA: 
RESET igcMod to 0

VA: 
RESET igcMod to 0

VA: 
RESET igcMod to 0

VA: 
RESET igcMod to 0

VA: 
RESET igcMod to 0

VA: 
RESET igcMod to 0

VA: 
RESET igcMod to 0

VA: 
RESET igcMod to 0

VA: 
RESET igcMod to 0

VA: 
RESET igcMod to 0

VA: 
RESET igcMod to 0

VA: 
RESET igcMod to 0

VA: 
RESET igcMod to 0

VA: 
RESET igcMod to 0

VA: 
RESET igcMod to 0

VA: 
RESET igcMod to 0

VA: 
RESET igcMod to 0

VA: 
RESET igcMod to 0

VA: 
RESET igcMod to 0

VA: 
RESET igcMod to 0

VA: 
RESET igcMod to 0

VA: 
RESET igcMod to 0

VA: 
RESET igcMod to 0

VA: 
RESET igcMod to 0

VA: 
RESET igcMod to 0

VA: 
RESET igcMod to 0

VA: 
RESET igcMod to 0

VA: 
RESET igcMod to 0

VA: 
RESET igcMod to 0

VA: 
RESET igcMod to 0

VA: 
RESET igcMod to 0

VA: 
RESET igcMod to 0

VA: 
RESET igcMod to 0

VA: 
RESET igcMod to 0

VA: 
RESET igcMod to 0

VA: 
RESET igcMod to 0

VA: 
RESET igcMod to 0

VA: 
RESET igcMod to 0

VA: 
RESET igcMod to 0

VA: 
RESET igcMod to 0

VA: 
RESET igcMod to 0

VA: 
RESET igcMod to 0

VA: 
RESET igcMod to 0

VA: 
RESET igcMod to 0

VA: 
RESET igcMod to 0

VA: 
RESET igcMod to 0

VA: 
RESET igcMod to 0

VA: 
RESET igcMod to 0

VA: 
RESET igcMod to 0

VA: 
RESET igcMod to 0

VA: 
RESET igcMod to 0

VA: 
RESET igcMod to 0

VA: 
RESET igcMod to 0

VA: 
RESET igcMod to 0

VA: 
RESET igcMod to 0

VA: 
RESET igcMod to 0

VA: 
RESET igcMod to 0

VA: 
RESET igcMod to 0

VA: 
RESET igcMod to 0

VA: 
RESET igcMod to 0

VA: 
RESET igcMod to 0

VA: 
RESET igcMod to 0

VA: 
RESET igcMod to 0

VA: 
RESET igcMod to 0

VA: 
RESET igcMod to 0

VA: 
RESET igcMod to 0

VA: 
RESET igcMod to 0

VA: 
RESET igcMod to 0

VA: 
RESET igcMod to 0

VA: 
RESET igcMod to 0

VA: 
RESET igcMod to 0

VA: 
RESET igcMod to 0

VA: 
RESET igcMod to 0

VA: 
RESET igcMod to 0

VA: 
RESET igcMod to 0

VA: 
RESET igcMod to 0

VA: 
RESET igcMod to 0

VA: 
RESET igcMod to 0

VA: 
RESET igcMod to 0

VA: 
RESET igcMod to 0

VA: 
RESET igcMod to 0

VA: 
RESET igcMod to 0

VA: 
RESET igcMod to 0

VA: 
RESET igcMod to 0

VA: 
RESET igcMod to 0

VA: 
RESET igcMod to 0

VA: 
RESET igcMod to 0

VA: 
RESET igcMod to 0

VA: 
RESET igcMod to 0

VA: 
RESET igcMod to 0

VA: 
RESET igcMod to 0

VA: 
RESET igcMod to 0

VA: 
RESET igcMod to 0

VA: 
RESET igcMod to 0

VA: 
RESET igcMod to 0

VA: 
RESET igcMod to 0

VA: 
RESET igcMod to 0

VA: 
RESET igcMod to 0

VA: 
RESET igcMod to 0

VA: 
RESET igcMod to 0

VA: 
RESET igcMod to 0

VA: 
RESET igcMod to 0

VA: 
RESET igcMod to 0

VA: 
RESET igcMod to 0

VA: 
RESET igcMod to 0

VA: 
RESET igcMod to 0

VA: 
RESET igcMod to 0

VA: 
RESET igcMod to 0

VA: 
RESET igcMod to 0

VA: 
RESET igcMod to 0

VA: 
RESET igcMod to 0

VA: 
RESET igcMod to 0

VA: 
RESET igcMod to 0

VA: 
RESET igcMod to 0

VA: 
RESET igcMod to 0

VA: 
RESET igcMod to 0

VA: 
RESET igcMod to 0

VA: 
RESET igcMod to 0

VA: 
RESET igcMod to 0

VA: 
RESET igcMod to 0

VA: 
RESET igcMod to 0

VA: 
RESET igcMod to 0

VA: 
RESET igcMod to 0

VA: 
RESET igcMod to 0

VA: 
RESET igcMod to 0

VA: 
RESET igcMod to 0

VA: 
RESET igcMod to 0

VA: 
RESET igcMod to 0

VA: 
RESET igcMod to 0

VA: 
RESET igcMod to 0

VA: 
RESET igcMod to 0

VA: 
RESET igcMod to 0

VA: 
RESET igcMod to 0

VA: 
RESET igcMod to 0

VA: 
RESET igcMod to 0

VA: 
RESET igcMod to 0

VA: 
RESET igcMod to 0

VA: 
RESET igcMod to 0

VA: 
RESET igcMod to 0

VA: 
RESET igcMod to 0

VA: 
RESET igcMod to 0

VA: 
RESET igcMod to 0

VA: 
RESET igcMod to 0

VA: 
RESET igcMod to 0

VA: 
RESET igcMod to 0

VA: 
RESET igcMod to 0

VA: 
RESET igcMod to 0

VA: 
RESET igcMod to 0

VA: 
RESET igcMod to 0

VA: 
RESET igcMod to 0

VA: 
RESET igcMod to 0

VA: 
RESET igcMod to 0

VA: 
RESET igcMod to 0

VA: 
RESET igcMod to 0

VA: 
RESET igcMod to 0

VA: 
RESET igcMod to 0

VA: 
RESET igcMod to 0

VA: 
RESET igcMod to 0

VA: 
RESET igcMod to 0

VA: 
RESET igcMod to 0

VA: 
RESET igcMod to 0

VA: 
RESET igcMod to 0

VA: 
RESET igcMod to 0

VA: 
RESET igcMod to 0

VA: 
RESET igcMod to 0

VA: 
RESET igcMod to 0

VA: 
RESET igcMod to 0

VA: 
RESET igcMod to 0

VA: 
RESET igcMod to 0

VA: 
RESET igcMod to 0

VA: 
RESET igcMod to 0

VA: 
RESET igcMod to 0

VA: 
RESET igcMod to 0

VA: 
RESET igcMod to 0

VA: 
RESET igcMod to 0

VA: 
RESET igcMod to 0

VA: 
RESET igcMod to 0

VA: 
RESET igcMod to 0

VA: 
RESET igcMod to 0

VA: 
RESET igcMod to 0

VA: 
RESET igcMod to 0

VA: 
RESET igcMod to 0

VA: 
RESET igcMod to 0

VA: 
RESET igcMod to 0

VA: 
RESET igcMod to 0

VA: 
RESET igcMod to 0

VA: 
RESET igcMod to 0

VA: 
RESET igcMod to 0

VA: 
RESET igcMod to 0

VA: 
RESET igcMod to 0

VA: 
RESET igcMod to 0

VA: 
RESET igcMod to 0

VA: 
RESET igcMod to 0

VA: 
RESET igcMod to 0

VA: 
RESET igcMod to 0

VA: 
RESET igcMod to 0

VA: 
RESET igcMod to 0

VA: 
RESET igcMod to 0

VA: 
RESET igcMod to 0

VA: 
RESET igcMod to 0

VA: 
RESET igcMod to 0

VA: 
RESET igcMod to 0

VA: 
RESET igcMod to 0

VA: 
RESET igcMod to 0

VA: 
RESET igcMod to 0

VA: 
RESET igcMod to 0

VA: 
RESET igcMod to 0

VA: 
RESET igcMod to 0

VA: 
RESET igcMod to 0

VA: 
RESET igcMod to 0

VA: 
RESET igcMod to 0

VA: 
RESET igcMod to 0

VA: 
RESET igcMod to 0

VA: 
RESET igcMod to 0

VA: 
RESET igcMod to 0

VA: 
RESET igcMod to 0

VA: 
RESET igcMod to 0

VA: 
RESET igcMod to 0

VA: 
RESET igcMod to 0

VA: 
RESET igcMod to 0

VA: 
RESET igcMod to 0

VA: 
RESET igcMod to 0

VA: 
RESET igcMod to 0

VA: 
RESET igcMod to 0

VA: 
RESET igcMod to 0

VA: 
RESET igcMod to 0

VA: 
RESET igcMod to 0

VA: 
RESET igcMod to 0

VA: 
RESET igcMod to 0

VA: 
RESET igcMod to 0

VA: 
RESET igcMod to 0

VA: 
RESET igcMod to 0

VA: 
RESET igcMod to 0

VA: 
RESET igcMod to 0

VA: 
RESET igcMod to 0

VA: 
RESET igcMod to 0

VA: 
RESET igcMod to 0

VA: 
RESET igcMod to 0

VA: 
RESET igcMod to 0

VA: 
RESET igcMod to 0

VA: 
RESET igcMod to 0

VA: 
RESET igcMod to 0

VA: 
RESET igcMod to 0

VA: 
RESET igcMod to 0

VA: 
RESET igcMod to 0

VA: 
RESET igcMod to 0

VA: 
RESET igcMod to 0

VA: 
RESET igcMod to 0

VA: 
RESET igcMod to 0

VA: 
RESET igcMod to 0

VA: 
RESET igcMod to 0

VA: 
RESET igcMod to 0

VA: 
RESET igcMod to 0

VA: 
RESET igcMod to 0

VA: 
RESET igcMod to 0

VA: 
RESET igcMod to 0

VA: 
RESET igcMod to 0

VA: 
RESET igcMod to 0

VA: 
RESET igcMod to 0

VA: 
RESET igcMod to 0

VA: 
RESET igcMod to 0

VA: 
RESET igcMod to 0

VA: 
RESET igcMod to 0

VA: 
RESET igcMod to 0

VA: 
RESET igcMod to 0

VA: 
RESET igcMod to 0

VA: 
RESET igcMod to 0

VA: 
RESET igcMod to 0

VA: 
RESET igcMod to 0

VA: 
RESET igcMod to 0

VA: 
RESET igcMod to 0

VA: 
RESET igcMod to 0

VA: 
RESET igcMod to 0

VA: 
RESET igcMod to 0

VA: 
RESET igcMod to 0

VA: 
RESET igcMod to 0

VA: 
RESET igcMod to 0

VA: 
RESET igcMod to 0

VA: 
RESET igcMod to 0

VA: 
RESET igcMod to 0

VA: 
RESET igcMod to 0

VA: 
RESET igcMod to 0

VA: 
RESET igcMod to 0

VA: 
RESET igcMod to 0

VA: 
RESET igcMod to 0

VA: 
RESET igcMod to 0

VA: 
RESET igcMod to 0

VA: 
RESET igcMod to 0

VA: 
RESET igcMod to 0

VA: 
RESET igcMod to 0

VA: 
RESET igcMod to 0

VA: 
RESET igcMod to 0

VA: 
RESET igcMod to 0

VA: 
RESET igcMod to 0

VA: 
RESET igcMod to 0

VA: 
RESET igcMod to 0

VA: 
RESET igcMod to 0

VA: 
RESET igcMod to 0

VA: 
RESET igcMod to 0

VA: 
RESET igcMod to 0

VA: 
RESET igcMod to 0

VA: 
RESET igcMod to 0

VA: 
RESET igcMod to 0

VA: 
RESET igcMod to 0

VA: 
RESET igcMod to 0

VA: 
RESET igcMod to 0

VA: 
RESET igcMod to 0

VA: 
RESET igcMod to 0

VA: 
RESET igcMod to 0

VA: 
RESET igcMod to 0

VA: 
RESET igcMod to 0

VA: 
RESET igcMod to 0

VA: 
RESET igcMod to 0

VA: 
RESET igcMod to 0

VA: 
RESET igcMod to 0

VA: 
RESET igcMod to 0

VA: 
RESET igcMod to 0

VA: 
RESET igcMod to 0

VA: 
RESET igcMod to 0

VA: 
RESET igcMod to 0

VA: 
RESET igcMod to 0

VA: 
RESET igcMod to 0

VA: 
RESET igcMod to 0

VA: 
RESET igcMod to 0

VA: 
RESET igcMod to 0

VA: 
RESET igcMod to 0

VA: 
RESET igcMod to 0

VA: 
RESET igcMod to 0

VA: 
RESET igcMod to 0

VA: 
RESET igcMod to 0

VA: 
RESET igcMod to 0

VA: 
RESET igcMod to 0

VA: 
RESET igcMod to 0

VA: 
RESET igcMod to 0

VA: 
RESET igcMod to 0

VA: 
RESET igcMod to 0

VA: 
RESET igcMod to 0

VA: 
RESET igcMod to 0

VA: 
RESET igcMod to 0

VA: 
RESET igcMod to 0

VA: 
RESET igcMod to 0

VA: 
RESET igcMod to 0

VA: 
RESET igcMod to 0

VA: 
RESET igcMod to 0

VA: 
RESET igcMod to 0

VA: 
RESET igcMod to 0

VA: 
RESET igcMod to 0

VA: 
RESET igcMod to 0

VA: 
RESET igcMod to 0

VA: 
RESET igcMod to 0

VA: 
RESET igcMod to 0

VA: 
RESET igcMod to 0

VA: 
RESET igcMod to 0

VA: 
RESET igcMod to 0

VA: 
RESET igcMod to 0

VA: 
RESET igcMod to 0

VA: 
RESET igcMod to 0

VA: 
RESET igcMod to 0

VA: 
RESET igcMod to 0

VA: 
RESET igcMod to 0

VA: 
RESET igcMod to 0

VA: 
RESET igcMod to 0

VA: 
RESET igcMod to 0

VA: 
RESET igcMod to 0

VA: 
RESET igcMod to 0

VA: 
RESET igcMod to 0

VA: 
RESET igcMod to 0

VA: 
RESET igcMod to 0

VA: 
RESET igcMod to 0

VA: 
RESET igcMod to 0

VA: 
RESET igcMod to 0

VA: 
RESET igcMod to 0

VA: 
RESET igcMod to 0

VA: 
RESET igcMod to 0

VA: 
RESET igcMod to 0

VA: 
RESET igcMod to 0

VA: 
RESET igcMod to 0

VA: 
RESET igcMod to 0

VA: 
RESET igcMod to 0

VA: 
RESET igcMod to 0

VA: 
RESET igcMod to 0

VA: 
RESET igcMod to 0

VA: 
RESET igcMod to 0

VA: 
RESET igcMod to 0

VA: 
RESET igcMod to 0

VA: 
RESET igcMod to 0

VA: 
RESET igcMod to 0

VA: 
RESET igcMod to 0

VA: 
RESET igcMod to 0

VA: 
RESET igcMod to 0

VA: 
RESET igcMod to 0

VA: 
RESET igcMod to 0

VA: 
RESET igcMod to 0

VA: 
RESET igcMod to 0

VA: 
RESET igcMod to 0

VA: 
RESET igcMod to 0

VA: 
RESET igcMod to 0

VA: 
RESET igcMod to 0

VA: 
RESET igcMod to 0

VA: 
RESET igcMod to 0

VA: 
RESET igcMod to 0

VA: 
RESET igcMod to 0

VA: 
RESET igcMod to 0

VA: 
RESET igcMod to 0

VA: 
RESET igcMod to 0

VA: 
RESET igcMod to 0

VA: 
RESET igcMod to 0

VA: 
RESET igcMod to 0

VA: 
RESET igcMod to 0

VA: 
RESET igcMod to 0

VA: 
RESET igcMod to 0

VA: 
RESET igcMod to 0

VA: 
RESET igcMod to 0

VA: 
RESET igcMod to 0

VA: 
RESET igcMod to 0

VA: 
RESET igcMod to 0

VA: 
RESET igcMod to 0

VA: 
RESET igcMod to 0

VA: 
RESET igcMod to 0

VA: 
RESET igcMod to 0

VA: 
RESET igcMod to 0

VA: 
RESET igcMod to 0

VA: 
RESET igcMod to 0

VA: 
RESET igcMod to 0

VA: 
RESET igcMod to 0

VA: 
RESET igcMod to 0

VA: 
RESET igcMod to 0

VA: 
RESET igcMod to 0

VA: 
RESET igcMod to 0

VA: 
RESET igcMod to 0

VA: 
RESET igcMod to 0

VA: 
RESET igcMod to 0

VA: 
RESET igcMod to 0

VA: 
RESET igcMod to 0

VA: 
RESET igcMod to 0

VA: 
RESET igcMod to 0

VA: 
RESET igcMod to 0

VA: 
RESET igcMod to 0

VA: 
RESET igcMod to 0

VA: 
RESET igcMod to 0

VA: 
RESET igcMod to 0

VA: 
RESET igcMod to 0

VA: 
RESET igcMod to 0

VA: 
RESET igcMod to 0

VA: 
RESET igcMod to 0

VA: 
RESET igcMod to 0

VA: 
RESET igcMod to 0

VA: 
RESET igcMod to 0

VA: 
RESET igcMod to 0

VA: 
RESET igcMod to 0

VA: 
RESET igcMod to 0

VA: 
RESET igcMod to 0

VA: 
RESET igcMod to 0

VA: 
RESET igcMod to 0

VA: 
RESET igcMod to 0

VA: 
RESET igcMod to 0

VA: 
RESET igcMod to 0

VA: 
RESET igcMod to 0

VA: 
RESET igcMod to 0

VA: 
RESET igcMod to 0

VA: 
RESET igcMod to 0

VA: 
RESET igcMod to 0

VA: 
RESET igcMod to 0

VA: 
RESET igcMod to 0

VA: 
RESET igcMod to 0

VA: 
RESET igcMod to 0

VA: 
RESET igcMod to 0

VA: 
RESET igcMod to 0

VA: 
RESET igcMod to 0

VA: 
RESET igcMod to 0

VA: 
RESET igcMod to 0

VA: 
RESET igcMod to 0

VA: 
RESET igcMod to 0

VA: 
RESET igcMod to 0

VA: 
RESET igcMod to 0

VA: 
RESET igcMod to 0

VA: 
RESET igcMod to 0

VA: 
RESET igcMod to 0

VA: 
RESET igcMod to 0

VA: 
RESET igcMod to 0

VA: 
RESET igcMod to 0

VA: 
RESET igcMod to 0

VA: 
RESET igcMod to 0

VA: 
RESET igcMod to 0

VA: 
RESET igcMod to 0

VA: 
RESET igcMod to 0

VA: 
RESET igcMod to 0

VA: 
RESET igcMod to 0

VA: 
RESET igcMod to 0

VA: 
RESET igcMod to 0

VA: 
RESET igcMod to 0

VA: 
RESET igcMod to 0

VA: 
RESET igcMod to 0

VA: 
RESET igcMod to 0

VA: 
RESET igcMod to 0

VA: 
RESET igcMod to 0

VA: 
RESET igcMod to 0

VA: 
RESET igcMod to 0

VA: 
RESET igcMod to 0

VA: 
RESET igcMod to 0

VA: 
RESET igcMod to 0

VA: 
RESET igcMod to 0

VA: 
RESET igcMod to 0

VA: 
RESET igcMod to 0

VA: 
RESET igcMod to 0

VA: 
RESET igcMod to 0

VA: 
RESET igcMod to 0

VA: 
RESET igcMod to 0

VA: 
RESET igcMod to 0

VA: 
RESET igcMod to 0

VA: 
RESET igcMod to 0

VA: 
RESET igcMod to 0

VA: 
RESET igcMod to 0

VA: 
RESET igcMod to 0

VA: 
RESET igcMod to 0

VA: 
RESET igcMod to 0

VA: 
RESET igcMod to 0

VA: 
RESET igcMod to 0

VA: 
RESET igcMod to 0

VA: 
RESET igcMod to 0

VA: 
RESET igcMod to 0

VA: 
RESET igcMod to 0

VA: 
RESET igcMod to 0

VA: 
RESET igcMod to 0

VA: 
RESET igcMod to 0

VA: 
RESET igcMod to 0

VA: 
RESET igcMod to 0

VA: 
RESET igcMod to 0

VA: 
RESET igcMod to 0

VA: 
RESET igcMod to 0

VA: 
RESET igcMod to 0

VA: 
RESET igcMod to 0

VA: 
RESET igcMod to 0

VA: 
RESET igcMod to 0

VA: 
RESET igcMod to 0

VA: 
RESET igcMod to 0

VA: 
RESET igcMod to 0

VA: 
RESET igcMod to 0

VA: 
RESET igcMod to 0

VA: 
RESET igcMod to 0

VA: 
RESET igcMod to 0

VA: 
RESET igcMod to 0

VA: 
RESET igcMod to 0

VA: 
RESET igcMod to 0

VA: 
RESET igcMod to 0

VA: 
RESET igcMod to 0

VA: 
RESET igcMod to 0

VA: 
RESET igcMod to 0

VA: 
RESET igcMod to 0

VA: 
RESET igcMod to 0

VA: 
RESET igcMod to 0

VA: 
RESET igcMod to 0

VA: 
RESET igcMod to 0

VA: 
RESET igcMod to 0

VA: 
RESET igcMod to 0

VA: 
RESET igcMod to 0

VA: 
RESET igcMod to 0

VA: 
RESET igcMod to 0

VA: 
RESET igcMod to 0

VA: 
RESET igcMod to 0

VA: 
RESET igcMod to 0

VA: 
RESET igcMod to 0

VA: 
RESET igcMod to 0

VA: 
RESET igcMod to 0

VA: 
RESET igcMod to 0

VA: 
RESET igcMod to 0

VA: 
RESET igcMod to 0

VA: 
RESET igcMod to 0

VA: 
RESET igcMod to 0

VA: 
RESET igcMod to 0

VA: 
RESET igcMod to 0

VA: 
RESET igcMod to 0

VA: 
RESET igcMod to 0

VA: 
RESET igcMod to 0

VA: 
RESET igcMod to 0

VA: 
RESET igcMod to 0

VA: 
RESET igcMod to 0

VA: 
RESET igcMod to 0

VA: 
RESET igcMod to 0

VA: 
RESET igcMod to 0

VA: 
RESET igcMod to 0

VA: 
RESET igcMod to 0

VA: 
RESET igcMod to 0

VA: 
RESET igcMod to 0

VA: 
RESET igcMod to 0

VA: 
RESET igcMod to 0

VA: 
RESET igcMod to 0

VA: 
RESET igcMod to 0

VA: 
RESET igcMod to 0

VA: 
RESET igcMod to 0

VA: 
RESET igcMod to 0

VA: 
RESET igcMod to 0

VA: 
RESET igcMod to 0

VA: 
RESET igcMod to 0

VA: 
RESET igcMod to 0

VA: 
RESET igcMod to 0

VA: 
RESET igcMod to 0

VA: 
RESET igcMod to 0

VA: 
RESET igcMod to 0

VA: 
RESET igcMod to 0

VA: 
RESET igcMod to 0

VA: 
RESET igcMod to 0

VA: 
RESET igcMod to 0

VA: 
RESET igcMod to 0

VA: 
RESET igcMod to 0

VA: 
RESET igcMod to 0

VA: 
RESET igcMod to 0

VA: 
RESET igcMod to 0

VA: 
RESET igcMod to 0

VA: 
RESET igcMod to 0

VA: 
RESET igcMod to 0

VA: 
RESET igcMod to 0

VA: 
RESET igcMod to 0

VA: 
RESET igcMod to 0

VA: 
RESET igcMod to 0

VA: 
RESET igcMod to 0

VA: 
RESET igcMod to 0

VA: 
RESET igcMod to 0

VA: 
RESET igcMod to 0

VA: 
RESET igcMod to 0

VA: 
RESET igcMod to 0

VA: 
RESET igcMod to 0

VA: 
RESET igcMod to 0

VA: 
RESET igcMod to 0

VA: 
RESET igcMod to 0

VA: 
RESET igcMod to 0

VA: 
RESET igcMod to 0

VA: 
RESET igcMod to 0

VA: 
RESET igcMod to 0

VA: 
RESET igcMod to 0

VA: 
RESET igcMod to 0

VA: 
RESET igcMod to 0

VA: 
RESET igcMod to 0

VA: 
RESET igcMod to 0

VA: 
RESET igcMod to 0

VA: 
RESET igcMod to 0

VA: 
RESET igcMod to 0

VA: 
RESET igcMod to 0

VA: 
RESET igcMod to 0

VA: 
RESET igcMod to 0

VA: 
RESET igcMod to 0

VA: 
RESET igcMod to 0

VA: 
RESET igcMod to 0

VA: 
RESET igcMod to 0

VA: 
RESET igcMod to 0

VA: 
RESET igcMod to 0

VA: 
RESET igcMod to 0

VA: 
RESET igcMod to 0

VA: 
RESET igcMod to 0

VA: 
RESET igcMod to 0

VA: 
RESET igcMod to 0

VA: 
RESET igcMod to 0

VA: 
RESET igcMod to 0

VA: 
RESET igcMod to 0

VA: 
RESET igcMod to 0

VA: 
RESET igcMod to 0

VA: 
RESET igcMod to 0

VA: 
RESET igcMod to 0

VA: 
RESET igcMod to 0

VA: 
RESET igcMod to 0

VA: 
RESET igcMod to 0

VA: 
RESET igcMod to 0

VA: 
RESET igcMod to 0

VA: 
RESET igcMod to 0

VA: 
RESET igcMod to 0

VA: 
RESET igcMod to 0

VA: 
RESET igcMod to 0

VA: 
RESET igcMod to 0

VA: 
RESET igcMod to 0

VA: 
RESET igcMod to 0

VA: 
RESET igcMod to 0

VA: 
RESET igcMod to 0

VA: 
RESET igcMod to 0

VA: 
RESET igcMod to 0

VA: 
RESET igcMod to 0

VA: 
RESET igcMod to 0

VA: 
RESET igcMod to 0

VA: 
RESET igcMod to 0

VA: 
RESET igcMod to 0

VA: 
RESET igcMod to 0

VA: 
RESET igcMod to 0

VA: 
RESET igcMod to 0

VA: 
RESET igcMod to 0

VA: 
RESET igcMod to 0

VA: 
RESET igcMod to 0

VA: 
RESET igcMod to 0

VA: 
RESET igcMod to 0

VA: 
RESET igcMod to 0

VA: 
RESET igcMod to 0

VA: 
RESET igcMod to 0

VA: 
RESET igcMod to 0

VA: 
RESET igcMod to 0

VA: 
RESET igcMod to 0

VA: 
RESET igcMod to 0

VA: 
RESET igcMod to 0

VA: 
RESET igcMod to 0

VA: 
RESET igcMod to 0

VA: 
RESET igcMod to 0

VA: 
RESET igcMod to 0

VA: 
RESET igcMod to 0

VA: 
RESET igcMod to 0

VA: 
RESET igcMod to 0

VA: 
RESET igcMod to 0

VA: 
RESET igcMod to 0

VA: 
RESET igcMod to 0

VA: 
RESET igcMod to 0

VA: 
RESET igcMod to 0

VA: 
RESET igcMod to 0

VA: 
RESET igcMod to 0

VA: 
RESET igcMod to 0

VA: 
RESET igcMod to 0

VA: 
RESET igcMod to 0

VA: 
RESET igcMod to 0

VA: 
RESET igcMod to 0

VA: 
RESET igcMod to 0

VA: 
RESET igcMod to 0

VA: 
RESET igcMod to 0

VA: 
RESET igcMod to 0

VA: 
RESET igcMod to 0

VA: 
RESET igcMod to 0

VA: 
RESET igcMod to 0

VA: 
RESET igcMod to 0

VA: 
RESET igcMod to 0

VA: 
RESET igcMod to 0

VA: 
RESET igcMod to 0

VA: 
RESET igcMod to 0

VA: 
RESET igcMod to 0

VA: 
RESET igcMod to 0

VA: 
RESET igcMod to 0

[ConvergenceGrid] bsim4: 390 points; DC=99.2% (weak=100.0%), HB=97.7% (weak=95.7%)
[       OK ] ConvergenceGrid.Bsim4CommonSource (13808 ms)
[----------] 1 test from ConvergenceGrid (13808 ms total)

[----------] 18 tests from MultiDevice
[ RUN      ] MultiDevice.CascodeAmp
VA: 
RESET igcMod to 0

VA: 
RESET igcMod to 0

VA: 
RESET igcMod to 0

VA: 
RESET igcMod to 0

[MultiDevice.CascodeAmp] dcOK=1 hbOK=0 outDC=0.853V |Vout(f0)|=2.256
[       OK ] MultiDevice.CascodeAmp (251 ms)
[ RUN      ] MultiDevice.CurrentMirror
VA: 
RESET igcMod to 0

VA: 
RESET igcMod to 0

VA: 
RESET igcMod to 0

VA: 
RESET igcMod to 0

VA: 
RESET igcMod to 0

VA: 
RESET igcMod to 0

VA: 
RESET igcMod to 0

VA: 
RESET igcMod to 0

VA: 
RESET igcMod to 0

VA: 
RESET igcMod to 0

[MultiDevice.CurrentMirror] dcOK=1 hbOK=0 V(node3)=0.660V |H1|=0.05095
[       OK ] MultiDevice.CurrentMirror (1369 ms)
[ RUN      ] MultiDevice.DiffPair
VA: 
RESET igcMod to 0

VA: 
RESET igcMod to 0

VA: 
RESET igcMod to 0

[MultiDevice.DiffPair] dcOK=1 hbOK=0 V(d+)=1.082V |H1|=1.88
[       OK ] MultiDevice.DiffPair (163 ms)
[ RUN      ] MultiDevice.InverterChain
VA: 
RESET igcMod to 0

VA: 
RESET igcMod to 0

VA: 
RESET igcMod to 0

VA: 
RESET igcMod to 0

VA: 
RESET igcMod to 0

[MultiDevice.InverterChain] dcOK=1 shootOK=1 V(out)=0.305V |H1|=0
[       OK ] MultiDevice.InverterChain (40194 ms)
[ RUN      ] MultiDevice.EightFingerBalanced
VA: 
RESET igcMod to 0

VA: 
RESET igcMod to 0

VA: 
RESET igcMod to 0

VA: 
RESET igcMod to 0

VA: 
RESET igcMod to 0

VA: 
RESET igcMod to 0

VA: 
RESET igcMod to 0

VA: 
RESET igcMod to 0

[8FingerBalanced.diag] V_drain[0..7] = 0.537354 0.537354 0.537354 0.537354 0.537354 0.537354 0.537354 0.537354
[MultiDevice.EightFingerBalanced] V_drain=0.537354 V  Id≈4.626e-05 A/finger  max|ΔV|=0.00e+00 V
[       OK ] MultiDevice.EightFingerBalanced (57 ms)
[ RUN      ] MultiDevice.C3bis_TwoFingerBalanced
G:\vibe-codeing\simulator\tests\test_multi_device.cpp(753): Skipped
C3-bis diagnostic; set RFSIM_FORCE_C3BIS=1

[  SKIPPED ] MultiDevice.C3bis_TwoFingerBalanced (0 ms)
[ RUN      ] MultiDevice.C3bis_ThreeFingerForward
G:\vibe-codeing\simulator\tests\test_multi_device.cpp(760): Skipped
C3-bis diagnostic; set RFSIM_FORCE_C3BIS=1

[  SKIPPED ] MultiDevice.C3bis_ThreeFingerForward (0 ms)
[ RUN      ] MultiDevice.C3bis_ThreeFingerReversed
G:\vibe-codeing\simulator\tests\test_multi_device.cpp(767): Skipped
C3-bis diagnostic; set RFSIM_FORCE_C3BIS=1

[  SKIPPED ] MultiDevice.C3bis_ThreeFingerReversed (0 ms)
[ RUN      ] MultiDevice.C3bis_ThreeFingerReverseDrains
G:\vibe-codeing\simulator\tests\test_multi_device.cpp(779): Skipped
C3-bis diagnostic; set RFSIM_FORCE_C3BIS=1

[  SKIPPED ] MultiDevice.C3bis_ThreeFingerReverseDrains (0 ms)
[ RUN      ] MultiDevice.C3bis_ThreeFingerSkipDrain
G:\vibe-codeing\simulator\tests\test_multi_device.cpp(787): Skipped
C3-bis diagnostic; set RFSIM_FORCE_C3BIS=1

[  SKIPPED ] MultiDevice.C3bis_ThreeFingerSkipDrain (0 ms)
[ RUN      ] MultiDevice.C3bis_ThreeFingerSkipMaxFirst
G:\vibe-codeing\simulator\tests\test_multi_device.cpp(795): Skipped
C3-bis diagnostic; set RFSIM_FORCE_C3BIS=1

[  SKIPPED ] MultiDevice.C3bis_ThreeFingerSkipMaxFirst (0 ms)
[ RUN      ] MultiDevice.C3bis_ThreeFinger234_baseFar
G:\vibe-codeing\simulator\tests\test_multi_device.cpp(806): Skipped
C3-bis diagnostic; set RFSIM_FORCE_C3BIS=1

[  SKIPPED ] MultiDevice.C3bis_ThreeFinger234_baseFar (0 ms)
[ RUN      ] MultiDevice.C3bis_FourFinger2345
G:\vibe-codeing\simulator\tests\test_multi_device.cpp(817): Skipped
C3-bis diagnostic; set RFSIM_FORCE_C3BIS=1

[  SKIPPED ] MultiDevice.C3bis_FourFinger2345 (0 ms)
[ RUN      ] MultiDevice.C3bis_ThreeFinger345
G:\vibe-codeing\simulator\tests\test_multi_device.cpp(825): Skipped
C3-bis diagnostic; set RFSIM_FORCE_C3BIS=1

[  SKIPPED ] MultiDevice.C3bis_ThreeFinger345 (0 ms)
[ RUN      ] MultiDevice.C3bis_ThreeFinger346
G:\vibe-codeing\simulator\tests\test_multi_device.cpp(834): Skipped
C3-bis diagnostic; set RFSIM_FORCE_C3BIS=1

[  SKIPPED ] MultiDevice.C3bis_ThreeFinger346 (0 ms)
[ RUN      ] MultiDevice.C3bis_ThreeFinger354_4last
G:\vibe-codeing\simulator\tests\test_multi_device.cpp(842): Skipped
C3-bis diagnostic; set RFSIM_FORCE_C3BIS=1

[  SKIPPED ] MultiDevice.C3bis_ThreeFinger354_4last (0 ms)
[ RUN      ] MultiDevice.C3bis_ThreeFinger678
G:\vibe-codeing\simulator\tests\test_multi_device.cpp(850): Skipped
C3-bis diagnostic; set RFSIM_FORCE_C3BIS=1

[  SKIPPED ] MultiDevice.C3bis_ThreeFinger678 (0 ms)
[ RUN      ] MultiDevice.C3bis_LinearOnly_n345
G:\vibe-codeing\simulator\tests\test_multi_device.cpp(860): Skipped
C3-bis diagnostic; set RFSIM_FORCE_C3BIS=1

[  SKIPPED ] MultiDevice.C3bis_LinearOnly_n345 (0 ms)
[----------] 18 tests from MultiDevice (42042 ms total)

[----------] 4 tests from EdgeCase
[ RUN      ] EdgeCase.HugeResistor_1TOhm
[EdgeCase.HugeResistor_1TOhm] V[1]=1.000000e+00 (expected 1.0)
[       OK ] EdgeCase.HugeResistor_1TOhm (0 ms)
[ RUN      ] EdgeCase.TinyResistor_1pOhm
[EdgeCase.TinyResistor_1pOhm] conv=1 V[1]=1.000000e+00 V[2]=1.000000e+00
[       OK ] EdgeCase.TinyResistor_1pOhm (0 ms)
[ RUN      ] EdgeCase.FloatingBsim4Body
VA: 
RESET igcMod to 0

[EdgeCase.FloatingBsim4Body] conv=1 V[drain]=1.000V V[body]=9.970e-04 V
[       OK ] EdgeCase.FloatingBsim4Body (15 ms)
[ RUN      ] EdgeCase.ReverseBiasDiode
[EdgeCase.ReverseBiasDiode] conv=1 V[anode]=-5.000000e-01 V (vs=-0.5V)
[       OK ] EdgeCase.ReverseBiasDiode (0 ms)
[----------] 4 tests from EdgeCase (16 ms total)

[----------] 1 test from GminFloor
[ RUN      ] GminFloor.CurrentMirrorHostileHomotopy
VA: 
RESET igcMod to 0

VA: 
RESET igcMod to 0

[GminFloor.CurrentMirrorHostileHomotopy] conv=1 iters=205 floorInner=1 floorOuter=1 V[g]=0.2310 V[o]=0.2310
[       OK ] GminFloor.CurrentMirrorHostileHomotopy (72 ms)
[----------] 1 test from GminFloor (72 ms total)

[----------] 2 tests from LargeScale
[ RUN      ] LargeScale.RcLadder20Lowpass
[LargeScale.RcLadder20] f=1.000e+00 Hz |H_sim|=9.999994e-01 |H_ref|=9.999994e-01 relErr=3.66e-15
[LargeScale.RcLadder20] f=1.000e+03 Hz |H_sim|=6.768064e-01 |H_ref|=6.768064e-01 relErr=1.91e-15
[LargeScale.RcLadder20] f=1.000e+04 Hz |H_sim|=5.233151e-02 |H_ref|=5.233151e-02 relErr=1.26e-15
[LargeScale.RcLadder20] f=1.000e+05 Hz |H_sim|=1.559146e-05 |H_ref|=1.559146e-05 relErr=6.92e-16
[LargeScale.RcLadder20] f=1.000e+06 Hz |H_sim|=3.013426e-17 |H_ref|=3.013426e-17 relErr=2.54e-20
[LargeScale.RcLadder20] N=20 nodes=21 wall=0.09 ms worstRelErr=3.66e-15
[       OK ] LargeScale.RcLadder20Lowpass (0 ms)
[ RUN      ] LargeScale.RcLadder500Lowpass
[LargeScale.RcLadder500] f=1.000e+00 Hz |H_sim|=8.405679e-01 |H_ref|=8.405679e-01 relErr=6.01e-14
[LargeScale.RcLadder500] f=1.000e+03 Hz |H_sim|=1.301931e-12 |H_ref|=1.301931e-12 relErr=7.78e-14
[LargeScale.RcLadder500] f=1.000e+04 Hz |H_sim|=4.721485e-39 |H_ref|<1e-12 (stop-band, finiteness-only)
[LargeScale.RcLadder500] f=1.000e+05 Hz |H_sim|=3.354422e-125 |H_ref|<1e-12 (stop-band, finiteness-only)
[LargeScale.RcLadder500] f=1.000e+06 Hz |H_sim|=0.000000e+00 |H_ref|<1e-12 (stop-band, finiteness-only)
[LargeScale.RcLadder500] N=500 nodes=501 devices=1001 wall=330.8 ms probed=2 worstRelErr=7.78e-14
[       OK ] LargeScale.RcLadder500Lowpass (331 ms)
[----------] 2 tests from LargeScale (331 ms total)

[----------] 2 tests from LargeScaleBsim4
[ RUN      ] LargeScaleBsim4.CascodeChain5
VA: 
RESET igcMod to 0

VA: 
RESET igcMod to 0

[LargeScale.CascodeChain5] DC nodes=29 iters=43 wall=2.4 ms V[top]=0.837 n3=0.837
[LargeScale.CascodeChain5] HB conv=1 wall=76.8 ms |V_top(f0)|=1.319e-07
[       OK ] LargeScaleBsim4.CascodeChain5 (96 ms)
[ RUN      ] LargeScaleBsim4.SelfBiasedCascodeStack5
VA: 
RESET igcMod to 0

VA: 
RESET igcMod to 0

VA: 
RESET igcMod to 0

VA: 
RESET igcMod to 0

VA: 
RESET igcMod to 0

[LargeScale.SelfBiasedStack5] DC iters=325 wall=48.5 ms v[1..6]=3.300 0.072 0.000 0.000 -0.000 0.000 Iref=6.455e-05 A
[       OK ] LargeScaleBsim4.SelfBiasedCascodeStack5 (80 ms)
[----------] 2 tests from LargeScaleBsim4 (177 ms total)

[----------] 7 tests from LargeCircuitLinear
[ RUN      ] LargeCircuitLinear.ResistorMesh20x20_DC
[L1.smoke] mesh 20x20 nodes=400 devs=781 wall=6.2 ms vWest=1.0000 vEast=0.0242 monoViol=0.00e+00 symDiff=7.57e-01
[       OK ] LargeCircuitLinear.ResistorMesh20x20_DC (6 ms)
[ RUN      ] LargeCircuitLinear.ResistorMesh50x50_DC_HEAVY
G:\vibe-codeing\simulator\tests\test_large_circuit.cpp(415): Skipped
HEAVY gated (set RFSIM_FORCE_HEAVY=1)

[  SKIPPED ] LargeCircuitLinear.ResistorMesh50x50_DC_HEAVY (0 ms)
[ RUN      ] LargeCircuitLinear.RcLadder1000_AC_HEAVY
G:\vibe-codeing\simulator\tests\test_large_circuit.cpp(477): Skipped
HEAVY gated (set RFSIM_FORCE_HEAVY=1)

[  SKIPPED ] LargeCircuitLinear.RcLadder1000_AC_HEAVY (0 ms)
[ RUN      ] LargeCircuitLinear.RcLadder2000_AC_HEAVY
G:\vibe-codeing\simulator\tests\test_large_circuit.cpp(481): Skipped
HEAVY gated (set RFSIM_FORCE_HEAVY=1)

[  SKIPPED ] LargeCircuitLinear.RcLadder2000_AC_HEAVY (0 ms)
[ RUN      ] LargeCircuitLinear.LcTankChain10
[L3.N10] LC N=10 f0=50.30 MHz |H| @ {f0/10,f0/2,f0,2f0,10f0} = 0.9526 0.4289 0.0003672 0.4282 0.9525  AC wall=0.0 ms
[L3.N10] LC N=10 DC=0.1 ms AC=0.0 ms HBlin=0.0 ms
[       OK ] LargeCircuitLinear.LcTankChain10 (0 ms)
[ RUN      ] LargeCircuitLinear.LcTankChain50_HEAVY
G:\vibe-codeing\simulator\tests\test_large_circuit.cpp(583): Skipped
HEAVY gated (set RFSIM_FORCE_HEAVY=1)

[  SKIPPED ] LargeCircuitLinear.LcTankChain50_HEAVY (0 ms)
[ RUN      ] LargeCircuitLinear.LinearHbNhScan
[L4.NHscan] NH=3 nodes=11 wall=0.0 ms
[L4.NHscan] NH=5 nodes=11 wall=0.0 ms
[L4.NHscan] NH=9 nodes=11 wall=0.1 ms
[L4.NHscan] NH=15 nodes=11 wall=0.1 ms
[       OK ] LargeCircuitLinear.LinearHbNhScan (0 ms)
[----------] 7 tests from LargeCircuitLinear (7 ms total)

[----------] 2 tests from LargeCircuitHbnl
[ RUN      ] LargeCircuitHbnl.DiodeRectifierStack5_NH5_DefaultDense
[G1.default] N=5 NH=5 nodes=7 dim=88 (<200 dense) dcConv=1 dc=0.7 ms hbConv=0 hb=240.2 ms |H1(tap1)|=0.001863
[       OK ] LargeCircuitHbnl.DiodeRectifierStack5_NH5_DefaultDense (241 ms)
[ RUN      ] LargeCircuitHbnl.DiodeRectifierStack30_NH10_HEAVY_TriggersGmres
G:\vibe-codeing\simulator\tests\test_large_circuit.cpp(764): Skipped
HEAVY gated (set RFSIM_FORCE_HEAVY=1)

[  SKIPPED ] LargeCircuitHbnl.DiodeRectifierStack30_NH10_HEAVY_TriggersGmres (0 ms)
[----------] 2 tests from LargeCircuitHbnl (241 ms total)

[----------] 11 tests from LargeCircuitBsim4
[ RUN      ] LargeCircuitBsim4.G2_Bsim4CsNhScan
VA: 
RESET igcMod to 0

[G2.NHscan] NH=3 nodes=15 dim≈119 (dense) hbConv=0 wall=111.2 ms |H1(drain)|=6.963
VA: 
RESET igcMod to 0

[G2.NHscan] NH=7 nodes=15 dim≈255 (GMRES) hbConv=0 wall=399.1 ms |H1(drain)|=5.922
[       OK ] LargeCircuitBsim4.G2_Bsim4CsNhScan (530 ms)
[ RUN      ] LargeCircuitBsim4.A1_InverterChain10
VA: 
RESET igcMod to 0

VA: 
RESET igcMod to 0

VA: 
RESET igcMod to 0

VA: 
RESET igcMod to 0

VA: 
RESET igcMod to 0

VA: 
RESET igcMod to 0

VA: 
RESET igcMod to 0

VA: 
RESET igcMod to 0

VA: 
RESET igcMod to 0

VA: 
RESET igcMod to 0

[A1.N10] InvChain N=10 nodes=12 dcConv=1 iters=350 wall=584.3 ms vRange=[0.429, 1.499]
[A1.N10] InvChain N=10 hbConv=0 wall=924.1 ms |H1(drain_N)|=0.1073
[       OK ] LargeCircuitBsim4.A1_InverterChain10 (1563 ms)
[ RUN      ] LargeCircuitBsim4.A1_InverterChain15_HEAVY
G:\vibe-codeing\simulator\tests\test_large_circuit.cpp(972): Skipped
HEAVY gated (set RFSIM_FORCE_HEAVY=1)

[  SKIPPED ] LargeCircuitBsim4.A1_InverterChain15_HEAVY (0 ms)
[ RUN      ] LargeCircuitBsim4.A2_CascadeCS3Stage
VA: 
RESET igcMod to 0

VA: 
RESET igcMod to 0

VA: 
RESET igcMod to 0

[A2.K3] CascadeCS K=3 nodes=5 dcConv=1 iters=55 wall=6.0 ms
[A2.K3] CascadeCS K=3 hbConv=0 wall=120.7 ms |H1(out)|=0.4809
[       OK ] LargeCircuitBsim4.A2_CascadeCS3Stage (148 ms)
[ RUN      ] LargeCircuitBsim4.A2_CascadeCS5Stage_HEAVY
G:\vibe-codeing\simulator\tests\test_large_circuit.cpp(1057): Skipped
HEAVY gated (set RFSIM_FORCE_HEAVY=1)

[  SKIPPED ] LargeCircuitBsim4.A2_CascadeCS5Stage_HEAVY (0 ms)
[ RUN      ] LargeCircuitBsim4.A3_NmosPullupBuffer20_HEAVY
G:\vibe-codeing\simulator\tests\test_large_circuit.cpp(1068): Skipped
HEAVY gated (set RFSIM_FORCE_HEAVY=1)

[  SKIPPED ] LargeCircuitBsim4.A3_NmosPullupBuffer20_HEAVY (0 ms)
[ RUN      ] LargeCircuitBsim4.M1_LcMatchedCsAmp
VA: 
RESET igcMod to 0

[M1.LcCsAmp] nodes=18 dcConv=1 dc=2.5 ms hbConv=1 hb=4.2 ms |H1(drain)|=4.598e-06 |H1(load)|=4.541e-06
[       OK ] LargeCircuitBsim4.M1_LcMatchedCsAmp (19 ms)
[ RUN      ] LargeCircuitBsim4.M2_CascodeLnaPiMatch_HEAVY
G:\vibe-codeing\simulator\tests\test_large_circuit.cpp(1156): Skipped
HEAVY gated (set RFSIM_FORCE_HEAVY=1)

[  SKIPPED ] LargeCircuitBsim4.M2_CascodeLnaPiMatch_HEAVY (0 ms)
[ RUN      ] LargeCircuitBsim4.M3_RingOscillator3Stage_HEAVY
G:\vibe-codeing\simulator\tests\test_large_circuit.cpp(1231): Skipped
HEAVY gated (set RFSIM_FORCE_HEAVY=1)

[  SKIPPED ] LargeCircuitBsim4.M3_RingOscillator3Stage_HEAVY (0 ms)
[ RUN      ] LargeCircuitBsim4.S1_InverterChainGrid
VA: 
RESET igcMod to 0

VA: 
RESET igcMod to 0

[S1.grid] N=2 dc=1(it=101, 9.8 ms) hb=0(90.6 ms) |H1|=0.06469
VA: 
RESET igcMod to 0

VA: 
RESET igcMod to 0

VA: 
RESET igcMod to 0

VA: 
RESET igcMod to 0

[S1.grid] N=4 dc=1(it=79, 13.9 ms) hb=0(232.5 ms) |H1|=0.4098
VA: 
RESET igcMod to 0

VA: 
RESET igcMod to 0

VA: 
RESET igcMod to 0

VA: 
RESET igcMod to 0

VA: 
RESET igcMod to 0

VA: 
RESET igcMod to 0

[S1.grid] N=6 dc=1(it=352, 248.4 ms) hb=0(411.6 ms) |H1|=0.6094
VA: 
RESET igcMod to 0

VA: 
RESET igcMod to 0

VA: 
RESET igcMod to 0

VA: 
RESET igcMod to 0

VA: 
RESET igcMod to 0

VA: 
RESET igcMod to 0

VA: 
RESET igcMod to 0

VA: 
RESET igcMod to 0

[S1.grid] N=8 dc=1(it=350, 375.7 ms) hb=0(695.8 ms) |H1|=0.02648
VA: 
RESET igcMod to 0

VA: 
RESET igcMod to 0

VA: 
RESET igcMod to 0

VA: 
RESET igcMod to 0

VA: 
RESET igcMod to 0

VA: 
RESET igcMod to 0

VA: 
RESET igcMod to 0

VA: 
RESET igcMod to 0

VA: 
RESET igcMod to 0

VA: 
RESET igcMod to 0

[S1.grid] N=10 dc=1(it=350, 647.8 ms) hb=0(889.4 ms) |H1|=0.1073
[S1.grid] summary: 5/5 DC pass, 0/5 HB pass
[       OK ] LargeCircuitBsim4.S1_InverterChainGrid (3760 ms)
[ RUN      ] LargeCircuitBsim4.S2_Bsim4CsNhGrid
VA: 
RESET igcMod to 0

[S2.grid] NH=3 dim=119 (dense) dc=1 hb=0 (it=80, 110.2 ms) |H1|=6.963
VA: 
RESET igcMod to 0

[S2.grid] NH=5 dim=187 (dense) dc=1 hb=0 (it=80, 298.9 ms) |H1|=5.736
VA: 
RESET igcMod to 0

[S2.grid] NH=7 dim=255 (GMRES) dc=1 hb=0 (it=80, 375.8 ms) |H1|=5.922
[       OK ] LargeCircuitBsim4.S2_Bsim4CsNhGrid (815 ms)
[----------] 11 tests from LargeCircuitBsim4 (6838 ms total)

[----------] 8 tests from Mosfet/MosfetModelTest
[ RUN      ] Mosfet/MosfetModelTest.Descriptor/bsim4
[Mosfet] bsim4 name=bsim4va nodes=16 terminals=4 jac=73
[       OK ] Mosfet/MosfetModelTest.Descriptor/bsim4 (0 ms)
[ RUN      ] Mosfet/MosfetModelTest.Descriptor/ekv
[Mosfet] ekv name=ekv_va nodes=6 terminals=4 jac=32
[       OK ] Mosfet/MosfetModelTest.Descriptor/ekv (0 ms)
[ RUN      ] Mosfet/MosfetModelTest.Descriptor/bsim4soi
[Mosfet] bsim4soi name=bsimsoi_va nodes=13 terminals=4 jac=78
[       OK ] Mosfet/MosfetModelTest.Descriptor/bsim4soi (0 ms)
[ RUN      ] Mosfet/MosfetModelTest.Descriptor/bsimcmg
[Mosfet] bsimcmg name=bsimcmg_va nodes=11 terminals=5 jac=71
[       OK ] Mosfet/MosfetModelTest.Descriptor/bsimcmg (0 ms)
[ RUN      ] Mosfet/MosfetModelTest.SetupInstance/bsim4
VA: 
RESET igcMod to 0

[Mosfet] bsim4 setup: OK total nodes=16
[       OK ] Mosfet/MosfetModelTest.SetupInstance/bsim4 (12 ms)
[ RUN      ] Mosfet/MosfetModelTest.SetupInstance/ekv
[Mosfet] ekv setup: OK total nodes=6
[       OK ] Mosfet/MosfetModelTest.SetupInstance/ekv (0 ms)
[ RUN      ] Mosfet/MosfetModelTest.SetupInstance/bsim4soi
[Mosfet] bsim4soi setup: OK total nodes=13
[       OK ] Mosfet/MosfetModelTest.SetupInstance/bsim4soi (0 ms)
[ RUN      ] Mosfet/MosfetModelTest.SetupInstance/bsimcmg
[Mosfet] bsimcmg setup: OK total nodes=11
[       OK ] Mosfet/MosfetModelTest.SetupInstance/bsimcmg (3 ms)
[----------] 8 tests from Mosfet/MosfetModelTest (18 ms total)

[----------] Global test environment tear-down
[==========] 125 tests from 26 test suites ran. (113634 ms total)
[  PASSED  ] 102 tests.
[  SKIPPED ] 23 tests, listed below:
[  SKIPPED ] MultiDevice.C3bis_TwoFingerBalanced
[  SKIPPED ] MultiDevice.C3bis_ThreeFingerForward
[  SKIPPED ] MultiDevice.C3bis_ThreeFingerReversed
[  SKIPPED ] MultiDevice.C3bis_ThreeFingerReverseDrains
[  SKIPPED ] MultiDevice.C3bis_ThreeFingerSkipDrain
[  SKIPPED ] MultiDevice.C3bis_ThreeFingerSkipMaxFirst
[  SKIPPED ] MultiDevice.C3bis_ThreeFinger234_baseFar
[  SKIPPED ] MultiDevice.C3bis_FourFinger2345
[  SKIPPED ] MultiDevice.C3bis_ThreeFinger345
[  SKIPPED ] MultiDevice.C3bis_ThreeFinger346
[  SKIPPED ] MultiDevice.C3bis_ThreeFinger354_4last
[  SKIPPED ] MultiDevice.C3bis_ThreeFinger678
[  SKIPPED ] MultiDevice.C3bis_LinearOnly_n345
[  SKIPPED ] LargeCircuitLinear.ResistorMesh50x50_DC_HEAVY
[  SKIPPED ] LargeCircuitLinear.RcLadder1000_AC_HEAVY
[  SKIPPED ] LargeCircuitLinear.RcLadder2000_AC_HEAVY
[  SKIPPED ] LargeCircuitLinear.LcTankChain50_HEAVY
[  SKIPPED ] LargeCircuitHbnl.DiodeRectifierStack30_NH10_HEAVY_TriggersGmres
[  SKIPPED ] LargeCircuitBsim4.A1_InverterChain15_HEAVY
[  SKIPPED ] LargeCircuitBsim4.A2_CascadeCS5Stage_HEAVY
[  SKIPPED ] LargeCircuitBsim4.A3_NmosPullupBuffer20_HEAVY
[  SKIPPED ] LargeCircuitBsim4.M2_CascodeLnaPiMatch_HEAVY
[  SKIPPED ] LargeCircuitBsim4.M3_RingOscillator3Stage_HEAVY

=== OSDI Model Matrix Summary (plan0620_v2 V2-α) ===
model           | dcop   | hb     | shoot  |   dcIt |   hbIt |     dcMs |     hbMs
----------------|--------|--------|--------|--------|--------|----------|----------
bsim4soi        | -      | PASS   | -      |      0 |      0 |      0.0 |      4.4
bsimcmg         | -      | PASS   | -      |      0 |      0 |      0.0 |      3.4
bsimsoi         | PASS   | -      | -      |     34 |      0 |      1.8 |      0.0
diode           | PASS   | PASS   | -      |      0 |      0 |      0.9 |      1.8
ekv             | -      | PASS   | -      |      0 |      0 |      0.0 |      2.5
nmos_sh         | PASS   | PASS   | -      |     31 |      0 |      1.2 |      1.0

