Running main() from G:/vibe-codeing/simulator/build/_deps/googletest-src/googletest/src/gtest_main.cc
Note: Google Test filter = LargeCircuitBsim4.A1_InverterChain10:LargeCircuitBsim4.S2_Bsim4CsNhGrid:LargeCircuitBsim4.M3_RingOscillator3Stage_HEAVY
[==========] Running 3 tests from 1 test suite.
[----------] Global test environment set-up.
[----------] 3 tests from LargeCircuitBsim4
VA: 
RESET igcMod to 0

[ RUN      ] LargeCircuitBsim4.A1_InverterChain10
VA: 
RESET igcMod to 0

VA: 
RESET igcMod to 0

VA: 
RESET igcMod to 0

VA: 
RESET igcMod to 0

VA: 
RESET igcMod to 0

VA: 
RESET igcMod to 0

VA: 
RESET igcMod to 0

VA: 
RESET igcMod to 0

VA: 
RESET igcMod to 0

VA: 
RESET igcMod to 0

[A1.N10] InvChain N=10 nodes=12 dcConv=1 iters=350 wall=645.5 ms vRange=[0.429, 1.499]
[A1.N10] InvChain N=10 hbConv=0 wall=877.5 ms |H1(drain_N)|=0.07495
[       OK ] LargeCircuitBsim4.A1_InverterChain10 (1525 ms)
[ RUN      ] LargeCircuitBsim4.M3_RingOscillator3Stage_HEAVY
VA: 
RESET igcMod to 0

VA: 
RESET igcMod to 0

VA: 
RESET igcMod to 0

[M3.RingOsc3] dcConv=1 iters=51 wall=10.0 ms drain[1..3]=0.844 0.844 0.844 (V2-γ 3rd-inst bleed KnownIssue)
[       OK ] LargeCircuitBsim4.M3_RingOscillator3Stage_HEAVY (10 ms)
[ RUN      ] LargeCircuitBsim4.S2_Bsim4CsNhGrid
VA: 
RESET igcMod to 0

[S2.grid] NH=3 dim=119 (dense) dc=1 hb=0 (it=80, 102.3 ms) |H1|=6.963
VA: 
RESET igcMod to 0

[S2.grid] NH=5 dim=187 (dense) dc=1 hb=0 (it=80, 231.2 ms) |H1|=5.736
VA: 
RESET igcMod to 0

[S2.grid] NH=7 dim=255 (GMRES) dc=1 hb=0 (it=80, 437.2 ms) |H1|=2.669
VA: 
RESET igcMod to 0

[S2.grid] NH=9 dim=323 (GMRES) dc=1 hb=0 (it=80, 716.3 ms) |H1|=3.486
VA: 
RESET igcMod to 0

[S2.grid] NH=11 dim=391 (GMRES) dc=1 hb=0 (it=80, 1131.5 ms) |H1|=6.15
VA: 
RESET igcMod to 0

[S2.grid] NH=15 dim=527 (GMRES) dc=1 hb=0 (it=80, 2287.3 ms) |H1|=7.234
[       OK ] LargeCircuitBsim4.S2_Bsim4CsNhGrid (4919 ms)
[----------] 3 tests from LargeCircuitBsim4 (6456 ms total)

[----------] Global test environment tear-down
[==========] 3 tests from 1 test suite ran. (6459 ms total)
[  PASSED  ] 3 tests.
