Running main() from G:/vibe-codeing/simulator/build/_deps/googletest-src/googletest/src/gtest_main.cc
[==========] Running 125 tests from 26 test suites.
[----------] Global test environment set-up.
[----------] 7 tests from LargeCircuitLinear
[ RUN      ] LargeCircuitLinear.ResistorMesh20x20_DC
[L1.smoke] mesh 20x20 nodes=400 devs=781 wall=6.2 ms vWest=1.0000 vEast=0.0242 monoViol=0.00e+00 symDiff=7.57e-01
[       OK ] LargeCircuitLinear.ResistorMesh20x20_DC (7 ms)
[ RUN      ] LargeCircuitLinear.ResistorMesh50x50_DC_HEAVY
[L1.heavy] mesh 50x50 nodes=2500 devs=4951 wall=43.1 ms vWest=1.0000 vEast=0.0079 monoViol=0.00e+00 symDiff=8.08e-01
[       OK ] LargeCircuitLinear.ResistorMesh50x50_DC_HEAVY (46 ms)
[ RUN      ] LargeCircuitLinear.RcLadder1000_AC_HEAVY
[L2.N1000] N=1000 f=1.000e+00 Hz |H|=3.487442e-01
[L2.N1000] N=1000 f=1.000e+01 Hz |H|=7.338182e-03
[L2.N1000] N=1000 f=1.000e+02 Hz |H|=3.974754e-08
[L2.N1000] N=1000 f=1.000e+03 Hz |H|=8.716059e-25
[L2.N1000] N=1000 nodes=1001 devs=2001 wall=2250.6 ms mono=1
[       OK ] LargeCircuitLinear.RcLadder1000_AC_HEAVY (2252 ms)
[ RUN      ] LargeCircuitLinear.RcLadder2000_AC_HEAVY
[L2.N2000] N=2000 f=1.000e+00 Hz |H|=5.765823e-02
[L2.N2000] N=2000 f=1.000e+01 Hz |H|=2.700018e-05
[L2.N2000] N=2000 f=1.000e+02 Hz |H|=7.969655e-16
[L2.N2000] N=2000 f=1.000e+03 Hz |H|=3.906469e-49
[L2.N2000] N=2000 nodes=2001 devs=4001 wall=20286.7 ms mono=1
[       OK ] LargeCircuitLinear.RcLadder2000_AC_HEAVY (20288 ms)
[ RUN      ] LargeCircuitLinear.LcTankChain10
[L3.N10] LC N=10 f0=50.30 MHz |H| @ {f0/10,f0/2,f0,2f0,10f0} = 0.9526 0.4289 0.0003672 0.4282 0.9525  AC wall=0.1 ms
[L3.N10] LC N=10 DC=0.2 ms AC=0.1 ms HBlin=0.1 ms
[       OK ] LargeCircuitLinear.LcTankChain10 (0 ms)
[ RUN      ] LargeCircuitLinear.LcTankChain50_HEAVY
[L3.N50] LC N=50 f0=50.30 MHz |H| @ {f0/10,f0/2,f0,2f0,10f0} = 0.5309 0.09453 7.344e-05 0.09435 0.5305  AC wall=0.7 ms
[L3.N50] LC N=50 DC=0.5 ms AC=0.7 ms HBlin=0.8 ms
[       OK ] LargeCircuitLinear.LcTankChain50_HEAVY (2 ms)
[ RUN      ] LargeCircuitLinear.LinearHbNhScan
[L4.NHscan] NH=3 nodes=11 wall=0.0 ms
[L4.NHscan] NH=5 nodes=11 wall=0.0 ms
[L4.NHscan] NH=9 nodes=11 wall=0.1 ms
[L4.NHscan] NH=15 nodes=11 wall=0.1 ms
[       OK ] LargeCircuitLinear.LinearHbNhScan (0 ms)
[----------] 7 tests from LargeCircuitLinear (22600 ms total)

[----------] 2 tests from LargeCircuitHbnl
[ RUN      ] LargeCircuitHbnl.DiodeRectifierStack5_NH5_DefaultDense
[G1.default] N=5 NH=5 nodes=7 dim=88 (<200 dense) dcConv=1 dc=1.6 ms hbConv=0 hb=300.3 ms |H1(tap1)|=0.001863
[       OK ] LargeCircuitHbnl.DiodeRectifierStack5_NH5_DefaultDense (304 ms)
[ RUN      ] LargeCircuitHbnl.DiodeRectifierStack30_NH10_HEAVY_TriggersGmres
[G1.heavy] N=30 NH=10 nodes=32 dim=693 (>=200 → GMRES path) dcConv=1 dc=4.0 ms hbConv=0 hb=5848.5 ms |H1(tap1)|=0.0004798
[G1.heavy] HB-NL did NOT converge via GMRES path — recorded for V2-γ HB-NL preconditioner tuning task
[       OK ] LargeCircuitHbnl.DiodeRectifierStack30_NH10_HEAVY_TriggersGmres (5854 ms)
[----------] 2 tests from LargeCircuitHbnl (6159 ms total)

[----------] 11 tests from LargeCircuitBsim4
VA: 
RESET igcMod to 0

[ RUN      ] LargeCircuitBsim4.G2_Bsim4CsNhScan
VA: 
RESET igcMod to 0

[G2.NHscan] NH=3 nodes=15 dim≈119 (dense) hbConv=0 wall=97.1 ms |H1(drain)|=6.963
VA: 
RESET igcMod to 0

[G2.NHscan] NH=7 nodes=15 dim≈255 (GMRES) hbConv=0 wall=430.2 ms |H1(drain)|=2.669
VA: 
RESET igcMod to 0

[G2.NHscan] NH=11 nodes=15 dim≈391 (GMRES) hbConv=0 wall=1138.2 ms |H1(drain)|=6.15
VA: 
RESET igcMod to 0

[G2.NHscan] NH=15 nodes=15 dim≈527 (GMRES) hbConv=0 wall=2317.7 ms |H1(drain)|=7.234
[       OK ] LargeCircuitBsim4.G2_Bsim4CsNhScan (3991 ms)
[ RUN      ] LargeCircuitBsim4.A1_InverterChain10
VA: 
RESET igcMod to 0

VA: 
RESET igcMod to 0

VA: 
RESET igcMod to 0

VA: 
RESET igcMod to 0

VA: 
RESET igcMod to 0

VA: 
RESET igcMod to 0

VA: 
RESET igcMod to 0

VA: 
RESET igcMod to 0

VA: 
RESET igcMod to 0

VA: 
RESET igcMod to 0

[A1.N10] InvChain N=10 nodes=12 dcConv=1 iters=350 wall=615.2 ms vRange=[0.429, 1.499]
[A1.N10] InvChain N=10 hbConv=0 wall=967.8 ms |H1(drain_N)|=0.07495
[       OK ] LargeCircuitBsim4.A1_InverterChain10 (1584 ms)
[ RUN      ] LargeCircuitBsim4.A1_InverterChain15_HEAVY
VA: 
RESET igcMod to 0

VA: 
RESET igcMod to 0

VA: 
RESET igcMod to 0

VA: 
RESET igcMod to 0

VA: 
RESET igcMod to 0

VA: 
RESET igcMod to 0

VA: 
RESET igcMod to 0

VA: 
RESET igcMod to 0

VA: 
RESET igcMod to 0

VA: 
RESET igcMod to 0

VA: 
RESET igcMod to 0

VA: 
RESET igcMod to 0

VA: 
RESET igcMod to 0

VA: 
RESET igcMod to 0

VA: 
RESET igcMod to 0

[A1.N15] InvChain N=15 nodes=17 dcConv=1 iters=349 wall=1580.2 ms vRange=[0.429, 1.499]
[A1.N15] InvChain N=15 hbConv=0 wall=2303.1 ms |H1(drain_N)|=0.1603
[       OK ] LargeCircuitBsim4.A1_InverterChain15_HEAVY (3885 ms)
[ RUN      ] LargeCircuitBsim4.A2_CascadeCS3Stage
VA: 
RESET igcMod to 0

VA: 
RESET igcMod to 0

VA: 
RESET igcMod to 0

[A2.K3] CascadeCS K=3 nodes=5 dcConv=1 iters=55 wall=7.6 ms
[A2.K3] CascadeCS K=3 hbConv=0 wall=117.7 ms |H1(out)|=0.6547
[       OK ] LargeCircuitBsim4.A2_CascadeCS3Stage (125 ms)
[ RUN      ] LargeCircuitBsim4.A2_CascadeCS5Stage_HEAVY
VA: 
RESET igcMod to 0

VA: 
RESET igcMod to 0

VA: 
RESET igcMod to 0

VA: 
RESET igcMod to 0

VA: 
RESET igcMod to 0

[A2.K5] CascadeCS K=5 nodes=7 dcConv=1 iters=47 wall=14.7 ms
[A2.K5] CascadeCS K=5 hbConv=0 wall=259.2 ms |H1(out)|=1.622
[       OK ] LargeCircuitBsim4.A2_CascadeCS5Stage_HEAVY (274 ms)
[ RUN      ] LargeCircuitBsim4.A3_NmosPullupBuffer20_HEAVY
VA: 
RESET igcMod to 0

VA: 
RESET igcMod to 0

VA: 
RESET igcMod to 0

VA: 
RESET igcMod to 0

VA: 
RESET igcMod to 0

VA: 
RESET igcMod to 0

VA: 
RESET igcMod to 0

VA: 
RESET igcMod to 0

VA: 
RESET igcMod to 0

VA: 
RESET igcMod to 0

VA: 
RESET igcMod to 0

VA: 
RESET igcMod to 0

VA: 
RESET igcMod to 0

VA: 
RESET igcMod to 0

VA: 
RESET igcMod to 0

VA: 
RESET igcMod to 0

VA: 
RESET igcMod to 0

VA: 
RESET igcMod to 0

VA: 
RESET igcMod to 0

VA: 
RESET igcMod to 0

[A3.N20] InvChain N=20 nodes=22 dcConv=1 iters=349 wall=3358.1 ms vRange=[0.429, 1.499]
[A3.N20] InvChain N=20 hbConv=0 wall=4551.9 ms |H1(drain_N)|=0.06206
[       OK ] LargeCircuitBsim4.A3_NmosPullupBuffer20_HEAVY (7912 ms)
[ RUN      ] LargeCircuitBsim4.M1_LcMatchedCsAmp
VA: 
RESET igcMod to 0

[M1.LcCsAmp] nodes=18 dcConv=1 dc=6.3 ms hbConv=1 hb=7.4 ms |H1(drain)|=4.598e-06 |H1(load)|=4.541e-06
[       OK ] LargeCircuitBsim4.M1_LcMatchedCsAmp (15 ms)
[ RUN      ] LargeCircuitBsim4.M2_CascodeLnaPiMatch_HEAVY
VA: 
RESET igcMod to 0

VA: 
RESET igcMod to 0

[M2.CascodeLNA] nodes=35 dcConv=1 iters=55 wall=16.7 ms
[M2.CascodeLNA] hbConv=0 wall=351.7 ms
[       OK ] LargeCircuitBsim4.M2_CascodeLnaPiMatch_HEAVY (369 ms)
[ RUN      ] LargeCircuitBsim4.M3_RingOscillator3Stage_HEAVY
VA: 
RESET igcMod to 0

VA: 
RESET igcMod to 0

VA: 
RESET igcMod to 0

[M3.RingOsc3] dcConv=1 iters=51 wall=9.2 ms drain[1..3]=0.844 0.844 0.844 (V2-γ 3rd-inst bleed KnownIssue)
[       OK ] LargeCircuitBsim4.M3_RingOscillator3Stage_HEAVY (9 ms)
[ RUN      ] LargeCircuitBsim4.S1_InverterChainGrid
VA: 
RESET igcMod to 0

VA: 
RESET igcMod to 0

[S1.grid] N=2 dc=1(it=101, 9.7 ms) hb=0(64.2 ms) |H1|=0.07311
VA: 
RESET igcMod to 0

VA: 
RESET igcMod to 0

VA: 
RESET igcMod to 0

VA: 
RESET igcMod to 0

[S1.grid] N=4 dc=1(it=79, 15.9 ms) hb=0(193.6 ms) |H1|=0.4098
VA: 
RESET igcMod to 0

VA: 
RESET igcMod to 0

VA: 
RESET igcMod to 0

VA: 
RESET igcMod to 0

VA: 
RESET igcMod to 0

VA: 
RESET igcMod to 0

[S1.grid] N=6 dc=1(it=352, 250.2 ms) hb=0(512.8 ms) |H1|=0.6187
VA: 
RESET igcMod to 0

VA: 
RESET igcMod to 0

VA: 
RESET igcMod to 0

VA: 
RESET igcMod to 0

VA: 
RESET igcMod to 0

VA: 
RESET igcMod to 0

VA: 
RESET igcMod to 0

VA: 
RESET igcMod to 0

[S1.grid] N=8 dc=1(it=350, 453.8 ms) hb=0(688.1 ms) |H1|=0.02646
VA: 
RESET igcMod to 0

VA: 
RESET igcMod to 0

VA: 
RESET igcMod to 0

VA: 
RESET igcMod to 0

VA: 
RESET igcMod to 0

VA: 
RESET igcMod to 0

VA: 
RESET igcMod to 0

VA: 
RESET igcMod to 0

VA: 
RESET igcMod to 0

VA: 
RESET igcMod to 0

