[0/1] Re-running CMake...
-- Source:           G:/vibe-codeing/simulator 
-- Build:            G:/vibe-codeing/simulator/build 
-- Install lib:      lib
-- Install include:  include/suitesparse
-- Install bin:      bin
-- Install pkg-file: lib
-- Install rpath:    $ORIGIN
-- Build   rpath:    
-- Build type:       Release 
-- Fortran:          not enabled
-- CUDA:             not enabled
-- Building SuiteSparse_config version: v7.12.2 (Feb 5, 2026)
-- Source:           G:/vibe-codeing/simulator 
-- Build:            G:/vibe-codeing/simulator/build 
-- Install lib:      lib
-- Install include:  include/suitesparse
-- Install bin:      bin
-- Install pkg-file: lib
-- Install rpath:    $ORIGIN
-- Build   rpath:    
-- Build type:       Release 
-- Fortran:          not enabled
-- CUDA:             not enabled
-- SuiteSparse_config has OpenMP: OFF
-- Using clock_gettime without librt
-- Found Generic 32-bit BLAS
-- C to Fortran calling protocol: 
--     SUITESPARSE_HAS_FORTRAN  : OFF
--     FortranCInterface_GLOBAL_MACRO  : (name,NAME) name##_
--     FortranCInterface_GLOBAL__MACRO : (name,NAME) name##_
-- ------------------------------------------------------------------------
-- SuiteSparse CMAKE report for: SuiteSparseConfig
-- ------------------------------------------------------------------------
-- build type:           Release
-- BUILD_SHARED_LIBS:    OFF
-- BUILD_STATIC_LIBS:    ON
-- C compiler:           G:/msys64/mingw64/bin/gcc.exe 
-- C flags:              
-- C++ compiler:         G:/msys64/mingw64/bin/g++.exe
-- C++ flags:            
-- C Flags release:      -O3 -DNDEBUG 
-- C++ Flags release:    -O3 -DNDEBUG 
-- Fortran compiler:     none
-- compile definitions:  _CRT_SECURE_NO_WARNINGS;_CRT_SECURE_NO_WARNINGS;BLAS_Generic
-- BLAS integer:         int32_t
-- ------------------------------------------------------------------------
-- CMAKE_SYSTEM_PROCESSOR: AMD64
-- Building AMD version: v3.3.4 (July 25, 2025)
-- Source:           G:/vibe-codeing/simulator 
-- Build:            G:/vibe-codeing/simulator/build 
-- Install lib:      lib
-- Install include:  include/suitesparse
-- Install bin:      bin
-- Install pkg-file: lib
-- Install rpath:    $ORIGIN
-- Build   rpath:    
-- Build type:       Release 
-- Fortran:          not enabled
-- CUDA:             not enabled
-- Skipping the demos in AMD/Demo
-- ------------------------------------------------------------------------
-- SuiteSparse CMAKE report for: AMD
-- ------------------------------------------------------------------------
-- build type:           Release
-- BUILD_SHARED_LIBS:    OFF
-- BUILD_STATIC_LIBS:    ON
-- C compiler:           G:/msys64/mingw64/bin/gcc.exe 
-- C flags:              
-- C++ compiler:         G:/msys64/mingw64/bin/g++.exe
-- C++ flags:            
-- C Flags release:      -O3 -DNDEBUG 
-- C++ Flags release:    -O3 -DNDEBUG 
-- Fortran compiler:     none
-- compile definitions:  _CRT_SECURE_NO_WARNINGS;_CRT_SECURE_NO_WARNINGS
-- ------------------------------------------------------------------------
-- Building BTF version: v2.3.3 (July 25, 2025)
-- Source:           G:/vibe-codeing/simulator 
-- Build:            G:/vibe-codeing/simulator/build 
-- Install lib:      lib
-- Install include:  include/suitesparse
-- Install bin:      bin
-- Install pkg-file: lib
-- Install rpath:    $ORIGIN
-- Build   rpath:    
-- Build type:       Release 
-- Fortran:          not enabled
-- CUDA:             not enabled
-- ------------------------------------------------------------------------
-- SuiteSparse CMAKE report for: BTF
-- ------------------------------------------------------------------------
-- build type:           Release
-- BUILD_SHARED_LIBS:    OFF
-- BUILD_STATIC_LIBS:    ON
-- C compiler:           G:/msys64/mingw64/bin/gcc.exe 
-- C flags:              
-- C++ compiler:         G:/msys64/mingw64/bin/g++.exe
-- C++ flags:            
-- C Flags release:      -O3 -DNDEBUG 
-- C++ Flags release:    -O3 -DNDEBUG 
-- Fortran compiler:     none
-- compile definitions:  _CRT_SECURE_NO_WARNINGS;_CRT_SECURE_NO_WARNINGS
-- ------------------------------------------------------------------------
-- Building COLAMD version: v3.3.5 (July 25, 2025)
-- Source:           G:/vibe-codeing/simulator 
-- Build:            G:/vibe-codeing/simulator/build 
-- Install lib:      lib
-- Install include:  include/suitesparse
-- Install bin:      bin
-- Install pkg-file: lib
-- Install rpath:    $ORIGIN
-- Build   rpath:    
-- Build type:       Release 
-- Fortran:          not enabled
-- CUDA:             not enabled
-- Skipping the demos in COLAMD/Demo
-- ------------------------------------------------------------------------
-- SuiteSparse CMAKE report for: COLAMD
-- ------------------------------------------------------------------------
-- build type:           Release
-- BUILD_SHARED_LIBS:    OFF
-- BUILD_STATIC_LIBS:    ON
-- C compiler:           G:/msys64/mingw64/bin/gcc.exe 
-- C flags:              
-- C++ compiler:         G:/msys64/mingw64/bin/g++.exe
-- C++ flags:            
-- C Flags release:      -O3 -DNDEBUG 
-- C++ Flags release:    -O3 -DNDEBUG 
-- Fortran compiler:     none
-- compile definitions:  _CRT_SECURE_NO_WARNINGS;_CRT_SECURE_NO_WARNINGS
-- ------------------------------------------------------------------------
-- Building KLU version: v2.3.6 (July 25, 2025)
-- Source:           G:/vibe-codeing/simulator 
-- Build:            G:/vibe-codeing/simulator/build 
-- Install lib:      lib
-- Install include:  include/suitesparse
-- Install bin:      bin
-- Install pkg-file: lib
-- Install rpath:    $ORIGIN
-- Build   rpath:    
-- Build type:       Release 
-- Fortran:          not enabled
-- CUDA:             not enabled
-- CHOLMOD not found or not requested
-- Skipping the demos in KLU/Demo
-- ------------------------------------------------------------------------
-- SuiteSparse CMAKE report for: KLU
-- ------------------------------------------------------------------------
-- build type:           Release
-- BUILD_SHARED_LIBS:    OFF
-- BUILD_STATIC_LIBS:    ON
-- C compiler:           G:/msys64/mingw64/bin/gcc.exe 
-- C flags:              
-- C++ compiler:         G:/msys64/mingw64/bin/g++.exe
-- C++ flags:            
-- C Flags release:      -O3 -DNDEBUG 
-- C++ Flags release:    -O3 -DNDEBUG 
-- Fortran compiler:     none
-- compile definitions:  _CRT_SECURE_NO_WARNINGS;_CRT_SECURE_NO_WARNINGS;NCHOLMOD
-- ------------------------------------------------------------------------
-- ------------------------------------------------------------------------
-- SuiteSparse CMAKE report for: SuiteSparse
-- ------------------------------------------------------------------------
-- build type:           Release
-- BUILD_SHARED_LIBS:    OFF
-- BUILD_STATIC_LIBS:    ON
-- C compiler:           G:/msys64/mingw64/bin/gcc.exe 
-- C flags:              
-- C++ compiler:         G:/msys64/mingw64/bin/g++.exe
-- C++ flags:            
-- C Flags release:      -O3 -DNDEBUG 
-- C++ Flags release:    -O3 -DNDEBUG 
-- Fortran compiler:     none
-- compile definitions:  _CRT_SECURE_NO_WARNINGS
-- ------------------------------------------------------------------------
CMake Warning (dev) at G:/msys64/mingw64/share/cmake/Modules/FetchContent.cmake:1383 (message):
  The DOWNLOAD_EXTRACT_TIMESTAMP option was not given and policy CMP0135 is
  not set.  The policy's OLD behavior will be used.  When using a URL
  download, the timestamps of extracted files should preferably be that of
  the time of extraction, otherwise code that depends on the extracted
  contents might not be rebuilt if the URL changes.  The OLD behavior
  preserves the timestamps from the archive instead, but this is usually not
  what you want.  Update your project to the NEW behavior or specify the
  DOWNLOAD_EXTRACT_TIMESTAMP option with a value of true to avoid this
  robustness issue.
Call Stack (most recent call first):
  tests/CMakeLists.txt:7 (FetchContent_Declare)
This warning is for project developers.  Use -Wno-dev to suppress it.

-- Configuring done (1.9s)
-- Generating done (0.4s)
-- Build files have been written to: G:/vibe-codeing/simulator/build
[1/5] Building CXX object src/CMakeFiles/rfsim_cli.dir/cli/main.cpp.obj
[2/5] Linking CXX executable bin\rfsim.exe
[3/5] Building CXX object tests/CMakeFiles/rfsim_tests.dir/test_large_circuit.cpp.obj
G:/vibe-codeing/simulator/tests/test_large_circuit.cpp: In member function 'virtual void rfsim::LargeCircuitBsim4_G2_Bsim4CsNhScan_Test::TestBody()':
G:/vibe-codeing/simulator/tests/test_large_circuit.cpp:816:12: warning: suggest explicit braces to avoid ambiguous 'else' [-Wdangling-else]
  816 |         if (nh <= 7) EXPECT_TRUE(hb.converged) << "HB-NL failed at NH=" << nh;
      |            ^
[4/5] Linking CXX executable bin\rfsim_tests.exe
