-- The CXX compiler identification is MSVC 19.44.35228.0
-- Detecting CXX compiler ABI info
-- Detecting CXX compiler ABI info - done
-- Check for working CXX compiler: G:/Program Files/Microsoft Visual Studio/2022/Enterprise/VC/Tools/MSVC/14.44.35207/bin/Hostx64/x64/cl.exe - skipped
-- Detecting CXX compile features
-- Detecting CXX compile features - done
-- Populating suitesparse
-- Configuring done (0.4s)
-- Generating done (0.1s)
-- Build files have been written to: G:/vibe-codeing/simulator/build/_deps/suitesparse-subbuild
[1/9] Creating directories for 'suitesparse-populate'
[1/9] Performing download step (verify and extract) for 'suitesparse-populate'
CMake Warning at suitesparse-subbuild/suitesparse-populate-prefix/src/suitesparse-populate-stamp/verify-suitesparse-populate.cmake:15 (message):
  File cannot be verified since no URL_HASH specified


-- extracting...
     src='G:/vibe-codeing/SuiteSparse.zip'
     dst='G:/vibe-codeing/simulator/build/_deps/suitesparse-src'
-- extracting... [tar xfz]
-- extracting... [analysis]
-- extracting... [rename]
-- extracting... [clean up]
-- extracting... done
[2/9] No update step for 'suitesparse-populate'
[3/9] No patch step for 'suitesparse-populate'
[5/9] No configure step for 'suitesparse-populate'
[6/9] No build step for 'suitesparse-populate'
[7/9] No install step for 'suitesparse-populate'
[8/9] No test step for 'suitesparse-populate'
[9/9] Completed 'suitesparse-populate'
-- The C compiler identification is MSVC 19.44.35228.0
-- Detecting C compiler ABI info
-- Detecting C compiler ABI info - done
-- Check for working C compiler: G:/Program Files/Microsoft Visual Studio/2022/Enterprise/VC/Tools/MSVC/14.44.35207/bin/Hostx64/x64/cl.exe - skipped
-- Detecting C compile features
-- Detecting C compile features - done
-- Source:           G:/vibe-codeing/simulator 
-- Build:            G:/vibe-codeing/simulator/build 
-- Install lib:      lib
-- Install include:  include/suitesparse
-- Install bin:      bin
-- Install pkg-file: lib
-- Install rpath:    $ORIGIN
-- Build   rpath:    
-- Build type:       Release 
-- Fortran:          not enabled
-- CUDA:             not enabled
-- Building SuiteSparse_config version: v7.12.2 (Feb 5, 2026)
-- Source:           G:/vibe-codeing/simulator 
-- Build:            G:/vibe-codeing/simulator/build 
-- Install lib:      lib
-- Install include:  include/suitesparse
-- Install bin:      bin
-- Install pkg-file: lib
-- Install rpath:    $ORIGIN
-- Build   rpath:    
-- Build type:       Release 
-- Fortran:          not enabled
-- CUDA:             not enabled
-- SuiteSparse_config has OpenMP: OFF
-- Looking for clock_gettime
-- Looking for clock_gettime - not found
-- Looking for clock_gettime
-- Looking for clock_gettime - not found
-- No OpenMP and no clock_gettime available. Timing functions won't work.
-- Found Generic 32-bit BLAS
-- C to Fortran calling protocol: 
--     SUITESPARSE_HAS_FORTRAN  : OFF
--     FortranCInterface_GLOBAL_MACRO  : (name,NAME) name
--     FortranCInterface_GLOBAL__MACRO : (name,NAME) name
-- Looking for fmax
-- Looking for fmax - found
-- ------------------------------------------------------------------------
-- SuiteSparse CMAKE report for: SuiteSparseConfig
-- ------------------------------------------------------------------------
-- build type:           Release
-- BUILD_SHARED_LIBS:    OFF
-- BUILD_STATIC_LIBS:    ON
-- C compiler:           G:/Program Files/Microsoft Visual Studio/2022/Enterprise/VC/Tools/MSVC/14.44.35207/bin/Hostx64/x64/cl.exe 
-- C flags:              /DWIN32 /D_WINDOWS
-- C++ compiler:         G:/Program Files/Microsoft Visual Studio/2022/Enterprise/VC/Tools/MSVC/14.44.35207/bin/Hostx64/x64/cl.exe
-- C++ flags:            /DWIN32 /D_WINDOWS /EHsc
-- C Flags release:      /O2 /Ob2 /DNDEBUG 
-- C++ Flags release:    /O2 /Ob2 /DNDEBUG 
-- Fortran compiler:     none
-- compile definitions:  _CRT_SECURE_NO_WARNINGS;_WINSOCK_DEPRECATED_NO_WARNINGS;_CRT_SECURE_NO_WARNINGS;_CRT_SECURE_NO_WARNINGS;BLAS_Generic
-- BLAS integer:         int32_t
-- ------------------------------------------------------------------------
-- CMAKE_SYSTEM_PROCESSOR: AMD64
-- Building AMD version: v3.3.4 (July 25, 2025)
-- Source:           G:/vibe-codeing/simulator 
-- Build:            G:/vibe-codeing/simulator/build 
-- Install lib:      lib
-- Install include:  include/suitesparse
-- Install bin:      bin
-- Install pkg-file: lib
-- Install rpath:    $ORIGIN
-- Build   rpath:    
-- Build type:       Release 
-- Fortran:          not enabled
-- CUDA:             not enabled
-- Skipping the demos in AMD/Demo
-- ------------------------------------------------------------------------
-- SuiteSparse CMAKE report for: AMD
-- ------------------------------------------------------------------------
-- build type:           Release
-- BUILD_SHARED_LIBS:    OFF
-- BUILD_STATIC_LIBS:    ON
-- C compiler:           G:/Program Files/Microsoft Visual Studio/2022/Enterprise/VC/Tools/MSVC/14.44.35207/bin/Hostx64/x64/cl.exe 
-- C flags:              /DWIN32 /D_WINDOWS
-- C++ compiler:         G:/Program Files/Microsoft Visual Studio/2022/Enterprise/VC/Tools/MSVC/14.44.35207/bin/Hostx64/x64/cl.exe
-- C++ flags:            /DWIN32 /D_WINDOWS /EHsc
-- C Flags release:      /O2 /Ob2 /DNDEBUG 
-- C++ Flags release:    /O2 /Ob2 /DNDEBUG 
-- Fortran compiler:     none
-- compile definitions:  _CRT_SECURE_NO_WARNINGS;_WINSOCK_DEPRECATED_NO_WARNINGS;_CRT_SECURE_NO_WARNINGS;_CRT_SECURE_NO_WARNINGS
-- ------------------------------------------------------------------------
-- Building BTF version: v2.3.3 (July 25, 2025)
-- Source:           G:/vibe-codeing/simulator 
-- Build:            G:/vibe-codeing/simulator/build 
-- Install lib:      lib
-- Install include:  include/suitesparse
-- Install bin:      bin
-- Install pkg-file: lib
-- Install rpath:    $ORIGIN
-- Build   rpath:    
-- Build type:       Release 
-- Fortran:          not enabled
-- CUDA:             not enabled
-- ------------------------------------------------------------------------
-- SuiteSparse CMAKE report for: BTF
-- ------------------------------------------------------------------------
-- build type:           Release
-- BUILD_SHARED_LIBS:    OFF
-- BUILD_STATIC_LIBS:    ON
-- C compiler:           G:/Program Files/Microsoft Visual Studio/2022/Enterprise/VC/Tools/MSVC/14.44.35207/bin/Hostx64/x64/cl.exe 
-- C flags:              /DWIN32 /D_WINDOWS
-- C++ compiler:         G:/Program Files/Microsoft Visual Studio/2022/Enterprise/VC/Tools/MSVC/14.44.35207/bin/Hostx64/x64/cl.exe
-- C++ flags:            /DWIN32 /D_WINDOWS /EHsc
-- C Flags release:      /O2 /Ob2 /DNDEBUG 
-- C++ Flags release:    /O2 /Ob2 /DNDEBUG 
-- Fortran compiler:     none
-- compile definitions:  _CRT_SECURE_NO_WARNINGS;_WINSOCK_DEPRECATED_NO_WARNINGS;_CRT_SECURE_NO_WARNINGS;_CRT_SECURE_NO_WARNINGS
-- ------------------------------------------------------------------------
-- Building COLAMD version: v3.3.5 (July 25, 2025)
-- Source:           G:/vibe-codeing/simulator 
-- Build:            G:/vibe-codeing/simulator/build 
-- Install lib:      lib
-- Install include:  include/suitesparse
-- Install bin:      bin
-- Install pkg-file: lib
-- Install rpath:    $ORIGIN
-- Build   rpath:    
-- Build type:       Release 
-- Fortran:          not enabled
-- CUDA:             not enabled
-- Skipping the demos in COLAMD/Demo
-- ------------------------------------------------------------------------
-- SuiteSparse CMAKE report for: COLAMD
-- ------------------------------------------------------------------------
-- build type:           Release
-- BUILD_SHARED_LIBS:    OFF
-- BUILD_STATIC_LIBS:    ON
-- C compiler:           G:/Program Files/Microsoft Visual Studio/2022/Enterprise/VC/Tools/MSVC/14.44.35207/bin/Hostx64/x64/cl.exe 
-- C flags:              /DWIN32 /D_WINDOWS
-- C++ compiler:         G:/Program Files/Microsoft Visual Studio/2022/Enterprise/VC/Tools/MSVC/14.44.35207/bin/Hostx64/x64/cl.exe
-- C++ flags:            /DWIN32 /D_WINDOWS /EHsc
-- C Flags release:      /O2 /Ob2 /DNDEBUG 
-- C++ Flags release:    /O2 /Ob2 /DNDEBUG 
-- Fortran compiler:     none
-- compile definitions:  _CRT_SECURE_NO_WARNINGS;_WINSOCK_DEPRECATED_NO_WARNINGS;_CRT_SECURE_NO_WARNINGS;_CRT_SECURE_NO_WARNINGS
-- ------------------------------------------------------------------------
-- Building KLU version: v2.3.6 (July 25, 2025)
-- Source:           G:/vibe-codeing/simulator 
-- Build:            G:/vibe-codeing/simulator/build 
-- Install lib:      lib
-- Install include:  include/suitesparse
-- Install bin:      bin
-- Install pkg-file: lib
-- Install rpath:    $ORIGIN
-- Build   rpath:    
-- Build type:       Release 
-- Fortran:          not enabled
-- CUDA:             not enabled
-- CHOLMOD not found or not requested
-- Skipping the demos in KLU/Demo
-- ------------------------------------------------------------------------
-- SuiteSparse CMAKE report for: KLU
-- ------------------------------------------------------------------------
-- build type:           Release
-- BUILD_SHARED_LIBS:    OFF
-- BUILD_STATIC_LIBS:    ON
-- C compiler:           G:/Program Files/Microsoft Visual Studio/2022/Enterprise/VC/Tools/MSVC/14.44.35207/bin/Hostx64/x64/cl.exe 
-- C flags:              /DWIN32 /D_WINDOWS
-- C++ compiler:         G:/Program Files/Microsoft Visual Studio/2022/Enterprise/VC/Tools/MSVC/14.44.35207/bin/Hostx64/x64/cl.exe
-- C++ flags:            /DWIN32 /D_WINDOWS /EHsc
-- C Flags release:      /O2 /Ob2 /DNDEBUG 
-- C++ Flags release:    /O2 /Ob2 /DNDEBUG 
-- Fortran compiler:     none
-- compile definitions:  _CRT_SECURE_NO_WARNINGS;_WINSOCK_DEPRECATED_NO_WARNINGS;_CRT_SECURE_NO_WARNINGS;_CRT_SECURE_NO_WARNINGS;NCHOLMOD
-- ------------------------------------------------------------------------
-- ------------------------------------------------------------------------
-- SuiteSparse CMAKE report for: SuiteSparse
-- ------------------------------------------------------------------------
-- build type:           Release
-- BUILD_SHARED_LIBS:    OFF
-- BUILD_STATIC_LIBS:    ON
-- C compiler:           G:/Program Files/Microsoft Visual Studio/2022/Enterprise/VC/Tools/MSVC/14.44.35207/bin/Hostx64/x64/cl.exe 
-- C flags:              /DWIN32 /D_WINDOWS
-- C++ compiler:         G:/Program Files/Microsoft Visual Studio/2022/Enterprise/VC/Tools/MSVC/14.44.35207/bin/Hostx64/x64/cl.exe
-- C++ flags:            /DWIN32 /D_WINDOWS /EHsc
-- C Flags release:      /O2 /Ob2 /DNDEBUG 
-- C++ Flags release:    /O2 /Ob2 /DNDEBUG 
-- Fortran compiler:     none
-- compile definitions:  _CRT_SECURE_NO_WARNINGS;_WINSOCK_DEPRECATED_NO_WARNINGS;_CRT_SECURE_NO_WARNINGS
-- ------------------------------------------------------------------------
CMake Warning (dev) at G:/Program Files/Microsoft Visual Studio/2022/Enterprise/Common7/IDE/CommonExtensions/Microsoft/CMake/CMake/share/cmake-3.31/Modules/FetchContent.cmake:1373 (message):
  The DOWNLOAD_EXTRACT_TIMESTAMP option was not given and policy CMP0135 is
  not set.  The policy's OLD behavior will be used.  When using a URL
  download, the timestamps of extracted files should preferably be that of
  the time of extraction, otherwise code that depends on the extracted
  contents might not be rebuilt if the URL changes.  The OLD behavior
  preserves the timestamps from the archive instead, but this is usually not
  what you want.  Update your project to the NEW behavior or specify the
  DOWNLOAD_EXTRACT_TIMESTAMP option with a value of true to avoid this
  robustness issue.
Call Stack (most recent call first):
  tests/CMakeLists.txt:7 (FetchContent_Declare)
This warning is for project developers.  Use -Wno-dev to suppress it.

-- Found Python3: C:/Program Files/WindowsApps/PythonSoftwareFoundation.Python.3.13_3.13.3824.0_x64__qbz5n2kfra8p0/python3.13.exe (found version "3.13.14") found components: Interpreter
-- Performing Test CMAKE_HAVE_LIBC_PTHREAD
-- Performing Test CMAKE_HAVE_LIBC_PTHREAD - Failed
-- Looking for pthread_create in pthreads
-- Looking for pthread_create in pthreads - not found
-- Looking for pthread_create in pthread
-- Looking for pthread_create in pthread - not found
-- Found Threads: TRUE
-- Configuring done (27.9s)
-- Generating done (0.1s)
-- Build files have been written to: G:/vibe-codeing/simulator/build
