Running main() from G:/vibe-codeing/simulator/build/_deps/googletest-src/googletest/src/gtest_main.cc
Note: Google Test filter = -*S1_InverterChainGrid*:*S2_Bsim4CsNhGrid*
[==========] Running 123 tests from 26 test suites.
[----------] Global test environment set-up.
[----------] 7 tests from LargeCircuitLinear
[ RUN      ] LargeCircuitLinear.ResistorMesh20x20_DC
[L1.smoke] mesh 20x20 nodes=400 devs=781 wall=6.3 ms vWest=1.0000 vEast=0.0242 monoViol=0.00e+00 symDiff=7.57e-01
[       OK ] LargeCircuitLinear.ResistorMesh20x20_DC (7 ms)
[ RUN      ] LargeCircuitLinear.ResistorMesh50x50_DC_HEAVY
[L1.heavy] mesh 50x50 nodes=2500 devs=4951 wall=43.2 ms vWest=1.0000 vEast=0.0079 monoViol=0.00e+00 symDiff=8.08e-01
[       OK ] LargeCircuitLinear.ResistorMesh50x50_DC_HEAVY (46 ms)
[ RUN      ] LargeCircuitLinear.RcLadder1000_AC_HEAVY
[L2.N1000] N=1000 f=1.000e+00 Hz |H|=3.487442e-01
[L2.N1000] N=1000 f=1.000e+01 Hz |H|=7.338182e-03
[L2.N1000] N=1000 f=1.000e+02 Hz |H|=3.974754e-08
[L2.N1000] N=1000 f=1.000e+03 Hz |H|=8.716059e-25
[L2.N1000] N=1000 nodes=1001 devs=2001 wall=2267.7 ms mono=1
[       OK ] LargeCircuitLinear.RcLadder1000_AC_HEAVY (2269 ms)
[ RUN      ] LargeCircuitLinear.RcLadder2000_AC_HEAVY
[L2.N2000] N=2000 f=1.000e+00 Hz |H|=5.765823e-02
[L2.N2000] N=2000 f=1.000e+01 Hz |H|=2.700018e-05
[L2.N2000] N=2000 f=1.000e+02 Hz |H|=7.969655e-16
[L2.N2000] N=2000 f=1.000e+03 Hz |H|=3.906469e-49
[L2.N2000] N=2000 nodes=2001 devs=4001 wall=20469.5 ms mono=1
[       OK ] LargeCircuitLinear.RcLadder2000_AC_HEAVY (20471 ms)
[ RUN      ] LargeCircuitLinear.LcTankChain10
[L3.N10] LC N=10 f0=50.30 MHz |H| @ {f0/10,f0/2,f0,2f0,10f0} = 0.9526 0.4289 0.0003672 0.4282 0.9525  AC wall=0.0 ms
[L3.N10] LC N=10 DC=0.1 ms AC=0.0 ms HBlin=0.0 ms
[       OK ] LargeCircuitLinear.LcTankChain10 (0 ms)
[ RUN      ] LargeCircuitLinear.LcTankChain50_HEAVY
[L3.N50] LC N=50 f0=50.30 MHz |H| @ {f0/10,f0/2,f0,2f0,10f0} = 0.5309 0.09453 7.344e-05 0.09435 0.5305  AC wall=0.6 ms
[L3.N50] LC N=50 DC=0.5 ms AC=0.6 ms HBlin=0.6 ms
[       OK ] LargeCircuitLinear.LcTankChain50_HEAVY (2 ms)
[ RUN      ] LargeCircuitLinear.LinearHbNhScan
[L4.NHscan] NH=3 nodes=11 wall=0.0 ms
[L4.NHscan] NH=5 nodes=11 wall=0.1 ms
[L4.NHscan] NH=9 nodes=11 wall=0.1 ms
[L4.NHscan] NH=15 nodes=11 wall=0.1 ms
[       OK ] LargeCircuitLinear.LinearHbNhScan (0 ms)
[----------] 7 tests from LargeCircuitLinear (22798 ms total)

[----------] 2 tests from LargeCircuitHbnl
[ RUN      ] LargeCircuitHbnl.DiodeRectifierStack5_NH5_DefaultDense
[G1.default] N=5 NH=5 nodes=7 dim=88 (<200 dense) dcConv=1 dc=2.2 ms hbConv=0 hb=325.2 ms |H1(tap1)|=0.001863
[       OK ] LargeCircuitHbnl.DiodeRectifierStack5_NH5_DefaultDense (329 ms)
[ RUN      ] LargeCircuitHbnl.DiodeRectifierStack30_NH10_HEAVY_TriggersGmres
[G1.heavy] N=30 NH=10 nodes=32 dim=693 (>=200 → GMRES path) dcConv=1 dc=10.2 ms hbConv=0 hb=5944.9 ms |H1(tap1)|=0.0004798
[G1.heavy] HB-NL did NOT converge via GMRES path — recorded for V2-γ HB-NL preconditioner tuning task
[       OK ] LargeCircuitHbnl.DiodeRectifierStack30_NH10_HEAVY_TriggersGmres (5957 ms)
[----------] 2 tests from LargeCircuitHbnl (6287 ms total)

[----------] 9 tests from LargeCircuitBsim4
VA: 
RESET igcMod to 0

[ RUN      ] LargeCircuitBsim4.G2_Bsim4CsNhScan
VA: 
RESET igcMod to 0

[G2.NHscan] NH=3 nodes=15 dim≈119 (dense) hbConv=0 wall=90.8 ms |H1(drain)|=6.963
VA: 
RESET igcMod to 0

[G2.NHscan] NH=7 nodes=15 dim≈255 (GMRES) hbConv=0 wall=429.1 ms |H1(drain)|=2.669
VA: 
RESET igcMod to 0

[G2.NHscan] NH=11 nodes=15 dim≈391 (GMRES) hbConv=0 wall=1137.0 ms |H1(drain)|=6.15
VA: 
RESET igcMod to 0

[G2.NHscan] NH=15 nodes=15 dim≈527 (GMRES) hbConv=0 wall=2205.0 ms |H1(drain)|=7.234
[       OK ] LargeCircuitBsim4.G2_Bsim4CsNhScan (3869 ms)
[ RUN      ] LargeCircuitBsim4.A1_InverterChain10
VA: 
RESET igcMod to 0

VA: 
RESET igcMod to 0

VA: 
RESET igcMod to 0

VA: 
RESET igcMod to 0

VA: 
RESET igcMod to 0

VA: 
RESET igcMod to 0

VA: 
RESET igcMod to 0

VA: 
RESET igcMod to 0

VA: 
RESET igcMod to 0

VA: 
RESET igcMod to 0

