[1/163] Building C object _deps\suitesparse-build\AMD\CMakeFiles\AMD_static.dir\Source\amd_dump.c.obj
cl: 命令行 warning D9025 :正在重写“/W1”(用“/W0”)
[2/163] Building C object _deps\suitesparse-build\AMD\CMakeFiles\AMD_static.dir\Source\amd_version.c.obj
cl: 命令行 warning D9025 :正在重写“/W1”(用“/W0”)
[3/163] Building C object _deps\suitesparse-build\AMD\CMakeFiles\AMD_static.dir\Source\amd_l_dump.c.obj
cl: 命令行 warning D9025 :正在重写“/W1”(用“/W0”)
[4/163] Building C object _deps\suitesparse-build\AMD\CMakeFiles\AMD_static.dir\Source\amd_control.c.obj
cl: 命令行 warning D9025 :正在重写“/W1”(用“/W0”)
[5/163] Building C object _deps\suitesparse-build\AMD\CMakeFiles\AMD_static.dir\Source\amd_l_post_tree.c.obj
cl: 命令行 warning D9025 :正在重写“/W1”(用“/W0”)
[6/163] Building C object _deps\suitesparse-build\AMD\CMakeFiles\AMD_static.dir\Source\amd_l_postorder.c.obj
cl: 命令行 warning D9025 :正在重写“/W1”(用“/W0”)
[7/163] Building C object _deps\suitesparse-build\AMD\CMakeFiles\AMD_static.dir\Source\amd_post_tree.c.obj
cl: 命令行 warning D9025 :正在重写“/W1”(用“/W0”)
[8/163] Building C object _deps\suitesparse-build\AMD\CMakeFiles\AMD_static.dir\Source\amd_l_defaults.c.obj
cl: 命令行 warning D9025 :正在重写“/W1”(用“/W0”)
[9/163] Building C object _deps\suitesparse-build\AMD\CMakeFiles\AMD_static.dir\Source\amd_valid.c.obj
cl: 命令行 warning D9025 :正在重写“/W1”(用“/W0”)
[10/163] Building C object _deps\suitesparse-build\AMD\CMakeFiles\AMD_static.dir\Source\amd_preprocess.c.obj
cl: 命令行 warning D9025 :正在重写“/W1”(用“/W0”)
[11/163] Building C object _deps\suitesparse-build\AMD\CMakeFiles\AMD_static.dir\Source\amd_l_info.c.obj
cl: 命令行 warning D9025 :正在重写“/W1”(用“/W0”)
[12/163] Building C object _deps\suitesparse-build\AMD\CMakeFiles\AMD_static.dir\Source\amd_l_preprocess.c.obj
cl: 命令行 warning D9025 :正在重写“/W1”(用“/W0”)
[13/163] Building C object _deps\suitesparse-build\AMD\CMakeFiles\AMD_static.dir\Source\amd_l_control.c.obj
cl: 命令行 warning D9025 :正在重写“/W1”(用“/W0”)
[14/163] Building C object _deps\suitesparse-build\AMD\CMakeFiles\AMD_static.dir\Source\amd_defaults.c.obj
cl: 命令行 warning D9025 :正在重写“/W1”(用“/W0”)
[15/163] Building C object _deps\suitesparse-build\AMD\CMakeFiles\AMD_static.dir\Source\amd_info.c.obj
cl: 命令行 warning D9025 :正在重写“/W1”(用“/W0”)
[16/163] Building C object _deps\suitesparse-build\AMD\CMakeFiles\AMD_static.dir\Source\amd_postorder.c.obj
cl: 命令行 warning D9025 :正在重写“/W1”(用“/W0”)
[17/163] Building C object _deps\suitesparse-build\AMD\CMakeFiles\AMD_static.dir\Source\amd_l_order.c.obj
cl: 命令行 warning D9025 :正在重写“/W1”(用“/W0”)
[18/163] Building C object _deps\suitesparse-build\AMD\CMakeFiles\AMD_static.dir\Source\amd_1.c.obj
cl: 命令行 warning D9025 :正在重写“/W1”(用“/W0”)
[19/163] Building C object _deps\suitesparse-build\AMD\CMakeFiles\AMD_static.dir\Source\amd_l_valid.c.obj
cl: 命令行 warning D9025 :正在重写“/W1”(用“/W0”)
[20/163] Building C object _deps\suitesparse-build\SuiteSparse_config\CMakeFiles\SuiteSparseConfig_static.dir\SuiteSparse_config.c.obj
cl: 命令行 warning D9025 :正在重写“/W1”(用“/W0”)
[21/163] Building C object _deps\suitesparse-build\AMD\CMakeFiles\AMD_static.dir\Source\amd_order.c.obj
cl: 命令行 warning D9025 :正在重写“/W1”(用“/W0”)
[22/163] Building C object _deps\suitesparse-build\AMD\CMakeFiles\AMD_static.dir\Source\amd_l1.c.obj
cl: 命令行 warning D9025 :正在重写“/W1”(用“/W0”)
[23/163] Building C object _deps\suitesparse-build\AMD\CMakeFiles\AMD_static.dir\Source\amd_l_aat.c.obj
cl: 命令行 warning D9025 :正在重写“/W1”(用“/W0”)
[24/163] Building C object _deps\suitesparse-build\AMD\CMakeFiles\AMD_static.dir\Source\amd_aat.c.obj
cl: 命令行 warning D9025 :正在重写“/W1”(用“/W0”)
[25/163] Building C object _deps\suitesparse-build\AMD\CMakeFiles\AMD_static.dir\Source\amd_l2.c.obj
cl: 命令行 warning D9025 :正在重写“/W1”(用“/W0”)
[26/163] Building C object _deps\suitesparse-build\AMD\CMakeFiles\AMD_static.dir\Source\amd_2.c.obj
cl: 命令行 warning D9025 :正在重写“/W1”(用“/W0”)
[27/163] Building C object _deps\suitesparse-build\BTF\CMakeFiles\BTF_static.dir\Source\btf_version.c.obj
cl: 命令行 warning D9025 :正在重写“/W1”(用“/W0”)
[28/163] Building C object _deps\suitesparse-build\KLU\CMakeFiles\KLU_static.dir\Source\klu_defaults.c.obj
cl: 命令行 warning D9025 :正在重写“/W1”(用“/W0”)
[29/163] Building C object _deps\suitesparse-build\BTF\CMakeFiles\BTF_static.dir\Source\btf_order.c.obj
cl: 命令行 warning D9025 :正在重写“/W1”(用“/W0”)
[30/163] Building C object _deps\suitesparse-build\COLAMD\CMakeFiles\COLAMD_static.dir\Source\colamd_version.c.obj
cl: 命令行 warning D9025 :正在重写“/W1”(用“/W0”)
[31/163] Building C object _deps\suitesparse-build\BTF\CMakeFiles\BTF_static.dir\Source\btf_l_maxtrans.c.obj
cl: 命令行 warning D9025 :正在重写“/W1”(用“/W0”)
[32/163] Building C object _deps\suitesparse-build\BTF\CMakeFiles\BTF_static.dir\Source\btf_maxtrans.c.obj
cl: 命令行 warning D9025 :正在重写“/W1”(用“/W0”)
[33/163] Building C object _deps\suitesparse-build\BTF\CMakeFiles\BTF_static.dir\Source\btf_l_strongcomp.c.obj
cl: 命令行 warning D9025 :正在重写“/W1”(用“/W0”)
[34/163] Building C object _deps\suitesparse-build\BTF\CMakeFiles\BTF_static.dir\Source\btf_l_order.c.obj
cl: 命令行 warning D9025 :正在重写“/W1”(用“/W0”)
[35/163] Linking C static library lib\suitesparseconfig_static.lib
[36/163] Building C object _deps\suitesparse-build\KLU\CMakeFiles\KLU_static.dir\Source\klu_free_numeric.c.obj
cl: 命令行 warning D9025 :正在重写“/W1”(用“/W0”)
[37/163] Building C object _deps\suitesparse-build\KLU\CMakeFiles\KLU_static.dir\Source\klu_analyze_given.c.obj
cl: 命令行 warning D9025 :正在重写“/W1”(用“/W0”)
[38/163] Building C object _deps\suitesparse-build\KLU\CMakeFiles\KLU_static.dir\Source\klu_diagnostics.c.obj
cl: 命令行 warning D9025 :正在重写“/W1”(用“/W0”)
[39/163] Building C object _deps\suitesparse-build\KLU\CMakeFiles\KLU_static.dir\Source\klu_extract.c.obj
cl: 命令行 warning D9025 :正在重写“/W1”(用“/W0”)
[40/163] Building C object _deps\suitesparse-build\KLU\CMakeFiles\KLU_static.dir\Source\klu_l_analyze.c.obj
cl: 命令行 warning D9025 :正在重写“/W1”(用“/W0”)
[41/163] Building C object _deps\suitesparse-build\KLU\CMakeFiles\KLU_static.dir\Source\klu.c.obj
cl: 命令行 warning D9025 :正在重写“/W1”(用“/W0”)
[42/163] Building C object _deps\suitesparse-build\KLU\CMakeFiles\KLU_static.dir\Source\klu_analyze.c.obj
cl: 命令行 warning D9025 :正在重写“/W1”(用“/W0”)
[43/163] Building C object _deps\suitesparse-build\KLU\CMakeFiles\KLU_static.dir\Source\klu_l.c.obj
cl: 命令行 warning D9025 :正在重写“/W1”(用“/W0”)
[44/163] Building C object _deps\suitesparse-build\KLU\CMakeFiles\KLU_static.dir\Source\klu_factor.c.obj
cl: 命令行 warning D9025 :正在重写“/W1”(用“/W0”)
[45/163] Building C object _deps\suitesparse-build\KLU\CMakeFiles\KLU_static.dir\Source\klu_free_symbolic.c.obj
cl: 命令行 warning D9025 :正在重写“/W1”(用“/W0”)
[46/163] Building C object _deps\suitesparse-build\KLU\CMakeFiles\KLU_static.dir\Source\klu_dump.c.obj
cl: 命令行 warning D9025 :正在重写“/W1”(用“/W0”)
[47/163] Building C object _deps\suitesparse-build\KLU\CMakeFiles\KLU_static.dir\Source\klu_kernel.c.obj
cl: 命令行 warning D9025 :正在重写“/W1”(用“/W0”)
[48/163] Building C object _deps\suitesparse-build\BTF\CMakeFiles\BTF_static.dir\Source\btf_strongcomp.c.obj
cl: 命令行 warning D9025 :正在重写“/W1”(用“/W0”)
[49/163] Building C object _deps\suitesparse-build\KLU\CMakeFiles\KLU_static.dir\Source\klu_l_defaults.c.obj
cl: 命令行 warning D9025 :正在重写“/W1”(用“/W0”)
[50/163] Building C object _deps\suitesparse-build\KLU\CMakeFiles\KLU_static.dir\Source\klu_l_analyze_given.c.obj
cl: 命令行 warning D9025 :正在重写“/W1”(用“/W0”)
[51/163] Building C object _deps\suitesparse-build\KLU\CMakeFiles\KLU_static.dir\Source\klu_l_dump.c.obj
cl: 命令行 warning D9025 :正在重写“/W1”(用“/W0”)
[52/163] Building C object _deps\suitesparse-build\KLU\CMakeFiles\KLU_static.dir\Source\klu_l_memory.c.obj
cl: 命令行 warning D9025 :正在重写“/W1”(用“/W0”)
[53/163] Building C object _deps\suitesparse-build\KLU\CMakeFiles\KLU_static.dir\Source\klu_memory.c.obj
cl: 命令行 warning D9025 :正在重写“/W1”(用“/W0”)
[54/163] Building C object _deps\suitesparse-build\KLU\CMakeFiles\KLU_static.dir\Source\klu_l_free_symbolic.c.obj
cl: 命令行 warning D9025 :正在重写“/W1”(用“/W0”)
[55/163] Building C object _deps\suitesparse-build\KLU\CMakeFiles\KLU_static.dir\Source\klu_l_diagnostics.c.obj
cl: 命令行 warning D9025 :正在重写“/W1”(用“/W0”)
[56/163] Building C object _deps\suitesparse-build\KLU\CMakeFiles\KLU_static.dir\Source\klu_l_scale.c.obj
cl: 命令行 warning D9025 :正在重写“/W1”(用“/W0”)
[57/163] Building C object _deps\suitesparse-build\KLU\CMakeFiles\KLU_static.dir\Source\klu_l_free_numeric.c.obj
cl: 命令行 warning D9025 :正在重写“/W1”(用“/W0”)
[58/163] Building C object _deps\suitesparse-build\KLU\CMakeFiles\KLU_static.dir\Source\klu_scale.c.obj
cl: 命令行 warning D9025 :正在重写“/W1”(用“/W0”)
[59/163] Building C object _deps\suitesparse-build\COLAMD\CMakeFiles\COLAMD_static.dir\Source\colamd.c.obj
cl: 命令行 warning D9025 :正在重写“/W1”(用“/W0”)
[60/163] Building C object _deps\suitesparse-build\COLAMD\CMakeFiles\COLAMD_static.dir\Source\colamd_l.c.obj
cl: 命令行 warning D9025 :正在重写“/W1”(用“/W0”)
[61/163] Building C object _deps\suitesparse-build\KLU\CMakeFiles\KLU_static.dir\Source\klu_l_kernel.c.obj
cl: 命令行 warning D9025 :正在重写“/W1”(用“/W0”)
[62/163] Building C object _deps\suitesparse-build\KLU\CMakeFiles\KLU_static.dir\Source\klu_version.c.obj
cl: 命令行 warning D9025 :正在重写“/W1”(用“/W0”)
[63/163] Linking C static library lib\btf_static.lib
[64/163] Linking C static library lib\amd_static.lib
[65/163] Building C object _deps\suitesparse-build\KLU\CMakeFiles\KLU_static.dir\Source\klu_sort.c.obj
cl: 命令行 warning D9025 :正在重写“/W1”(用“/W0”)
[66/163] Building C object _deps\suitesparse-build\KLU\CMakeFiles\KLU_static.dir\Source\klu_l_sort.c.obj
cl: 命令行 warning D9025 :正在重写“/W1”(用“/W0”)
[67/163] Building C object _deps\suitesparse-build\KLU\CMakeFiles\KLU_static.dir\Source\klu_l_extract.c.obj
cl: 命令行 warning D9025 :正在重写“/W1”(用“/W0”)
[68/163] Linking C static library lib\colamd_static.lib
[69/163] Building C object _deps\suitesparse-build\KLU\CMakeFiles\KLU_static.dir\Source\klu_l_factor.c.obj
cl: 命令行 warning D9025 :正在重写“/W1”(用“/W0”)
[70/163] Building C object _deps\suitesparse-build\KLU\CMakeFiles\KLU_static.dir\Source\klu_l_refactor.c.obj
cl: 命令行 warning D9025 :正在重写“/W1”(用“/W0”)
[71/163] Building C object _deps\suitesparse-build\KLU\CMakeFiles\KLU_static.dir\Source\klu_z_free_numeric.c.obj
cl: 命令行 warning D9025 :正在重写“/W1”(用“/W0”)
[72/163] Building C object _deps\suitesparse-build\KLU\CMakeFiles\KLU_static.dir\Source\klu_z_dump.c.obj
cl: 命令行 warning D9025 :正在重写“/W1”(用“/W0”)
[73/163] Building C object _deps\suitesparse-build\KLU\CMakeFiles\KLU_static.dir\Source\klu_refactor.c.obj
cl: 命令行 warning D9025 :正在重写“/W1”(用“/W0”)
[74/163] Building C object _deps\suitesparse-build\KLU\CMakeFiles\KLU_static.dir\Source\klu_z_sort.c.obj
cl: 命令行 warning D9025 :正在重写“/W1”(用“/W0”)
[75/163] Building C object _deps\suitesparse-build\KLU\CMakeFiles\KLU_static.dir\Source\klu_z_scale.c.obj
cl: 命令行 warning D9025 :正在重写“/W1”(用“/W0”)
[76/163] Building C object _deps\suitesparse-build\KLU\CMakeFiles\KLU_static.dir\Source\klu_zl_dump.c.obj
cl: 命令行 warning D9025 :正在重写“/W1”(用“/W0”)
[77/163] Building C object _deps\suitesparse-build\KLU\CMakeFiles\KLU_static.dir\Source\klu_z_extract.c.obj
cl: 命令行 warning D9025 :正在重写“/W1”(用“/W0”)
[78/163] Building C object _deps\suitesparse-build\KLU\CMakeFiles\KLU_static.dir\Source\klu_z_kernel.c.obj
cl: 命令行 warning D9025 :正在重写“/W1”(用“/W0”)
[79/163] Building C object _deps\suitesparse-build\KLU\CMakeFiles\KLU_static.dir\Source\klu_l_solve.c.obj
cl: 命令行 warning D9025 :正在重写“/W1”(用“/W0”)
[80/163] Building C object _deps\suitesparse-build\KLU\CMakeFiles\KLU_static.dir\Source\klu_l_tsolve.c.obj
cl: 命令行 warning D9025 :正在重写“/W1”(用“/W0”)
[81/163] Building C object _deps\suitesparse-build\KLU\CMakeFiles\KLU_static.dir\Source\klu_z_factor.c.obj
cl: 命令行 warning D9025 :正在重写“/W1”(用“/W0”)
[82/163] Building C object _deps\suitesparse-build\KLU\CMakeFiles\KLU_static.dir\Source\klu_zl_free_numeric.c.obj
cl: 命令行 warning D9025 :正在重写“/W1”(用“/W0”)
[83/163] Building C object _deps\suitesparse-build\KLU\CMakeFiles\KLU_static.dir\Source\klu_zl_scale.c.obj
cl: 命令行 warning D9025 :正在重写“/W1”(用“/W0”)
[84/163] Building C object _deps\suitesparse-build\KLU\CMakeFiles\KLU_static.dir\Source\klu_z.c.obj
cl: 命令行 warning D9025 :正在重写“/W1”(用“/W0”)
[85/163] Building C object _deps\suitesparse-build\KLU\CMakeFiles\KLU_static.dir\Source\klu_z_diagnostics.c.obj
cl: 命令行 warning D9025 :正在重写“/W1”(用“/W0”)
[86/163] Building C object _deps\suitesparse-build\KLU\CMakeFiles\KLU_static.dir\Source\klu_zl_diagnostics.c.obj
cl: 命令行 warning D9025 :正在重写“/W1”(用“/W0”)
[87/163] Building C object _deps\suitesparse-build\KLU\CMakeFiles\KLU_static.dir\Source\klu_zl_factor.c.obj
cl: 命令行 warning D9025 :正在重写“/W1”(用“/W0”)
[88/163] Building C object _deps\suitesparse-build\KLU\CMakeFiles\KLU_static.dir\Source\klu_zl_extract.c.obj
cl: 命令行 warning D9025 :正在重写“/W1”(用“/W0”)
[89/163] Building C object _deps\suitesparse-build\KLU\CMakeFiles\KLU_static.dir\Source\klu_zl_kernel.c.obj
cl: 命令行 warning D9025 :正在重写“/W1”(用“/W0”)
[90/163] Building C object _deps\suitesparse-build\KLU\CMakeFiles\KLU_static.dir\Source\klu_solve.c.obj
cl: 命令行 warning D9025 :正在重写“/W1”(用“/W0”)
[91/163] Building C object _deps\suitesparse-build\KLU\CMakeFiles\KLU_static.dir\Source\klu_tsolve.c.obj
cl: 命令行 warning D9025 :正在重写“/W1”(用“/W0”)
[92/163] Building C object _deps\suitesparse-build\KLU\CMakeFiles\KLU_static.dir\Source\klu_zl_sort.c.obj
cl: 命令行 warning D9025 :正在重写“/W1”(用“/W0”)
[93/163] Building C object _deps\suitesparse-build\KLU\CMakeFiles\KLU_static.dir\Source\klu_zl.c.obj
cl: 命令行 warning D9025 :正在重写“/W1”(用“/W0”)
[94/163] Building C object _deps\suitesparse-build\KLU\CMakeFiles\KLU_static.dir\Source\klu_z_solve.c.obj
cl: 命令行 warning D9025 :正在重写“/W1”(用“/W0”)
[95/163] Building C object _deps\suitesparse-build\KLU\CMakeFiles\KLU_static.dir\Source\klu_zl_refactor.c.obj
cl: 命令行 warning D9025 :正在重写“/W1”(用“/W0”)
[96/163] Building C object _deps\suitesparse-build\KLU\CMakeFiles\KLU_static.dir\Source\klu_z_refactor.c.obj
cl: 命令行 warning D9025 :正在重写“/W1”(用“/W0”)
[97/163] Building C object _deps\suitesparse-build\KLU\CMakeFiles\KLU_static.dir\Source\klu_z_tsolve.c.obj
cl: 命令行 warning D9025 :正在重写“/W1”(用“/W0”)
[98/163] Building C object _deps\suitesparse-build\KLU\CMakeFiles\KLU_static.dir\Source\klu_zl_solve.c.obj
cl: 命令行 warning D9025 :正在重写“/W1”(用“/W0”)
[99/163] Building C object _deps\suitesparse-build\KLU\CMakeFiles\KLU_static.dir\Source\klu_zl_tsolve.c.obj
cl: 命令行 warning D9025 :正在重写“/W1”(用“/W0”)
[100/163] Building CXX object src\CMakeFiles\rfsim_core.dir\assembly\lu_solver.cpp.obj
[101/163] Linking C static library lib\klu_static.lib
[102/163] Building CXX object src\CMakeFiles\rfsim_core.dir\assembly\gmres.cpp.obj
[103/163] Building CXX object src\CMakeFiles\rfsim_core.dir\assembly\klu_solver.cpp.obj
[104/163] Building CXX object src\CMakeFiles\rfsim_core.dir\circuit\node_table.cpp.obj
[105/163] Building CXX object src\CMakeFiles\rfsim_core.dir\parser\ast.cpp.obj
[106/163] Building CXX object src\CMakeFiles\rfsim_core.dir\assembly\matrix.cpp.obj
[107/163] Building CXX object src\CMakeFiles\rfsim_core.dir\circuit\circuit.cpp.obj
[108/163] Building CXX object src\CMakeFiles\rfsim_core.dir\model\builtin_devices.cpp.obj
[109/163] Building CXX object src\CMakeFiles\rfsim_core.dir\solver\dc_sweep.cpp.obj
[110/163] Building CXX object src\CMakeFiles\rfsim_core.dir\parser\expression.cpp.obj
[111/163] Building CXX object src\CMakeFiles\rfsim_core.dir\parser\token.cpp.obj
[112/163] Building CXX object src\CMakeFiles\rfsim_core.dir\assembly\mna.cpp.obj
G:\vibe-codeing\simulator\src\assembly\mna.cpp(27): warning C4100: 'nodeVoltages': 未引用的参数
G:\vibe-codeing\simulator\src\assembly\mna.cpp(134): warning C4100: 'devices': 未引用的参数
[113/163] Building CXX object src\CMakeFiles\rfsim_core.dir\assembly\transient_assembly.cpp.obj
[114/163] Building CXX object src\CMakeFiles\rfsim_core.dir\model\osdi_model.cpp.obj
[115/163] Building CXX object src\CMakeFiles\rfsim_core.dir\model\osdi\osdi_client.cpp.obj
[116/163] Building CXX object src\CMakeFiles\rfsim_core.dir\solver\hb_solver.cpp.obj
[117/163] Building CXX object src\CMakeFiles\rfsim_core.dir\solver\ac_analysis.cpp.obj
[118/163] Building CXX object src\CMakeFiles\rfsim_core.dir\assembly\hb_jacobian.cpp.obj
G:\vibe-codeing\simulator\src\assembly\hb_jacobian.cpp(138): warning C4146: 一元负运算符应用于无符号类型，结果仍为无符号类型
[119/163] Building CXX object src\CMakeFiles\rfsim_core.dir\circuit\flatten.cpp.obj
[120/163] Building CXX object src\CMakeFiles\rfsim_core.dir\parser\parser.cpp.obj
[121/163] Building CXX object src\CMakeFiles\rfsim_core.dir\solver\hb_nonlinear.cpp.obj
[122/163] Building CXX object src\CMakeFiles\rfsim_core.dir\output\hspice_out.cpp.obj
[123/163] Building CXX object src\CMakeFiles\rfsim_core.dir\model\device_factory.cpp.obj
[124/163] Building CXX object src\CMakeFiles\rfsim_core.dir\solver\time_stepper.cpp.obj
[125/163] Building CXX object src\CMakeFiles\rfsim_core.dir\solver\dc_op.cpp.obj
[126/163] Building CXX object src\CMakeFiles\rfsim_core.dir\model\osdi\osdi_library.cpp.obj
[127/163] Building CXX object _deps\googletest-build\googletest\CMakeFiles\gtest_main.dir\src\gtest_main.cc.obj
[128/163] Building CXX object tests\CMakeFiles\rfsim_tests.dir\test_expression.cpp.obj
[129/163] Building CXX object tests\CMakeFiles\rfsim_tests.dir\test_parser.cpp.obj
[130/163] Building CXX object tests\CMakeFiles\rfsim_tests.dir\test_lexer.cpp.obj
[131/163] Building CXX object src\CMakeFiles\rfsim_core.dir\solver\shooting.cpp.obj
[132/163] Building CXX object tests\CMakeFiles\rfsim_tests.dir\test_model.cpp.obj
[133/163] Building CXX object tests\CMakeFiles\rfsim_tests.dir\test_flatten.cpp.obj
[134/163] Building CXX object tests\CMakeFiles\rfsim_tests.dir\test_assembly.cpp.obj
[135/163] Building CXX object tests\CMakeFiles\rfsim_tests.dir\test_osdi.cpp.obj
[136/163] Building CXX object src\CMakeFiles\rfsim_cli.dir\cli\main.cpp.obj
[137/163] Building CXX object tests\CMakeFiles\rfsim_tests.dir\test_analysis.cpp.obj
[138/163] Building CXX object tests\CMakeFiles\rfsim_tests.dir\test_newton.cpp.obj
[139/163] Building CXX object tests\CMakeFiles\rfsim_tests.dir\test_gmres.cpp.obj
[140/163] Linking CXX static library lib\rfsim_core.lib
[141/163] Building CXX object tests\CMakeFiles\rfsim_tests.dir\test_hb.cpp.obj
[142/163] Building CXX object tests\CMakeFiles\rfsim_tests.dir\test_hb_nl.cpp.obj
[143/163] Building CXX object tests\CMakeFiles\rfsim_tests.dir\test_bsim4.cpp.obj
[144/163] Linking CXX executable bin\rfsim.exe
[145/163] Building CXX object tests\CMakeFiles\rfsim_tests.dir\test_osdi_models.cpp.obj
[146/163] Building CXX object tests\CMakeFiles\rfsim_tests.dir\test_shooting.cpp.obj
[147/163] Building CXX object tests\CMakeFiles\rfsim_tests.dir\test_convergence_grid.cpp.obj
[148/163] Building CXX object _deps\googletest-build\googlemock\CMakeFiles\gmock_main.dir\src\gmock_main.cc.obj
[149/163] Building CXX object tests\CMakeFiles\rfsim_tests.dir\test_gmin_floor.cpp.obj
[150/163] Building CXX object tests\CMakeFiles\rfsim_tests.dir\test_edge_cases.cpp.obj
[151/163] Building CXX object tests\CMakeFiles\rfsim_tests.dir\test_large_scale.cpp.obj
[152/163] Building CXX object tests\CMakeFiles\rfsim_tests.dir\test_multi_device.cpp.obj
[153/163] Building CXX object tests\CMakeFiles\rfsim_tests.dir\test_large_circuit.cpp.obj
[154/163] Building CXX object _deps\googletest-build\googlemock\CMakeFiles\gmock.dir\src\gmock-all.cc.obj
[155/163] Building CXX object _deps\googletest-build\googlemock\CMakeFiles\gmock_main.dir\src\gmock-all.cc.obj
[156/163] Building CXX object _deps\googletest-build\googletest\CMakeFiles\gtest.dir\src\gtest-all.cc.obj
[157/163] Building CXX object _deps\googletest-build\googlemock\CMakeFiles\gmock.dir\__\googletest\src\gtest-all.cc.obj
[158/163] Linking CXX static library lib\gtest.lib
[159/163] Building CXX object _deps\googletest-build\googlemock\CMakeFiles\gmock_main.dir\__\googletest\src\gtest-all.cc.obj
[160/163] Linking CXX static library lib\gmock.lib
[161/163] Linking CXX static library lib\gtest_main.lib
[162/163] Linking CXX static library lib\gmock_main.lib
[163/163] Linking CXX executable bin\rfsim_tests.exe
