****** rfsim RF simulator ******
****** harmonic balance + osdi ******
****** version 0.2 ******

$ netlist: 32-Finger Current Mirror Array — 1 reference + 31 mirrors
$ source: mos_mirror_32.sp

$rfsim ============================================================
$  node table
$rfsim ============================================================

  nodes (excl. gnd): 34
  [1] vdd
  [2] ref
  [3] vss
  [4] m1
  [5] m2
  [6] m3
  [7] m4
  [8] m5
  [9] m6
  [10] m7
  [11] m8
  [12] m9
  [13] m10
  [14] m11
  [15] m12
  [16] m13
  [17] m14
  [18] m15
  [19] m16
  [20] m17
  [21] m18
  [22] m19
  [23] m20
  [24] m21
  [25] m22
  [26] m23
  [27] m24
  [28] m25
  [29] m26
  [30] m27
  [31] m28
  [32] m29
  [33] m30
  [34] m31

