****** rfsim RF simulator ******
****** harmonic balance + osdi ******
****** version 0.2 ******

$ netlist: RC Ladder Lowpass — 100 sections, 201 nodes
$ source: rc_ladder_100.sp

$rfsim ============================================================
$  node table
$rfsim ============================================================

  nodes (excl. gnd): 29
  [1] in
  [2] n1
  [3] n2
  [4] n3
  [5] n4
  [6] n5
  [7] n6
  [8] n7
  [9] n8
  [10] n9
  [11] n10
  [12] n15
  [13] n20
  [14] n25
  [15] n30
  [16] n35
  [17] n40
  [18] n45
  [19] n50
  [20] n55
  [21] n60
  [22] n65
  [23] n70
  [24] n75
  [25] n80
  [26] n85
  [27] n90
  [28] n95
  [29] out

