#! /usr/bin/vvp
:ivl_version "12.0 (stable)";
:ivl_delay_selection "TYPICAL";
:vpi_time_precision + 0;
:vpi_module "/usr/lib64/ivl/system.vpi";
:vpi_module "/usr/lib64/ivl/vhdl_sys.vpi";
:vpi_module "/usr/lib64/ivl/vhdl_textio.vpi";
:vpi_module "/usr/lib64/ivl/v2005_math.vpi";
:vpi_module "/usr/lib64/ivl/va_math.vpi";
:vpi_module "/usr/lib64/ivl/v2009.vpi";
S_0x559890e1ccd0 .scope package, "$unit" "$unit" 2 1;
 .timescale 0 0;
S_0x559890e1ce60 .scope module, "FP16FP8SharedALU" "FP16FP8SharedALU" 3 2;
 .timescale 0 0;
    .port_info 0 /INPUT 1 "clk";
    .port_info 1 /INPUT 1 "rst_n";
    .port_info 2 /INPUT 1 "i_valid";
    .port_info 3 /INPUT 16 "a";
    .port_info 4 /INPUT 16 "b";
    .port_info 5 /INPUT 3 "op";
    .port_info 6 /INPUT 1 "fmt";
    .port_info 7 /INPUT 1 "o_ready";
    .port_info 8 /OUTPUT 1 "i_ready";
    .port_info 9 /OUTPUT 1 "o_valid";
    .port_info 10 /OUTPUT 16 "result";
    .port_info 11 /OUTPUT 4 "flags";
L_0x559890ecbce0 .functor NOT 1, v0x559890ef0750_0, C4<0>, C4<0>, C4<0>;
L_0x559890ecd9e0 .functor OR 1, L_0x559890ecbce0, L_0x559890ef2560, C4<0>, C4<0>;
L_0x559890e57ad0 .functor NOT 1, v0x559890ef2240_0, C4<0>, C4<0>, C4<0>;
L_0x559890ef2560 .functor OR 1, L_0x559890e57ad0, L_0x559890ef2710, C4<0>, C4<0>;
L_0x559890ef26a0 .functor NOT 1, v0x559890eef3d0_0, C4<0>, C4<0>, C4<0>;
o0x7f42685821e8 .functor BUFZ 1, C4<z>; HiZ drive
L_0x559890ef2710 .functor OR 1, L_0x559890ef26a0, o0x7f42685821e8, C4<0>, C4<0>;
L_0x559890ef2860 .functor BUFZ 1, L_0x559890ecd9e0, C4<0>, C4<0>, C4<0>;
L_0x559890ef2920 .functor BUFZ 1, v0x559890eef3d0_0, C4<0>, C4<0>, C4<0>;
v0x559890ecbe00_0 .net *"_ivl_0", 0 0, L_0x559890ecbce0;  1 drivers
L_0x7f4268538018 .functor BUFT 1, C4<0000000000000000>, C4<0>, C4<0>, C4<0>;
v0x559890ecbea0_0 .net/2u *"_ivl_16", 15 0, L_0x7f4268538018;  1 drivers
L_0x7f4268538060 .functor BUFT 1, C4<0000>, C4<0>, C4<0>, C4<0>;
v0x559890ecc5b0_0 .net/2u *"_ivl_20", 3 0, L_0x7f4268538060;  1 drivers
v0x559890ecc650_0 .net *"_ivl_4", 0 0, L_0x559890e57ad0;  1 drivers
v0x559890ecdb00_0 .net *"_ivl_8", 0 0, L_0x559890ef26a0;  1 drivers
o0x7f4268581108 .functor BUFZ 16, C4<zzzzzzzzzzzzzzzz>; HiZ drive
v0x559890ecdba0_0 .net "a", 15 0, o0x7f4268581108;  0 drivers
v0x559890eea460_0 .var "a_exp", 4 0;
v0x559890eea540_0 .var "a_exp_fp16", 4 0;
v0x559890eea620_0 .var "a_exp_fp8", 4 0;
v0x559890eea700_0 .var "a_hidden_fp16", 0 0;
v0x559890eea7c0_0 .var "a_hidden_fp8", 0 0;
v0x559890eea880_0 .var "a_is_inf", 0 0;
v0x559890eea940_0 .var "a_is_nan", 0 0;
v0x559890eeaa00_0 .var "a_is_zero", 0 0;
v0x559890eeaac0_0 .var "a_mag", 14 0;
v0x559890eeaba0_0 .var "a_mant_fp16", 9 0;
v0x559890eeac80_0 .var "a_mant_fp8", 1 0;
v0x559890eead60_0 .var "a_mant_full", 10 0;
v0x559890eeae40_0 .var "a_mant_full_fp16", 10 0;
v0x559890eeaf20_0 .var "a_mant_full_fp8", 10 0;
v0x559890eeb000_0 .var "a_sign", 0 0;
v0x559890eeb0c0_0 .var "a_sign_fp16", 0 0;
v0x559890eeb180_0 .var "a_sign_fp8", 0 0;
v0x559890eeb240_0 .var "add_a_is_bigger", 0 0;
v0x559890eeb300_0 .var "add_big_exp", 4 0;
v0x559890eeb3e0_0 .var "add_big_mant", 10 0;
v0x559890eeb4c0_0 .var "add_big_mant_ext", 15 0;
v0x559890eeb5a0_0 .var "add_big_sign", 0 0;
v0x559890eeb660_0 .var "add_eff_b_sign", 0 0;
v0x559890eeb720_0 .var "add_norm_exp", 6 0;
v0x559890eeb800_0 .var "add_norm_mant", 10 0;
v0x559890eeb8e0_0 .var "add_norm_shift", 3 0;
v0x559890eeb9c0_0 .var "add_norm_shifted", 31 0;
v0x559890eebaa0_0 .var "add_raw_sum", 16 0;
v0x559890eebb80_0 .var "add_res_mag", 16 0;
v0x559890eebc60_0 .var "add_res_sign", 0 0;
v0x559890eebd20_0 .var "add_shift", 4 0;
v0x559890eebe00_0 .var "add_signed_big", 15 0;
v0x559890eebee0_0 .var "add_signed_small", 15 0;
v0x559890eebfc0_0 .var "add_small_mant", 10 0;
v0x559890eec0a0_0 .var "add_small_mant_ext", 15 0;
v0x559890eec180_0 .var "add_small_mant_shifted", 13 0;
v0x559890eec260_0 .var "add_small_sign", 0 0;
v0x559890eec320_0 .var "arith_result", 15 0;
v0x559890eec400_0 .var "arith_result_fp16", 15 0;
v0x559890eec4e0_0 .var "arith_result_fp8", 7 0;
o0x7f42685818b8 .functor BUFZ 16, C4<zzzzzzzzzzzzzzzz>; HiZ drive
v0x559890eec5c0_0 .net "b", 15 0, o0x7f42685818b8;  0 drivers
v0x559890eec6a0_0 .var "b_exp", 4 0;
v0x559890eec780_0 .var "b_exp_fp16", 4 0;
v0x559890eec860_0 .var "b_exp_fp8", 4 0;
v0x559890eec940_0 .var "b_hidden_fp16", 0 0;
v0x559890eeca00_0 .var "b_hidden_fp8", 0 0;
v0x559890eecac0_0 .var "b_is_inf", 0 0;
v0x559890eecb80_0 .var "b_is_nan", 0 0;
v0x559890eecc40_0 .var "b_is_zero", 0 0;
v0x559890eecd00_0 .var "b_mag", 14 0;
v0x559890eecde0_0 .var "b_mant_fp16", 9 0;
v0x559890eecec0_0 .var "b_mant_fp8", 1 0;
v0x559890eecfa0_0 .var "b_mant_full", 10 0;
v0x559890eed080_0 .var "b_mant_full_fp16", 10 0;
v0x559890eed160_0 .var "b_mant_full_fp8", 10 0;
v0x559890eed240_0 .var "b_sign", 0 0;
v0x559890eed300_0 .var "b_sign_fp16", 0 0;
v0x559890eed3c0_0 .var "b_sign_fp8", 0 0;
o0x7f4268581c18 .functor BUFZ 1, C4<z>; HiZ drive
v0x559890eed480_0 .net "clk", 0 0, o0x7f4268581c18;  0 drivers
v0x559890eed950_0 .var "cmp_eq", 0 0;
v0x559890eeda10_0 .var "cmp_lt", 0 0;
v0x559890eedad0_0 .var "cmp_result", 15 0;
v0x559890eedbb0_0 .var "final_flags", 3 0;
v0x559890eedc90_0 .var "final_result", 15 0;
v0x559890eedd70_0 .net "flags", 3 0, L_0x559890f02b30;  1 drivers
v0x559890eede50_0 .var "flags_reg", 3 0;
o0x7f4268581d98 .functor BUFZ 1, C4<z>; HiZ drive
v0x559890eedf30_0 .net "fmt", 0 0, o0x7f4268581d98;  0 drivers
v0x559890eedff0_0 .var "fp8_mant_lower", 7 0;
v0x559890eee0d0_0 .var "fp8_mant_top3", 2 0;
v0x559890eee1b0_0 .var "fp8_pack_exp", 4 0;
v0x559890eee290_0 .var "fp8_pack_mant", 1 0;
v0x559890eee370_0 .var "fp8_rounded_exp", 6 0;
v0x559890eee450_0 .var "fp8_rounded_mant3", 3 0;
v0x559890eee530_0 .net "i_ready", 0 0, L_0x559890ef2860;  1 drivers
o0x7f4268581f18 .functor BUFZ 1, C4<z>; HiZ drive
v0x559890eee5f0_0 .net "i_valid", 0 0, o0x7f4268581f18;  0 drivers
v0x559890eee6b0_0 .var "minmax_result", 15 0;
v0x559890eee790_0 .var "minmax_sel_a", 0 0;
v0x559890eee850_0 .var "mul_a_eff_exp", 4 0;
v0x559890eee930_0 .var "mul_b_eff_exp", 4 0;
v0x559890eeea10_0 .var "mul_exp", 6 0;
v0x559890eeeaf0_0 .var "mul_exp_raw", 6 0;
v0x559890eeebd0_0 .var "mul_guard", 0 0;
v0x559890eeec90_0 .var "mul_mant", 10 0;
v0x559890eeed70_0 .var "mul_mant_ovf", 0 0;
v0x559890eeee30_0 .var "mul_mant_tmp", 11 0;
v0x559890eeef10_0 .var "mul_norm_prod", 21 0;
v0x559890eeeff0_0 .var "mul_ovf", 0 0;
v0x559890eef0b0_0 .var "mul_prod", 21 0;
v0x559890eef190_0 .var "mul_sign", 0 0;
v0x559890eef250_0 .net "o_ready", 0 0, o0x7f42685821e8;  0 drivers
v0x559890eef310_0 .net "o_valid", 0 0, L_0x559890ef2920;  1 drivers
v0x559890eef3d0_0 .var "o_valid_reg", 0 0;
o0x7f4268582278 .functor BUFZ 3, C4<zzz>; HiZ drive
v0x559890eef490_0 .net "op", 2 0, o0x7f4268582278;  0 drivers
v0x559890eef570_0 .net "result", 15 0, L_0x559890f02a40;  1 drivers
v0x559890eef650_0 .var "result_reg", 15 0;
o0x7f4268582308 .functor BUFZ 1, C4<z>; HiZ drive
v0x559890eef730_0 .net "rst_n", 0 0, o0x7f4268582308;  0 drivers
v0x559890eef7f0_0 .var "s1_a_exp", 4 0;
v0x559890eef8d0_0 .var "s1_a_is_inf", 0 0;
v0x559890eef990_0 .var "s1_a_is_nan", 0 0;
v0x559890eefa50_0 .var "s1_a_is_zero", 0 0;
v0x559890eefb10_0 .var "s1_a_mag", 14 0;
v0x559890eefbf0_0 .var "s1_a_mant_full", 10 0;
v0x559890eefcd0_0 .var "s1_a_raw", 15 0;
v0x559890eefdb0_0 .var "s1_a_sign", 0 0;
v0x559890eefe70_0 .var "s1_b_exp", 4 0;
v0x559890eeff50_0 .var "s1_b_is_inf", 0 0;
v0x559890ef0010_0 .var "s1_b_is_nan", 0 0;
v0x559890ef00d0_0 .var "s1_b_is_zero", 0 0;
v0x559890ef0190_0 .var "s1_b_mag", 14 0;
v0x559890ef0270_0 .var "s1_b_mant_full", 10 0;
v0x559890ef0350_0 .var "s1_b_raw", 15 0;
v0x559890ef0430_0 .var "s1_b_sign", 0 0;
v0x559890ef04f0_0 .var "s1_fmt", 0 0;
v0x559890ef05b0_0 .var "s1_op", 2 0;
v0x559890ef0690_0 .net "s1_ready", 0 0, L_0x559890ecd9e0;  1 drivers
v0x559890ef0750_0 .var "s1_valid", 0 0;
v0x559890ef0810_0 .var "s2_cmp_eq", 0 0;
v0x559890ef08d0_0 .var "s2_cmp_eq_in", 0 0;
v0x559890ef0990_0 .var "s2_cmp_lt", 0 0;
v0x559890ef0a50_0 .var "s2_cmp_lt_in", 0 0;
v0x559890ef0b10_0 .var "s2_fmt", 0 0;
v0x559890ef0bd0_0 .var "s2_is_inf", 0 0;
v0x559890ef0c90_0 .var "s2_is_inf_in", 0 0;
v0x559890ef1560_0 .var "s2_is_nan", 0 0;
v0x559890ef1620_0 .var "s2_is_nan_in", 0 0;
v0x559890ef16e0_0 .var "s2_is_zero", 0 0;
v0x559890ef17a0_0 .var "s2_is_zero_in", 0 0;
v0x559890ef1860_0 .var "s2_minmax_a", 15 0;
v0x559890ef1940_0 .var "s2_minmax_b", 15 0;
v0x559890ef1a20_0 .var "s2_minmax_sel_a", 0 0;
v0x559890ef1ae0_0 .var "s2_minmax_sel_a_in", 0 0;
v0x559890ef1ba0_0 .var "s2_op", 2 0;
v0x559890ef1c80_0 .net "s2_ready", 0 0, L_0x559890ef2560;  1 drivers
v0x559890ef1d40_0 .var "s2_res_exp", 6 0;
v0x559890ef1e20_0 .var "s2_res_exp_in", 6 0;
v0x559890ef1f00_0 .var "s2_res_mant", 10 0;
v0x559890ef1fe0_0 .var "s2_res_mant_in", 10 0;
v0x559890ef20c0_0 .var "s2_res_sign", 0 0;
v0x559890ef2180_0 .var "s2_res_sign_in", 0 0;
v0x559890ef2240_0 .var "s2_valid", 0 0;
v0x559890ef2300_0 .net "s3_ready", 0 0, L_0x559890ef2710;  1 drivers
E_0x559890e64620/0 .event negedge, v0x559890eef730_0;
E_0x559890e64620/1 .event posedge, v0x559890eed480_0;
E_0x559890e64620 .event/or E_0x559890e64620/0, E_0x559890e64620/1;
E_0x559890e6b2b0/0 .event anyedge, v0x559890ef1560_0, v0x559890ef0bd0_0, v0x559890ef1d40_0, v0x559890ef20c0_0;
E_0x559890e6b2b0/1 .event anyedge, v0x559890ef16e0_0, v0x559890ef1f00_0, v0x559890eee0d0_0, v0x559890eedff0_0;
E_0x559890e6b2b0/2 .event anyedge, v0x559890eee450_0, v0x559890eee370_0, v0x559890eee1b0_0, v0x559890eee290_0;
E_0x559890e6b2b0/3 .event anyedge, v0x559890ef0b10_0, v0x559890eec400_0, v0x559890eec4e0_0, v0x559890ef1ba0_0;
E_0x559890e6b2b0/4 .event anyedge, v0x559890ef0990_0, v0x559890ef0810_0, v0x559890ef1a20_0, v0x559890ef1860_0;
E_0x559890e6b2b0/5 .event anyedge, v0x559890ef1940_0, v0x559890eedad0_0, v0x559890eee6b0_0, v0x559890eec320_0;
E_0x559890e6b2b0 .event/or E_0x559890e6b2b0/0, E_0x559890e6b2b0/1, E_0x559890e6b2b0/2, E_0x559890e6b2b0/3, E_0x559890e6b2b0/4, E_0x559890e6b2b0/5;
E_0x559890e5dde0/0 .event anyedge, v0x559890ef05b0_0, v0x559890eef190_0, v0x559890eebc60_0, v0x559890eeea10_0;
E_0x559890e5dde0/1 .event anyedge, v0x559890eeb720_0, v0x559890eeec90_0, v0x559890eeb800_0, v0x559890eef990_0;
E_0x559890e5dde0/2 .event anyedge, v0x559890ef0010_0, v0x559890eef8d0_0, v0x559890ef00d0_0, v0x559890eefa50_0;
E_0x559890e5dde0/3 .event anyedge, v0x559890eeff50_0, v0x559890eefdb0_0, v0x559890eeb660_0, v0x559890eebb80_0;
E_0x559890e5dde0/4 .event anyedge, v0x559890eeda10_0, v0x559890eed950_0, v0x559890eee790_0;
E_0x559890e5dde0 .event/or E_0x559890e5dde0/0, E_0x559890e5dde0/1, E_0x559890e5dde0/2, E_0x559890e5dde0/3, E_0x559890e5dde0/4;
E_0x559890e41370/0 .event anyedge, v0x559890ef05b0_0, v0x559890ef0430_0, v0x559890eef7f0_0, v0x559890eefe70_0;
E_0x559890e41370/1 .event anyedge, v0x559890eefbf0_0, v0x559890ef0270_0, v0x559890eeb240_0, v0x559890eefdb0_0;
E_0x559890e41370/2 .event anyedge, v0x559890eeb660_0, v0x559890eebfc0_0, v0x559890eebd20_0, v0x559890eeb3e0_0;
E_0x559890e41370/3 .event anyedge, v0x559890eec180_0, v0x559890eeb5a0_0, v0x559890eeb4c0_0, v0x559890eec260_0;
E_0x559890e41370/4 .event anyedge, v0x559890eec0a0_0, v0x559890eebe00_0, v0x559890eebee0_0, v0x559890eebaa0_0;
E_0x559890e41370/5 .event anyedge, v0x559890eebc60_0, v0x559890eebb80_0, v0x559890eeb8e0_0, v0x559890eeb9c0_0;
E_0x559890e41370/6 .event anyedge, v0x559890eeb300_0, v0x559890eee850_0, v0x559890eee930_0, v0x559890eef0b0_0;
E_0x559890e41370/7 .event anyedge, v0x559890eeeff0_0, v0x559890eeef10_0, v0x559890eeebd0_0, v0x559890eeee30_0;
E_0x559890e41370/8 .event anyedge, v0x559890eeed70_0, v0x559890eeeaf0_0, v0x559890eef990_0, v0x559890ef0010_0;
E_0x559890e41370/9 .event anyedge, v0x559890eefa50_0, v0x559890ef00d0_0, v0x559890eefb10_0, v0x559890ef0190_0;
E_0x559890e41370 .event/or E_0x559890e41370/0, E_0x559890e41370/1, E_0x559890e41370/2, E_0x559890e41370/3, E_0x559890e41370/4, E_0x559890e41370/5, E_0x559890e41370/6, E_0x559890e41370/7, E_0x559890e41370/8, E_0x559890e41370/9;
E_0x559890ecdf40/0 .event anyedge, v0x559890ecdba0_0, v0x559890eea620_0, v0x559890eea7c0_0, v0x559890eeac80_0;
E_0x559890ecdf40/1 .event anyedge, v0x559890eec5c0_0, v0x559890eec860_0, v0x559890eeca00_0, v0x559890eecec0_0;
E_0x559890ecdf40/2 .event anyedge, v0x559890eea540_0, v0x559890eea700_0, v0x559890eeaba0_0, v0x559890eec780_0;
E_0x559890ecdf40/3 .event anyedge, v0x559890eec940_0, v0x559890eecde0_0, v0x559890eedf30_0, v0x559890eeb0c0_0;
E_0x559890ecdf40/4 .event anyedge, v0x559890eeb180_0, v0x559890eeae40_0, v0x559890eeaf20_0, v0x559890eea460_0;
E_0x559890ecdf40/5 .event anyedge, v0x559890eed300_0, v0x559890eed3c0_0, v0x559890eed080_0, v0x559890eed160_0;
E_0x559890ecdf40/6 .event anyedge, v0x559890eec6a0_0;
E_0x559890ecdf40 .event/or E_0x559890ecdf40/0, E_0x559890ecdf40/1, E_0x559890ecdf40/2, E_0x559890ecdf40/3, E_0x559890ecdf40/4, E_0x559890ecdf40/5, E_0x559890ecdf40/6;
L_0x559890f02a40 .functor MUXZ 16, L_0x7f4268538018, v0x559890eef650_0, v0x559890eef3d0_0, C4<>;
L_0x559890f02b30 .functor MUXZ 4, L_0x7f4268538060, v0x559890eede50_0, v0x559890eef3d0_0, C4<>;
    .scope S_0x559890e1ce60;
T_0 ;
    %wait E_0x559890ecdf40;
    %load/vec4 v0x559890ecdba0_0;
    %parti/s 1, 7, 4;
    %store/vec4 v0x559890eeb180_0, 0, 1;
    %load/vec4 v0x559890ecdba0_0;
    %parti/s 5, 2, 3;
    %store/vec4 v0x559890eea620_0, 0, 5;
    %load/vec4 v0x559890ecdba0_0;
    %parti/s 2, 0, 2;
    %store/vec4 v0x559890eeac80_0, 0, 2;
    %load/vec4 v0x559890eea620_0;
    %dup/vec4;
    %pushi/vec4 0, 0, 5;
    %cmp/u;
    %jmp/1 T_0.0, 6;
    %pushi/vec4 1, 0, 1;
    %store/vec4 v0x559890eea7c0_0, 0, 1;
    %jmp T_0.2;
T_0.0 ;
    %pushi/vec4 0, 0, 1;
    %store/vec4 v0x559890eea7c0_0, 0, 1;
    %jmp T_0.2;
T_0.2 ;
    %pop/vec4 1;
    %load/vec4 v0x559890eea7c0_0;
    %load/vec4 v0x559890eeac80_0;
    %concat/vec4; draw_concat_vec4
    %concati/vec4 0, 0, 8;
    %store/vec4 v0x559890eeaf20_0, 0, 11;
    %load/vec4 v0x559890eec5c0_0;
    %parti/s 1, 7, 4;
    %store/vec4 v0x559890eed3c0_0, 0, 1;
    %load/vec4 v0x559890eec5c0_0;
    %parti/s 5, 2, 3;
    %store/vec4 v0x559890eec860_0, 0, 5;
    %load/vec4 v0x559890eec5c0_0;
    %parti/s 2, 0, 2;
    %store/vec4 v0x559890eecec0_0, 0, 2;
    %load/vec4 v0x559890eec860_0;
    %dup/vec4;
    %pushi/vec4 0, 0, 5;
    %cmp/u;
    %jmp/1 T_0.3, 6;
    %pushi/vec4 1, 0, 1;
    %store/vec4 v0x559890eeca00_0, 0, 1;
    %jmp T_0.5;
T_0.3 ;
    %pushi/vec4 0, 0, 1;
    %store/vec4 v0x559890eeca00_0, 0, 1;
    %jmp T_0.5;
T_0.5 ;
    %pop/vec4 1;
    %load/vec4 v0x559890eeca00_0;
    %load/vec4 v0x559890eecec0_0;
    %concat/vec4; draw_concat_vec4
    %concati/vec4 0, 0, 8;
    %store/vec4 v0x559890eed160_0, 0, 11;
    %load/vec4 v0x559890ecdba0_0;
    %parti/s 1, 15, 5;
    %store/vec4 v0x559890eeb0c0_0, 0, 1;
    %load/vec4 v0x559890ecdba0_0;
    %parti/s 5, 10, 5;
    %store/vec4 v0x559890eea540_0, 0, 5;
    %load/vec4 v0x559890ecdba0_0;
    %parti/s 10, 0, 2;
    %store/vec4 v0x559890eeaba0_0, 0, 10;
    %load/vec4 v0x559890eea540_0;
    %dup/vec4;
    %pushi/vec4 0, 0, 5;
    %cmp/u;
    %jmp/1 T_0.6, 6;
    %pushi/vec4 1, 0, 1;
    %store/vec4 v0x559890eea700_0, 0, 1;
    %jmp T_0.8;
T_0.6 ;
    %pushi/vec4 0, 0, 1;
    %store/vec4 v0x559890eea700_0, 0, 1;
    %jmp T_0.8;
T_0.8 ;
    %pop/vec4 1;
    %load/vec4 v0x559890eea700_0;
    %load/vec4 v0x559890eeaba0_0;
    %concat/vec4; draw_concat_vec4
    %store/vec4 v0x559890eeae40_0, 0, 11;
    %load/vec4 v0x559890eec5c0_0;
    %parti/s 1, 15, 5;
    %store/vec4 v0x559890eed300_0, 0, 1;
    %load/vec4 v0x559890eec5c0_0;
    %parti/s 5, 10, 5;
    %store/vec4 v0x559890eec780_0, 0, 5;
    %load/vec4 v0x559890eec5c0_0;
    %parti/s 10, 0, 2;
    %store/vec4 v0x559890eecde0_0, 0, 10;
    %load/vec4 v0x559890eec780_0;
    %dup/vec4;
    %pushi/vec4 0, 0, 5;
    %cmp/u;
    %jmp/1 T_0.9, 6;
    %pushi/vec4 1, 0, 1;
    %store/vec4 v0x559890eec940_0, 0, 1;
    %jmp T_0.11;
T_0.9 ;
    %pushi/vec4 0, 0, 1;
    %store/vec4 v0x559890eec940_0, 0, 1;
    %jmp T_0.11;
T_0.11 ;
    %pop/vec4 1;
    %load/vec4 v0x559890eec940_0;
    %load/vec4 v0x559890eecde0_0;
    %concat/vec4; draw_concat_vec4
    %store/vec4 v0x559890eed080_0, 0, 11;
    %load/vec4 v0x559890eedf30_0;
    %flag_set/vec4 8;
    %jmp/0 T_0.12, 8;
    %load/vec4 v0x559890eeb0c0_0;
    %jmp/1 T_0.13, 8;
T_0.12 ; End of true expr.
    %load/vec4 v0x559890eeb180_0;
    %jmp/0 T_0.13, 8;
 ; End of false expr.
    %blend;
T_0.13;
    %store/vec4 v0x559890eeb000_0, 0, 1;
    %load/vec4 v0x559890eedf30_0;
    %flag_set/vec4 8;
    %jmp/0 T_0.14, 8;
    %load/vec4 v0x559890eea540_0;
    %jmp/1 T_0.15, 8;
T_0.14 ; End of true expr.
    %load/vec4 v0x559890eea620_0;
    %jmp/0 T_0.15, 8;
 ; End of false expr.
    %blend;
T_0.15;
    %store/vec4 v0x559890eea460_0, 0, 5;
    %load/vec4 v0x559890eedf30_0;
    %flag_set/vec4 8;
    %jmp/0 T_0.16, 8;
    %load/vec4 v0x559890eeae40_0;
    %jmp/1 T_0.17, 8;
T_0.16 ; End of true expr.
    %load/vec4 v0x559890eeaf20_0;
    %jmp/0 T_0.17, 8;
 ; End of false expr.
    %blend;
T_0.17;
    %store/vec4 v0x559890eead60_0, 0, 11;
    %load/vec4 v0x559890eedf30_0;
    %flag_set/vec4 8;
    %jmp/0 T_0.18, 8;
    %load/vec4 v0x559890eea540_0;
    %pushi/vec4 31, 0, 5;
    %cmp/e;
    %flag_get/vec4 4;
    %load/vec4 v0x559890eeaba0_0;
    %pushi/vec4 0, 0, 10;
    %cmp/ne;
    %flag_get/vec4 4;
    %and;
    %jmp/1 T_0.19, 8;
T_0.18 ; End of true expr.
    %load/vec4 v0x559890eea620_0;
    %pushi/vec4 31, 0, 5;
    %cmp/e;
    %flag_get/vec4 4;
    %load/vec4 v0x559890eeac80_0;
    %pushi/vec4 0, 0, 2;
    %cmp/ne;
    %flag_get/vec4 4;
    %and;
    %jmp/0 T_0.19, 8;
 ; End of false expr.
    %blend;
T_0.19;
    %store/vec4 v0x559890eea940_0, 0, 1;
    %load/vec4 v0x559890eedf30_0;
    %flag_set/vec4 8;
    %jmp/0 T_0.20, 8;
    %load/vec4 v0x559890eea540_0;
    %pushi/vec4 31, 0, 5;
    %cmp/e;
    %flag_get/vec4 4;
    %load/vec4 v0x559890eeaba0_0;
    %pushi/vec4 0, 0, 10;
    %cmp/e;
    %flag_get/vec4 4;
    %and;
    %jmp/1 T_0.21, 8;
T_0.20 ; End of true expr.
    %load/vec4 v0x559890eea620_0;
    %pushi/vec4 31, 0, 5;
    %cmp/e;
    %flag_get/vec4 4;
    %load/vec4 v0x559890eeac80_0;
    %pushi/vec4 0, 0, 2;
    %cmp/e;
    %flag_get/vec4 4;
    %and;
    %jmp/0 T_0.21, 8;
 ; End of false expr.
    %blend;
T_0.21;
    %store/vec4 v0x559890eea880_0, 0, 1;
    %load/vec4 v0x559890eedf30_0;
    %flag_set/vec4 8;
    %jmp/0 T_0.22, 8;
    %load/vec4 v0x559890eea540_0;
    %pushi/vec4 0, 0, 5;
    %cmp/e;
    %flag_get/vec4 4;
    %load/vec4 v0x559890eeaba0_0;
    %pushi/vec4 0, 0, 10;
    %cmp/e;
    %flag_get/vec4 4;
    %and;
    %jmp/1 T_0.23, 8;
T_0.22 ; End of true expr.
    %load/vec4 v0x559890eea620_0;
    %pushi/vec4 0, 0, 5;
    %cmp/e;
    %flag_get/vec4 4;
    %load/vec4 v0x559890eeac80_0;
    %pushi/vec4 0, 0, 2;
    %cmp/e;
    %flag_get/vec4 4;
    %and;
    %jmp/0 T_0.23, 8;
 ; End of false expr.
    %blend;
T_0.23;
    %store/vec4 v0x559890eeaa00_0, 0, 1;
    %load/vec4 v0x559890eea460_0;
    %load/vec4 v0x559890eedf30_0;
    %flag_set/vec4 8;
    %jmp/0 T_0.24, 8;
    %load/vec4 v0x559890eeaba0_0;
    %jmp/1 T_0.25, 8;
T_0.24 ; End of true expr.
    %load/vec4 v0x559890eeac80_0;
    %concati/vec4 0, 0, 8;
    %jmp/0 T_0.25, 8;
 ; End of false expr.
    %blend;
T_0.25;
    %concat/vec4; draw_concat_vec4
    %store/vec4 v0x559890eeaac0_0, 0, 15;
    %load/vec4 v0x559890eedf30_0;
    %flag_set/vec4 8;
    %jmp/0 T_0.26, 8;
    %load/vec4 v0x559890eed300_0;
    %jmp/1 T_0.27, 8;
T_0.26 ; End of true expr.
    %load/vec4 v0x559890eed3c0_0;
    %jmp/0 T_0.27, 8;
 ; End of false expr.
    %blend;
T_0.27;
    %store/vec4 v0x559890eed240_0, 0, 1;
    %load/vec4 v0x559890eedf30_0;
    %flag_set/vec4 8;
    %jmp/0 T_0.28, 8;
    %load/vec4 v0x559890eec780_0;
    %jmp/1 T_0.29, 8;
T_0.28 ; End of true expr.
    %load/vec4 v0x559890eec860_0;
    %jmp/0 T_0.29, 8;
 ; End of false expr.
    %blend;
T_0.29;
    %store/vec4 v0x559890eec6a0_0, 0, 5;
    %load/vec4 v0x559890eedf30_0;
    %flag_set/vec4 8;
    %jmp/0 T_0.30, 8;
    %load/vec4 v0x559890eed080_0;
    %jmp/1 T_0.31, 8;
T_0.30 ; End of true expr.
    %load/vec4 v0x559890eed160_0;
    %jmp/0 T_0.31, 8;
 ; End of false expr.
    %blend;
T_0.31;
    %store/vec4 v0x559890eecfa0_0, 0, 11;
    %load/vec4 v0x559890eedf30_0;
    %flag_set/vec4 8;
    %jmp/0 T_0.32, 8;
    %load/vec4 v0x559890eec780_0;
    %pushi/vec4 31, 0, 5;
    %cmp/e;
    %flag_get/vec4 4;
    %load/vec4 v0x559890eecde0_0;
    %pushi/vec4 0, 0, 10;
    %cmp/ne;
    %flag_get/vec4 4;
    %and;
    %jmp/1 T_0.33, 8;
T_0.32 ; End of true expr.
    %load/vec4 v0x559890eec860_0;
    %pushi/vec4 31, 0, 5;
    %cmp/e;
    %flag_get/vec4 4;
    %load/vec4 v0x559890eecec0_0;
    %pushi/vec4 0, 0, 2;
    %cmp/ne;
    %flag_get/vec4 4;
    %and;
    %jmp/0 T_0.33, 8;
 ; End of false expr.
    %blend;
T_0.33;
    %store/vec4 v0x559890eecb80_0, 0, 1;
    %load/vec4 v0x559890eedf30_0;
    %flag_set/vec4 8;
    %jmp/0 T_0.34, 8;
    %load/vec4 v0x559890eec780_0;
    %pushi/vec4 31, 0, 5;
    %cmp/e;
    %flag_get/vec4 4;
    %load/vec4 v0x559890eecde0_0;
    %pushi/vec4 0, 0, 10;
    %cmp/e;
    %flag_get/vec4 4;
    %and;
    %jmp/1 T_0.35, 8;
T_0.34 ; End of true expr.
    %load/vec4 v0x559890eec860_0;
    %pushi/vec4 31, 0, 5;
    %cmp/e;
    %flag_get/vec4 4;
    %load/vec4 v0x559890eecec0_0;
    %pushi/vec4 0, 0, 2;
    %cmp/e;
    %flag_get/vec4 4;
    %and;
    %jmp/0 T_0.35, 8;
 ; End of false expr.
    %blend;
T_0.35;
    %store/vec4 v0x559890eecac0_0, 0, 1;
    %load/vec4 v0x559890eedf30_0;
    %flag_set/vec4 8;
    %jmp/0 T_0.36, 8;
    %load/vec4 v0x559890eec780_0;
    %pushi/vec4 0, 0, 5;
    %cmp/e;
    %flag_get/vec4 4;
    %load/vec4 v0x559890eecde0_0;
    %pushi/vec4 0, 0, 10;
    %cmp/e;
    %flag_get/vec4 4;
    %and;
    %jmp/1 T_0.37, 8;
T_0.36 ; End of true expr.
    %load/vec4 v0x559890eec860_0;
    %pushi/vec4 0, 0, 5;
    %cmp/e;
    %flag_get/vec4 4;
    %load/vec4 v0x559890eecec0_0;
    %pushi/vec4 0, 0, 2;
    %cmp/e;
    %flag_get/vec4 4;
    %and;
    %jmp/0 T_0.37, 8;
 ; End of false expr.
    %blend;
T_0.37;
    %store/vec4 v0x559890eecc40_0, 0, 1;
    %load/vec4 v0x559890eec6a0_0;
    %load/vec4 v0x559890eedf30_0;
    %flag_set/vec4 8;
    %jmp/0 T_0.38, 8;
    %load/vec4 v0x559890eecde0_0;
    %jmp/1 T_0.39, 8;
T_0.38 ; End of true expr.
    %load/vec4 v0x559890eecec0_0;
    %concati/vec4 0, 0, 8;
    %jmp/0 T_0.39, 8;
 ; End of false expr.
    %blend;
T_0.39;
    %concat/vec4; draw_concat_vec4
    %store/vec4 v0x559890eecd00_0, 0, 15;
    %jmp T_0;
    .thread T_0, $push;
    .scope S_0x559890e1ce60;
T_1 ;
    %wait E_0x559890e41370;
    %pushi/vec4 0, 0, 1;
    %store/vec4 v0x559890eed950_0, 0, 1;
    %pushi/vec4 0, 0, 1;
    %store/vec4 v0x559890eeda10_0, 0, 1;
    %pushi/vec4 0, 0, 1;
    %store/vec4 v0x559890eee790_0, 0, 1;
    %pushi/vec4 0, 0, 1;
    %store/vec4 v0x559890eefdb0_0, 0, 1;
    %load/vec4 v0x559890ef05b0_0;
    %cmpi/e 1, 0, 3;
    %flag_mov 8, 4;
    %jmp/0 T_1.0, 8;
    %load/vec4 v0x559890ef0430_0;
    %pushi/vec4 1, 0, 1;
    %xor;
    %jmp/1 T_1.1, 8;
T_1.0 ; End of true expr.
    %load/vec4 v0x559890ef0430_0;
    %jmp/0 T_1.1, 8;
 ; End of false expr.
    %blend;
T_1.1;
    %store/vec4 v0x559890eeb660_0, 0, 1;
    %load/vec4 v0x559890eefe70_0;
    %load/vec4 v0x559890eef7f0_0;
    %cmp/u;
    %flag_get/vec4 5;
    %load/vec4 v0x559890eef7f0_0;
    %load/vec4 v0x559890eefe70_0;
    %cmp/e;
    %flag_get/vec4 4;
    %load/vec4 v0x559890ef0270_0;
    %load/vec4 v0x559890eefbf0_0;
    %cmp/u;
    %flag_get/vec4 4;
    %flag_get/vec4 5;
    %or;
    %and;
    %or;
    %store/vec4 v0x559890eeb240_0, 0, 1;
    %load/vec4 v0x559890eeb240_0;
    %flag_set/vec4 8;
    %jmp/0 T_1.2, 8;
    %load/vec4 v0x559890eef7f0_0;
    %jmp/1 T_1.3, 8;
T_1.2 ; End of true expr.
    %load/vec4 v0x559890eefe70_0;
    %jmp/0 T_1.3, 8;
 ; End of false expr.
    %blend;
T_1.3;
    %store/vec4 v0x559890eeb300_0, 0, 5;
    %load/vec4 v0x559890eeb240_0;
    %flag_set/vec4 8;
    %jmp/0 T_1.4, 8;
    %load/vec4 v0x559890eefdb0_0;
    %jmp/1 T_1.5, 8;
T_1.4 ; End of true expr.
    %load/vec4 v0x559890eeb660_0;
    %jmp/0 T_1.5, 8;
 ; End of false expr.
    %blend;
T_1.5;
    %store/vec4 v0x559890eeb5a0_0, 0, 1;
    %load/vec4 v0x559890eeb240_0;
    %flag_set/vec4 8;
    %jmp/0 T_1.6, 8;
    %load/vec4 v0x559890eefbf0_0;
    %jmp/1 T_1.7, 8;
T_1.6 ; End of true expr.
    %load/vec4 v0x559890ef0270_0;
    %jmp/0 T_1.7, 8;
 ; End of false expr.
    %blend;
T_1.7;
    %store/vec4 v0x559890eeb3e0_0, 0, 11;
    %load/vec4 v0x559890eeb240_0;
    %flag_set/vec4 8;
    %jmp/0 T_1.8, 8;
    %load/vec4 v0x559890eeb660_0;
    %jmp/1 T_1.9, 8;
T_1.8 ; End of true expr.
    %load/vec4 v0x559890eefdb0_0;
    %jmp/0 T_1.9, 8;
 ; End of false expr.
    %blend;
T_1.9;
    %store/vec4 v0x559890eec260_0, 0, 1;
    %load/vec4 v0x559890eeb240_0;
    %flag_set/vec4 8;
    %jmp/0 T_1.10, 8;
    %load/vec4 v0x559890ef0270_0;
    %jmp/1 T_1.11, 8;
T_1.10 ; End of true expr.
    %load/vec4 v0x559890eefbf0_0;
    %jmp/0 T_1.11, 8;
 ; End of false expr.
    %blend;
T_1.11;
    %store/vec4 v0x559890eebfc0_0, 0, 11;
    %load/vec4 v0x559890eeb240_0;
    %flag_set/vec4 8;
    %jmp/0 T_1.12, 8;
    %load/vec4 v0x559890eef7f0_0;
    %load/vec4 v0x559890eefe70_0;
    %sub;
    %jmp/1 T_1.13, 8;
T_1.12 ; End of true expr.
    %load/vec4 v0x559890eefe70_0;
    %load/vec4 v0x559890eef7f0_0;
    %sub;
    %jmp/0 T_1.13, 8;
 ; End of false expr.
    %blend;
T_1.13;
    %store/vec4 v0x559890eebd20_0, 0, 5;
    %load/vec4 v0x559890eebfc0_0;
    %concati/vec4 0, 0, 3;
    %ix/getv 4, v0x559890eebd20_0;
    %shiftr 4;
    %store/vec4 v0x559890eec180_0, 0, 14;
    %pushi/vec4 0, 0, 2;
    %load/vec4 v0x559890eeb3e0_0;
    %concat/vec4; draw_concat_vec4
    %concati/vec4 0, 0, 3;
    %store/vec4 v0x559890eeb4c0_0, 0, 16;
    %pushi/vec4 0, 0, 2;
    %load/vec4 v0x559890eec180_0;
    %concat/vec4; draw_concat_vec4
    %store/vec4 v0x559890eec0a0_0, 0, 16;
    %load/vec4 v0x559890eeb5a0_0;
    %flag_set/vec4 8;
    %jmp/0 T_1.14, 8;
    %pushi/vec4 0, 0, 16;
    %load/vec4 v0x559890eeb4c0_0;
    %sub;
    %jmp/1 T_1.15, 8;
T_1.14 ; End of true expr.
    %load/vec4 v0x559890eeb4c0_0;
    %jmp/0 T_1.15, 8;
 ; End of false expr.
    %blend;
T_1.15;
    %store/vec4 v0x559890eebe00_0, 0, 16;
    %load/vec4 v0x559890eec260_0;
    %flag_set/vec4 8;
    %jmp/0 T_1.16, 8;
    %pushi/vec4 0, 0, 16;
    %load/vec4 v0x559890eec0a0_0;
    %sub;
    %jmp/1 T_1.17, 8;
T_1.16 ; End of true expr.
    %load/vec4 v0x559890eec0a0_0;
    %jmp/0 T_1.17, 8;
 ; End of false expr.
    %blend;
T_1.17;
    %store/vec4 v0x559890eebee0_0, 0, 16;
    %load/vec4 v0x559890eebe00_0;
    %parti/s 1, 15, 5;
    %load/vec4 v0x559890eebe00_0;
    %concat/vec4; draw_concat_vec4
    %load/vec4 v0x559890eebee0_0;
    %parti/s 1, 15, 5;
    %load/vec4 v0x559890eebee0_0;
    %concat/vec4; draw_concat_vec4
    %add;
    %store/vec4 v0x559890eebaa0_0, 0, 17;
    %load/vec4 v0x559890eebaa0_0;
    %parti/s 1, 16, 6;
    %store/vec4 v0x559890eebc60_0, 0, 1;
    %load/vec4 v0x559890eebc60_0;
    %flag_set/vec4 8;
    %jmp/0 T_1.18, 8;
    %pushi/vec4 0, 0, 17;
    %load/vec4 v0x559890eebaa0_0;
    %sub;
    %jmp/1 T_1.19, 8;
T_1.18 ; End of true expr.
    %load/vec4 v0x559890eebaa0_0;
    %jmp/0 T_1.19, 8;
 ; End of false expr.
    %blend;
T_1.19;
    %store/vec4 v0x559890eebb80_0, 0, 17;
    %load/vec4 v0x559890eebb80_0;
    %parti/s 1, 14, 5;
    %flag_set/vec4 8;
    %jmp/0 T_1.20, 8;
    %pushi/vec4 0, 0, 4;
    %jmp/1 T_1.21, 8;
T_1.20 ; End of true expr.
    %load/vec4 v0x559890eebb80_0;
    %parti/s 1, 13, 5;
    %flag_set/vec4 9;
    %jmp/0 T_1.22, 9;
    %pushi/vec4 1, 0, 4;
    %jmp/1 T_1.23, 9;
T_1.22 ; End of true expr.
    %load/vec4 v0x559890eebb80_0;
    %parti/s 1, 12, 5;
    %flag_set/vec4 10;
    %jmp/0 T_1.24, 10;
    %pushi/vec4 2, 0, 4;
    %jmp/1 T_1.25, 10;
T_1.24 ; End of true expr.
    %load/vec4 v0x559890eebb80_0;
    %parti/s 1, 11, 5;
    %flag_set/vec4 11;
    %jmp/0 T_1.26, 11;
    %pushi/vec4 3, 0, 4;
    %jmp/1 T_1.27, 11;
T_1.26 ; End of true expr.
    %load/vec4 v0x559890eebb80_0;
    %parti/s 1, 10, 5;
    %flag_set/vec4 12;
    %jmp/0 T_1.28, 12;
    %pushi/vec4 4, 0, 4;
    %jmp/1 T_1.29, 12;
T_1.28 ; End of true expr.
    %load/vec4 v0x559890eebb80_0;
    %parti/s 1, 9, 5;
    %flag_set/vec4 13;
    %jmp/0 T_1.30, 13;
    %pushi/vec4 5, 0, 4;
    %jmp/1 T_1.31, 13;
T_1.30 ; End of true expr.
    %load/vec4 v0x559890eebb80_0;
    %parti/s 1, 8, 5;
    %flag_set/vec4 14;
    %jmp/0 T_1.32, 14;
    %pushi/vec4 6, 0, 4;
    %jmp/1 T_1.33, 14;
T_1.32 ; End of true expr.
    %load/vec4 v0x559890eebb80_0;
    %parti/s 1, 7, 4;
    %flag_set/vec4 15;
    %jmp/0 T_1.34, 15;
    %pushi/vec4 7, 0, 4;
    %jmp/1 T_1.35, 15;
T_1.34 ; End of true expr.
    %load/vec4 v0x559890eebb80_0;
    %parti/s 1, 6, 4;
    %flag_set/vec4 16;
    %jmp/0 T_1.36, 16;
    %pushi/vec4 8, 0, 4;
    %jmp/1 T_1.37, 16;
T_1.36 ; End of true expr.
    %load/vec4 v0x559890eebb80_0;
    %parti/s 1, 5, 4;
    %flag_set/vec4 17;
    %jmp/0 T_1.38, 17;
    %pushi/vec4 9, 0, 4;
    %jmp/1 T_1.39, 17;
T_1.38 ; End of true expr.
    %load/vec4 v0x559890eebb80_0;
    %parti/s 1, 4, 4;
    %flag_set/vec4 18;
    %jmp/0 T_1.40, 18;
    %pushi/vec4 10, 0, 4;
    %jmp/1 T_1.41, 18;
T_1.40 ; End of true expr.
    %load/vec4 v0x559890eebb80_0;
    %parti/s 1, 3, 3;
    %flag_set/vec4 19;
    %jmp/0 T_1.42, 19;
    %pushi/vec4 11, 0, 4;
    %jmp/1 T_1.43, 19;
T_1.42 ; End of true expr.
    %load/vec4 v0x559890eebb80_0;
    %parti/s 1, 2, 3;
    %flag_set/vec4 20;
    %jmp/0 T_1.44, 20;
    %pushi/vec4 12, 0, 4;
    %jmp/1 T_1.45, 20;
T_1.44 ; End of true expr.
    %load/vec4 v0x559890eebb80_0;
    %parti/s 1, 1, 2;
    %flag_set/vec4 21;
    %jmp/0 T_1.46, 21;
    %pushi/vec4 13, 0, 4;
    %jmp/1 T_1.47, 21;
T_1.46 ; End of true expr.
    %load/vec4 v0x559890eebb80_0;
    %parti/s 1, 0, 2;
    %flag_set/vec4 22;
    %jmp/0 T_1.48, 22;
    %pushi/vec4 14, 0, 4;
    %jmp/1 T_1.49, 22;
T_1.48 ; End of true expr.
    %pushi/vec4 15, 0, 4;
    %jmp/0 T_1.49, 22;
 ; End of false expr.
    %blend;
T_1.49;
    %jmp/0 T_1.47, 21;
 ; End of false expr.
    %blend;
T_1.47;
    %jmp/0 T_1.45, 20;
 ; End of false expr.
    %blend;
T_1.45;
    %jmp/0 T_1.43, 19;
 ; End of false expr.
    %blend;
T_1.43;
    %jmp/0 T_1.41, 18;
 ; End of false expr.
    %blend;
T_1.41;
    %jmp/0 T_1.39, 17;
 ; End of false expr.
    %blend;
T_1.39;
    %jmp/0 T_1.37, 16;
 ; End of false expr.
    %blend;
T_1.37;
    %jmp/0 T_1.35, 15;
 ; End of false expr.
    %blend;
T_1.35;
    %jmp/0 T_1.33, 14;
 ; End of false expr.
    %blend;
T_1.33;
    %jmp/0 T_1.31, 13;
 ; End of false expr.
    %blend;
T_1.31;
    %jmp/0 T_1.29, 12;
 ; End of false expr.
    %blend;
T_1.29;
    %jmp/0 T_1.27, 11;
 ; End of false expr.
    %blend;
T_1.27;
    %jmp/0 T_1.25, 10;
 ; End of false expr.
    %blend;
T_1.25;
    %jmp/0 T_1.23, 9;
 ; End of false expr.
    %blend;
T_1.23;
    %jmp/0 T_1.21, 8;
 ; End of false expr.
    %blend;
T_1.21;
    %store/vec4 v0x559890eeb8e0_0, 0, 4;
    %load/vec4 v0x559890eebb80_0;
    %pad/u 32;
    %ix/getv 4, v0x559890eeb8e0_0;
    %shiftl 4;
    %store/vec4 v0x559890eeb9c0_0, 0, 32;
    %load/vec4 v0x559890eebb80_0;
    %cmpi/e 0, 0, 17;
    %flag_mov 8, 4;
    %jmp/0 T_1.50, 8;
    %pushi/vec4 0, 0, 11;
    %jmp/1 T_1.51, 8;
T_1.50 ; End of true expr.
    %load/vec4 v0x559890eeb9c0_0;
    %parti/s 11, 4, 4;
    %jmp/0 T_1.51, 8;
 ; End of false expr.
    %blend;
T_1.51;
    %store/vec4 v0x559890eeb800_0, 0, 11;
    %load/vec4 v0x559890eebb80_0;
    %cmpi/e 0, 0, 17;
    %flag_mov 8, 4;
    %jmp/0 T_1.52, 8;
    %pushi/vec4 0, 0, 7;
    %jmp/1 T_1.53, 8;
T_1.52 ; End of true expr.
    %pushi/vec4 0, 0, 2;
    %load/vec4 v0x559890eeb300_0;
    %concat/vec4; draw_concat_vec4
    %addi 1, 0, 7;
    %load/vec4 v0x559890eeb8e0_0;
    %pad/u 7;
    %sub;
    %jmp/0 T_1.53, 8;
 ; End of false expr.
    %blend;
T_1.53;
    %store/vec4 v0x559890eeb720_0, 0, 7;
    %load/vec4 v0x559890eefdb0_0;
    %load/vec4 v0x559890ef0430_0;
    %xor;
    %store/vec4 v0x559890eef190_0, 0, 1;
    %load/vec4 v0x559890eef7f0_0;
    %cmpi/e 0, 0, 5;
    %flag_mov 8, 4;
    %jmp/0 T_1.54, 8;
    %pushi/vec4 1, 0, 5;
    %jmp/1 T_1.55, 8;
T_1.54 ; End of true expr.
    %load/vec4 v0x559890eef7f0_0;
    %jmp/0 T_1.55, 8;
 ; End of false expr.
    %blend;
T_1.55;
    %store/vec4 v0x559890eee850_0, 0, 5;
    %load/vec4 v0x559890eefe70_0;
    %cmpi/e 0, 0, 5;
    %flag_mov 8, 4;
    %jmp/0 T_1.56, 8;
    %pushi/vec4 1, 0, 5;
    %jmp/1 T_1.57, 8;
T_1.56 ; End of true expr.
    %load/vec4 v0x559890eefe70_0;
    %jmp/0 T_1.57, 8;
 ; End of false expr.
    %blend;
T_1.57;
    %store/vec4 v0x559890eee930_0, 0, 5;
    %load/vec4 v0x559890eee850_0;
    %pad/u 7;
    %load/vec4 v0x559890eee930_0;
    %pad/u 7;
    %add;
    %subi 15, 0, 7;
    %store/vec4 v0x559890eeeaf0_0, 0, 7;
    %load/vec4 v0x559890eefbf0_0;
    %pad/u 22;
    %load/vec4 v0x559890ef0270_0;
    %pad/u 22;
    %mul;
    %store/vec4 v0x559890eef0b0_0, 0, 22;
    %load/vec4 v0x559890eef0b0_0;
    %parti/s 1, 21, 6;
    %store/vec4 v0x559890eeeff0_0, 0, 1;
    %load/vec4 v0x559890eeeff0_0;
    %flag_set/vec4 8;
    %jmp/0 T_1.58, 8;
    %load/vec4 v0x559890eef0b0_0;
    %ix/load 4, 1, 0;
    %flag_set/imm 4, 0;
    %shiftr 4;
    %jmp/1 T_1.59, 8;
T_1.58 ; End of true expr.
    %load/vec4 v0x559890eef0b0_0;
    %jmp/0 T_1.59, 8;
 ; End of false expr.
    %blend;
T_1.59;
    %store/vec4 v0x559890eeef10_0, 0, 22;
    %load/vec4 v0x559890eeeff0_0;
    %flag_set/vec4 8;
    %jmp/0 T_1.60, 8;
    %load/vec4 v0x559890eef0b0_0;
    %parti/s 1, 0, 2;
    %jmp/1 T_1.61, 8;
T_1.60 ; End of true expr.
    %load/vec4 v0x559890eef0b0_0;
    %parti/s 1, 1, 2;
    %jmp/0 T_1.61, 8;
 ; End of false expr.
    %blend;
T_1.61;
    %store/vec4 v0x559890eeebd0_0, 0, 1;
    %load/vec4 v0x559890eeef10_0;
    %parti/s 11, 10, 5;
    %pad/u 12;
    %load/vec4 v0x559890eeebd0_0;
    %pad/u 12;
    %add;
    %store/vec4 v0x559890eeee30_0, 0, 12;
    %load/vec4 v0x559890eeee30_0;
    %parti/s 1, 11, 5;
    %store/vec4 v0x559890eeed70_0, 0, 1;
    %load/vec4 v0x559890eeed70_0;
    %flag_set/vec4 8;
    %jmp/0 T_1.62, 8;
    %pushi/vec4 1024, 0, 11;
    %jmp/1 T_1.63, 8;
T_1.62 ; End of true expr.
    %load/vec4 v0x559890eeee30_0;
    %parti/s 11, 0, 2;
    %jmp/0 T_1.63, 8;
 ; End of false expr.
    %blend;
T_1.63;
    %store/vec4 v0x559890eeec90_0, 0, 11;
    %load/vec4 v0x559890eeeaf0_0;
    %load/vec4 v0x559890eeeff0_0;
    %pad/u 7;
    %add;
    %load/vec4 v0x559890eeed70_0;
    %pad/u 7;
    %add;
    %store/vec4 v0x559890eeea10_0, 0, 7;
    %load/vec4 v0x559890eef990_0;
    %load/vec4 v0x559890ef0010_0;
    %or;
    %flag_set/vec4 8;
    %jmp/0xz  T_1.64, 8;
    %pushi/vec4 0, 0, 1;
    %store/vec4 v0x559890eeda10_0, 0, 1;
    %pushi/vec4 0, 0, 1;
    %store/vec4 v0x559890eed950_0, 0, 1;
    %load/vec4 v0x559890ef0010_0;
    %flag_set/vec4 8;
    %jmp/0 T_1.66, 8;
    %pushi/vec4 1, 0, 1;
    %jmp/1 T_1.67, 8;
T_1.66 ; End of true expr.
    %pushi/vec4 0, 0, 1;
    %jmp/0 T_1.67, 8;
 ; End of false expr.
    %blend;
T_1.67;
    %store/vec4 v0x559890eee790_0, 0, 1;
    %jmp T_1.65;
T_1.64 ;
    %load/vec4 v0x559890eefa50_0;
    %load/vec4 v0x559890ef00d0_0;
    %and;
    %flag_set/vec4 8;
    %jmp/0xz  T_1.68, 8;
    %pushi/vec4 0, 0, 1;
    %store/vec4 v0x559890eeda10_0, 0, 1;
    %pushi/vec4 1, 0, 1;
    %store/vec4 v0x559890eed950_0, 0, 1;
    %pushi/vec4 0, 0, 1;
    %store/vec4 v0x559890eee790_0, 0, 1;
    %jmp T_1.69;
T_1.68 ;
    %load/vec4 v0x559890eefdb0_0;
    %load/vec4 v0x559890ef0430_0;
    %cmp/ne;
    %jmp/0xz  T_1.70, 4;
    %pushi/vec4 0, 0, 1;
    %store/vec4 v0x559890eed950_0, 0, 1;
    %load/vec4 v0x559890eefdb0_0;
    %cmpi/e 1, 0, 1;
    %jmp/0xz  T_1.72, 4;
    %pushi/vec4 1, 0, 1;
    %store/vec4 v0x559890eeda10_0, 0, 1;
    %load/vec4 v0x559890ef05b0_0;
    %cmpi/e 3, 0, 3;
    %flag_mov 8, 4;
    %jmp/0 T_1.74, 8;
    %pushi/vec4 1, 0, 1;
    %jmp/1 T_1.75, 8;
T_1.74 ; End of true expr.
    %pushi/vec4 0, 0, 1;
    %jmp/0 T_1.75, 8;
 ; End of false expr.
    %blend;
T_1.75;
    %store/vec4 v0x559890eee790_0, 0, 1;
    %jmp T_1.73;
T_1.72 ;
    %pushi/vec4 0, 0, 1;
    %store/vec4 v0x559890eeda10_0, 0, 1;
    %load/vec4 v0x559890ef05b0_0;
    %cmpi/e 3, 0, 3;
    %flag_mov 8, 4;
    %jmp/0 T_1.76, 8;
    %pushi/vec4 0, 0, 1;
    %jmp/1 T_1.77, 8;
T_1.76 ; End of true expr.
    %pushi/vec4 1, 0, 1;
    %jmp/0 T_1.77, 8;
 ; End of false expr.
    %blend;
T_1.77;
    %store/vec4 v0x559890eee790_0, 0, 1;
T_1.73 ;
    %jmp T_1.71;
T_1.70 ;
    %load/vec4 v0x559890eefb10_0;
    %load/vec4 v0x559890ef0190_0;
    %cmp/e;
    %flag_get/vec4 4;
    %store/vec4 v0x559890eed950_0, 0, 1;
    %load/vec4 v0x559890eefdb0_0;
    %cmpi/e 0, 0, 1;
    %jmp/0xz  T_1.78, 4;
    %load/vec4 v0x559890eefb10_0;
    %load/vec4 v0x559890ef0190_0;
    %cmp/u;
    %flag_get/vec4 5;
    %store/vec4 v0x559890eeda10_0, 0, 1;
    %load/vec4 v0x559890ef05b0_0;
    %cmpi/e 3, 0, 3;
    %flag_mov 8, 4;
    %jmp/0 T_1.80, 8;
    %load/vec4 v0x559890eefb10_0;
    %load/vec4 v0x559890ef0190_0;
    %cmp/u;
    %flag_get/vec4 5;
    %jmp/1 T_1.81, 8;
T_1.80 ; End of true expr.
    %load/vec4 v0x559890ef0190_0;
    %load/vec4 v0x559890eefb10_0;
    %cmp/u;
    %flag_get/vec4 5;
    %jmp/0 T_1.81, 8;
 ; End of false expr.
    %blend;
T_1.81;
    %store/vec4 v0x559890eee790_0, 0, 1;
    %jmp T_1.79;
T_1.78 ;
    %load/vec4 v0x559890ef0190_0;
    %load/vec4 v0x559890eefb10_0;
    %cmp/u;
    %flag_get/vec4 5;
    %store/vec4 v0x559890eeda10_0, 0, 1;
    %load/vec4 v0x559890ef05b0_0;
    %cmpi/e 3, 0, 3;
    %flag_mov 8, 4;
    %jmp/0 T_1.82, 8;
    %load/vec4 v0x559890ef0190_0;
    %load/vec4 v0x559890eefb10_0;
    %cmp/u;
    %flag_get/vec4 5;
    %jmp/1 T_1.83, 8;
T_1.82 ; End of true expr.
    %load/vec4 v0x559890eefb10_0;
    %load/vec4 v0x559890ef0190_0;
    %cmp/u;
    %flag_get/vec4 5;
    %jmp/0 T_1.83, 8;
 ; End of false expr.
    %blend;
T_1.83;
    %store/vec4 v0x559890eee790_0, 0, 1;
T_1.79 ;
T_1.71 ;
T_1.69 ;
T_1.65 ;
    %jmp T_1;
    .thread T_1, $push;
    .scope S_0x559890e1ce60;
T_2 ;
    %wait E_0x559890e5dde0;
    %load/vec4 v0x559890ef05b0_0;
    %dup/vec4;
    %pushi/vec4 2, 0, 3;
    %cmp/u;
    %jmp/1 T_2.0, 6;
    %load/vec4 v0x559890eebc60_0;
    %store/vec4 v0x559890ef2180_0, 0, 1;
    %jmp T_2.2;
T_2.0 ;
    %load/vec4 v0x559890eef190_0;
    %store/vec4 v0x559890ef2180_0, 0, 1;
    %jmp T_2.2;
T_2.2 ;
    %pop/vec4 1;
    %load/vec4 v0x559890ef05b0_0;
    %dup/vec4;
    %pushi/vec4 2, 0, 3;
    %cmp/u;
    %jmp/1 T_2.3, 6;
    %load/vec4 v0x559890eeb720_0;
    %store/vec4 v0x559890ef1e20_0, 0, 7;
    %jmp T_2.5;
T_2.3 ;
    %load/vec4 v0x559890eeea10_0;
    %store/vec4 v0x559890ef1e20_0, 0, 7;
    %jmp T_2.5;
T_2.5 ;
    %pop/vec4 1;
    %load/vec4 v0x559890ef05b0_0;
    %dup/vec4;
    %pushi/vec4 2, 0, 3;
    %cmp/u;
    %jmp/1 T_2.6, 6;
    %load/vec4 v0x559890eeb800_0;
    %store/vec4 v0x559890ef1fe0_0, 0, 11;
    %jmp T_2.8;
T_2.6 ;
    %load/vec4 v0x559890eeec90_0;
    %store/vec4 v0x559890ef1fe0_0, 0, 11;
    %jmp T_2.8;
T_2.8 ;
    %pop/vec4 1;
    %load/vec4 v0x559890ef05b0_0;
    %dup/vec4;
    %pushi/vec4 2, 0, 3;
    %cmp/u;
    %jmp/1 T_2.9, 6;
    %load/vec4 v0x559890eef990_0;
    %load/vec4 v0x559890ef0010_0;
    %or;
    %load/vec4 v0x559890eef8d0_0;
    %load/vec4 v0x559890eeff50_0;
    %and;
    %load/vec4 v0x559890ef05b0_0;
    %pushi/vec4 0, 0, 3;
    %cmp/e;
    %flag_get/vec4 4;
    %load/vec4 v0x559890ef05b0_0;
    %pushi/vec4 1, 0, 3;
    %cmp/e;
    %flag_get/vec4 4;
    %or;
    %and;
    %load/vec4 v0x559890eefdb0_0;
    %load/vec4 v0x559890eeb660_0;
    %cmp/ne;
    %flag_get/vec4 4;
    %and;
    %or;
    %store/vec4 v0x559890ef1620_0, 0, 1;
    %jmp T_2.11;
T_2.9 ;
    %load/vec4 v0x559890eef990_0;
    %load/vec4 v0x559890ef0010_0;
    %or;
    %load/vec4 v0x559890eef8d0_0;
    %load/vec4 v0x559890ef00d0_0;
    %and;
    %or;
    %load/vec4 v0x559890eefa50_0;
    %load/vec4 v0x559890eeff50_0;
    %and;
    %or;
    %store/vec4 v0x559890ef1620_0, 0, 1;
    %jmp T_2.11;
T_2.11 ;
    %pop/vec4 1;
    %load/vec4 v0x559890ef05b0_0;
    %dup/vec4;
    %pushi/vec4 2, 0, 3;
    %cmp/u;
    %jmp/1 T_2.12, 6;
    %load/vec4 v0x559890eef8d0_0;
    %load/vec4 v0x559890eeff50_0;
    %or;
    %pushi/vec4 31, 0, 7;
    %load/vec4 v0x559890eeb720_0;
    %cmp/u;
    %flag_get/vec4 4;
    %flag_get/vec4 5;
    %or;
    %load/vec4 v0x559890eeb720_0;
    %parti/s 1, 6, 4;
    %inv;
    %and;
    %or;
    %load/vec4 v0x559890ef05b0_0;
    %cmpi/e 2, 0, 3;
    %flag_mov 8, 4;
    %jmp/0 T_2.15, 8;
    %load/vec4 v0x559890eef990_0;
    %load/vec4 v0x559890ef0010_0;
    %or;
    %load/vec4 v0x559890eef8d0_0;
    %load/vec4 v0x559890ef00d0_0;
    %and;
    %or;
    %load/vec4 v0x559890eefa50_0;
    %load/vec4 v0x559890eeff50_0;
    %and;
    %or;
    %jmp/1 T_2.16, 8;
T_2.15 ; End of true expr.
    %load/vec4 v0x559890eef990_0;
    %load/vec4 v0x559890ef0010_0;
    %or;
    %load/vec4 v0x559890eef8d0_0;
    %load/vec4 v0x559890eeff50_0;
    %and;
    %load/vec4 v0x559890ef05b0_0;
    %pushi/vec4 0, 0, 3;
    %cmp/e;
    %flag_get/vec4 4;
    %load/vec4 v0x559890ef05b0_0;
    %pushi/vec4 1, 0, 3;
    %cmp/e;
    %flag_get/vec4 4;
    %or;
    %and;
    %load/vec4 v0x559890eefdb0_0;
    %load/vec4 v0x559890eeb660_0;
    %cmp/ne;
    %flag_get/vec4 4;
    %and;
    %or;
    %jmp/0 T_2.16, 8;
 ; End of false expr.
    %blend;
T_2.16;
    %inv;
    %and;
    %store/vec4 v0x559890ef0c90_0, 0, 1;
    %jmp T_2.14;
T_2.12 ;
    %load/vec4 v0x559890eef8d0_0;
    %load/vec4 v0x559890eeff50_0;
    %or;
    %pushi/vec4 31, 0, 7;
    %load/vec4 v0x559890eeea10_0;
    %cmp/u;
    %flag_get/vec4 4;
    %flag_get/vec4 5;
    %or;
    %load/vec4 v0x559890eeea10_0;
    %parti/s 1, 6, 4;
    %inv;
    %and;
    %or;
    %load/vec4 v0x559890ef05b0_0;
    %cmpi/e 2, 0, 3;
    %flag_mov 8, 4;
    %jmp/0 T_2.17, 8;
    %load/vec4 v0x559890eef990_0;
    %load/vec4 v0x559890ef0010_0;
    %or;
    %load/vec4 v0x559890eef8d0_0;
    %load/vec4 v0x559890ef00d0_0;
    %and;
    %or;
    %load/vec4 v0x559890eefa50_0;
    %load/vec4 v0x559890eeff50_0;
    %and;
    %or;
    %jmp/1 T_2.18, 8;
T_2.17 ; End of true expr.
    %load/vec4 v0x559890eef990_0;
    %load/vec4 v0x559890ef0010_0;
    %or;
    %load/vec4 v0x559890eef8d0_0;
    %load/vec4 v0x559890eeff50_0;
    %and;
    %load/vec4 v0x559890ef05b0_0;
    %pushi/vec4 0, 0, 3;
    %cmp/e;
    %flag_get/vec4 4;
    %load/vec4 v0x559890ef05b0_0;
    %pushi/vec4 1, 0, 3;
    %cmp/e;
    %flag_get/vec4 4;
    %or;
    %and;
    %load/vec4 v0x559890eefdb0_0;
    %load/vec4 v0x559890eeb660_0;
    %cmp/ne;
    %flag_get/vec4 4;
    %and;
    %or;
    %jmp/0 T_2.18, 8;
 ; End of false expr.
    %blend;
T_2.18;
    %inv;
    %and;
    %store/vec4 v0x559890ef0c90_0, 0, 1;
    %jmp T_2.14;
T_2.14 ;
    %pop/vec4 1;
    %load/vec4 v0x559890ef05b0_0;
    %cmpi/e 2, 0, 3;
    %flag_mov 8, 4;
    %jmp/0 T_2.19, 8;
    %load/vec4 v0x559890eefa50_0;
    %load/vec4 v0x559890ef00d0_0;
    %or;
    %jmp/1 T_2.20, 8;
T_2.19 ; End of true expr.
    %load/vec4 v0x559890eebb80_0;
    %pushi/vec4 0, 0, 17;
    %cmp/e;
    %flag_get/vec4 4;
    %load/vec4 v0x559890ef05b0_0;
    %pushi/vec4 0, 0, 3;
    %cmp/e;
    %flag_get/vec4 4;
    %load/vec4 v0x559890ef05b0_0;
    %pushi/vec4 1, 0, 3;
    %cmp/e;
    %flag_get/vec4 4;
    %or;
    %and;
    %jmp/0 T_2.20, 8;
 ; End of false expr.
    %blend;
T_2.20;
    %load/vec4 v0x559890ef05b0_0;
    %cmpi/e 2, 0, 3;
    %flag_mov 8, 4;
    %jmp/0 T_2.21, 8;
    %load/vec4 v0x559890eef990_0;
    %load/vec4 v0x559890ef0010_0;
    %or;
    %load/vec4 v0x559890eef8d0_0;
    %load/vec4 v0x559890ef00d0_0;
    %and;
    %or;
    %load/vec4 v0x559890eefa50_0;
    %load/vec4 v0x559890eeff50_0;
    %and;
    %or;
    %jmp/1 T_2.22, 8;
T_2.21 ; End of true expr.
    %load/vec4 v0x559890eef990_0;
    %load/vec4 v0x559890ef0010_0;
    %or;
    %load/vec4 v0x559890eef8d0_0;
    %load/vec4 v0x559890eeff50_0;
    %and;
    %load/vec4 v0x559890ef05b0_0;
    %pushi/vec4 0, 0, 3;
    %cmp/e;
    %flag_get/vec4 4;
    %load/vec4 v0x559890ef05b0_0;
    %pushi/vec4 1, 0, 3;
    %cmp/e;
    %flag_get/vec4 4;
    %or;
    %and;
    %load/vec4 v0x559890eefdb0_0;
    %load/vec4 v0x559890eeb660_0;
    %cmp/ne;
    %flag_get/vec4 4;
    %and;
    %or;
    %jmp/0 T_2.22, 8;
 ; End of false expr.
    %blend;
T_2.22;
    %inv;
    %and;
    %load/vec4 v0x559890ef05b0_0;
    %cmpi/e 2, 0, 3;
    %flag_mov 8, 4;
    %jmp/0 T_2.23, 8;
    %load/vec4 v0x559890eef8d0_0;
    %load/vec4 v0x559890eeff50_0;
    %or;
    %pushi/vec4 31, 0, 7;
    %load/vec4 v0x559890eeea10_0;
    %cmp/u;
    %flag_get/vec4 4;
    %flag_get/vec4 5;
    %or;
    %load/vec4 v0x559890eeea10_0;
    %parti/s 1, 6, 4;
    %inv;
    %and;
    %or;
    %load/vec4 v0x559890ef05b0_0;
    %cmpi/e 2, 0, 3;
    %flag_mov 9, 4;
    %jmp/0 T_2.25, 9;
    %load/vec4 v0x559890eef990_0;
    %load/vec4 v0x559890ef0010_0;
    %or;
    %load/vec4 v0x559890eef8d0_0;
    %load/vec4 v0x559890ef00d0_0;
    %and;
    %or;
    %load/vec4 v0x559890eefa50_0;
    %load/vec4 v0x559890eeff50_0;
    %and;
    %or;
    %jmp/1 T_2.26, 9;
T_2.25 ; End of true expr.
    %load/vec4 v0x559890eef990_0;
    %load/vec4 v0x559890ef0010_0;
    %or;
    %load/vec4 v0x559890eef8d0_0;
    %load/vec4 v0x559890eeff50_0;
    %and;
    %load/vec4 v0x559890ef05b0_0;
    %pushi/vec4 0, 0, 3;
    %cmp/e;
    %flag_get/vec4 4;
    %load/vec4 v0x559890ef05b0_0;
    %pushi/vec4 1, 0, 3;
    %cmp/e;
    %flag_get/vec4 4;
    %or;
    %and;
    %load/vec4 v0x559890eefdb0_0;
    %load/vec4 v0x559890eeb660_0;
    %cmp/ne;
    %flag_get/vec4 4;
    %and;
    %or;
    %jmp/0 T_2.26, 9;
 ; End of false expr.
    %blend;
T_2.26;
    %inv;
    %and;
    %jmp/1 T_2.24, 8;
T_2.23 ; End of true expr.
    %load/vec4 v0x559890eef8d0_0;
    %load/vec4 v0x559890eeff50_0;
    %or;
    %pushi/vec4 31, 0, 7;
    %load/vec4 v0x559890eeb720_0;
    %cmp/u;
    %flag_get/vec4 4;
    %flag_get/vec4 5;
    %or;
    %load/vec4 v0x559890eeb720_0;
    %parti/s 1, 6, 4;
    %inv;
    %and;
    %or;
    %load/vec4 v0x559890ef05b0_0;
    %cmpi/e 2, 0, 3;
    %flag_mov 9, 4;
    %jmp/0 T_2.27, 9;
    %load/vec4 v0x559890eef990_0;
    %load/vec4 v0x559890ef0010_0;
    %or;
    %load/vec4 v0x559890eef8d0_0;
    %load/vec4 v0x559890ef00d0_0;
    %and;
    %or;
    %load/vec4 v0x559890eefa50_0;
    %load/vec4 v0x559890eeff50_0;
    %and;
    %or;
    %jmp/1 T_2.28, 9;
T_2.27 ; End of true expr.
    %load/vec4 v0x559890eef990_0;
    %load/vec4 v0x559890ef0010_0;
    %or;
    %load/vec4 v0x559890eef8d0_0;
    %load/vec4 v0x559890eeff50_0;
    %and;
    %load/vec4 v0x559890ef05b0_0;
    %pushi/vec4 0, 0, 3;
    %cmp/e;
    %flag_get/vec4 4;
    %load/vec4 v0x559890ef05b0_0;
    %pushi/vec4 1, 0, 3;
    %cmp/e;
    %flag_get/vec4 4;
    %or;
    %and;
    %load/vec4 v0x559890eefdb0_0;
    %load/vec4 v0x559890eeb660_0;
    %cmp/ne;
    %flag_get/vec4 4;
    %and;
    %or;
    %jmp/0 T_2.28, 9;
 ; End of false expr.
    %blend;
T_2.28;
    %inv;
    %and;
    %jmp/0 T_2.24, 8;
 ; End of false expr.
    %blend;
T_2.24;
    %inv;
    %and;
    %store/vec4 v0x559890ef17a0_0, 0, 1;
    %load/vec4 v0x559890eeda10_0;
    %store/vec4 v0x559890ef0a50_0, 0, 1;
    %load/vec4 v0x559890eed950_0;
    %store/vec4 v0x559890ef08d0_0, 0, 1;
    %load/vec4 v0x559890eee790_0;
    %store/vec4 v0x559890ef1ae0_0, 0, 1;
    %jmp T_2;
    .thread T_2, $push;
    .scope S_0x559890e1ce60;
T_3 ;
    %wait E_0x559890e6b2b0;
    %load/vec4 v0x559890ef1560_0;
    %flag_set/vec4 8;
    %jmp/0xz  T_3.0, 8;
    %pushi/vec4 31745, 0, 16;
    %store/vec4 v0x559890eec400_0, 0, 16;
    %jmp T_3.1;
T_3.0 ;
    %load/vec4 v0x559890ef0bd0_0;
    %pushi/vec4 31, 0, 7;
    %load/vec4 v0x559890ef1d40_0;
    %cmp/u;
    %flag_get/vec4 4;
    %flag_get/vec4 5;
    %or;
    %load/vec4 v0x559890ef1d40_0;
    %parti/s 1, 6, 4;
    %inv;
    %and;
    %or;
    %flag_set/vec4 8;
    %jmp/0xz  T_3.2, 8;
    %load/vec4 v0x559890ef20c0_0;
    %concati/vec4 31, 0, 5;
    %concati/vec4 0, 0, 10;
    %store/vec4 v0x559890eec400_0, 0, 16;
    %jmp T_3.3;
T_3.2 ;
    %load/vec4 v0x559890ef16e0_0;
    %load/vec4 v0x559890ef1d40_0;
    %parti/s 1, 6, 4;
    %or;
    %flag_set/vec4 8;
    %jmp/0xz  T_3.4, 8;
    %load/vec4 v0x559890ef20c0_0;
    %concati/vec4 0, 0, 5;
    %concati/vec4 0, 0, 10;
    %store/vec4 v0x559890eec400_0, 0, 16;
    %jmp T_3.5;
T_3.4 ;
    %load/vec4 v0x559890ef20c0_0;
    %load/vec4 v0x559890ef1d40_0;
    %parti/s 5, 0, 2;
    %concat/vec4; draw_concat_vec4
    %load/vec4 v0x559890ef1f00_0;
    %parti/s 10, 0, 2;
    %concat/vec4; draw_concat_vec4
    %store/vec4 v0x559890eec400_0, 0, 16;
T_3.5 ;
T_3.3 ;
T_3.1 ;
    %load/vec4 v0x559890ef1f00_0;
    %parti/s 3, 8, 5;
    %store/vec4 v0x559890eee0d0_0, 0, 3;
    %load/vec4 v0x559890ef1f00_0;
    %parti/s 8, 0, 2;
    %store/vec4 v0x559890eedff0_0, 0, 8;
    %pushi/vec4 0, 0, 1;
    %load/vec4 v0x559890eee0d0_0;
    %concat/vec4; draw_concat_vec4
    %load/vec4 v0x559890eedff0_0;
    %cmpi/u 128, 0, 8;
    %flag_inv 5; GE is !LT
    %flag_mov 8, 5;
    %jmp/0 T_3.6, 8;
    %pushi/vec4 1, 0, 4;
    %jmp/1 T_3.7, 8;
T_3.6 ; End of true expr.
    %pushi/vec4 0, 0, 4;
    %jmp/0 T_3.7, 8;
 ; End of false expr.
    %blend;
T_3.7;
    %add;
    %store/vec4 v0x559890eee450_0, 0, 4;
    %load/vec4 v0x559890ef1d40_0;
    %load/vec4 v0x559890eee450_0;
    %parti/s 1, 3, 3;
    %flag_set/vec4 8;
    %jmp/0 T_3.8, 8;
    %pushi/vec4 1, 0, 7;
    %jmp/1 T_3.9, 8;
T_3.8 ; End of true expr.
    %pushi/vec4 0, 0, 7;
    %jmp/0 T_3.9, 8;
 ; End of false expr.
    %blend;
T_3.9;
    %add;
    %store/vec4 v0x559890eee370_0, 0, 7;
    %load/vec4 v0x559890eee450_0;
    %parti/s 1, 3, 3;
    %flag_set/vec4 8;
    %jmp/0 T_3.10, 8;
    %load/vec4 v0x559890eee370_0;
    %parti/s 5, 0, 2;
    %jmp/1 T_3.11, 8;
T_3.10 ; End of true expr.
    %load/vec4 v0x559890eee370_0;
    %parti/s 5, 0, 2;
    %jmp/0 T_3.11, 8;
 ; End of false expr.
    %blend;
T_3.11;
    %store/vec4 v0x559890eee1b0_0, 0, 5;
    %load/vec4 v0x559890eee450_0;
    %parti/s 1, 3, 3;
    %flag_set/vec4 8;
    %jmp/0 T_3.12, 8;
    %pushi/vec4 0, 0, 2;
    %jmp/1 T_3.13, 8;
T_3.12 ; End of true expr.
    %load/vec4 v0x559890eee450_0;
    %parti/s 2, 0, 2;
    %jmp/0 T_3.13, 8;
 ; End of false expr.
    %blend;
T_3.13;
    %store/vec4 v0x559890eee290_0, 0, 2;
    %load/vec4 v0x559890ef1560_0;
    %flag_set/vec4 8;
    %jmp/0xz  T_3.14, 8;
    %pushi/vec4 125, 0, 8;
    %store/vec4 v0x559890eec4e0_0, 0, 8;
    %jmp T_3.15;
T_3.14 ;
    %load/vec4 v0x559890ef0bd0_0;
    %pushi/vec4 31, 0, 7;
    %load/vec4 v0x559890eee370_0;
    %cmp/u;
    %flag_get/vec4 4;
    %flag_get/vec4 5;
    %or;
    %load/vec4 v0x559890eee370_0;
    %parti/s 1, 6, 4;
    %inv;
    %and;
    %or;
    %flag_set/vec4 8;
    %jmp/0xz  T_3.16, 8;
    %load/vec4 v0x559890ef20c0_0;
    %concati/vec4 31, 0, 5;
    %concati/vec4 0, 0, 2;
    %store/vec4 v0x559890eec4e0_0, 0, 8;
    %jmp T_3.17;
T_3.16 ;
    %load/vec4 v0x559890ef16e0_0;
    %load/vec4 v0x559890eee370_0;
    %parti/s 1, 6, 4;
    %or;
    %flag_set/vec4 8;
    %jmp/0xz  T_3.18, 8;
    %load/vec4 v0x559890ef20c0_0;
    %concati/vec4 0, 0, 5;
    %concati/vec4 0, 0, 2;
    %store/vec4 v0x559890eec4e0_0, 0, 8;
    %jmp T_3.19;
T_3.18 ;
    %load/vec4 v0x559890ef20c0_0;
    %load/vec4 v0x559890eee1b0_0;
    %concat/vec4; draw_concat_vec4
    %load/vec4 v0x559890eee290_0;
    %concat/vec4; draw_concat_vec4
    %store/vec4 v0x559890eec4e0_0, 0, 8;
T_3.19 ;
T_3.17 ;
T_3.15 ;
    %load/vec4 v0x559890ef0b10_0;
    %flag_set/vec4 8;
    %jmp/0 T_3.20, 8;
    %load/vec4 v0x559890eec400_0;
    %jmp/1 T_3.21, 8;
T_3.20 ; End of true expr.
    %pushi/vec4 0, 0, 8;
    %load/vec4 v0x559890eec4e0_0;
    %concat/vec4; draw_concat_vec4
    %jmp/0 T_3.21, 8;
 ; End of false expr.
    %blend;
T_3.21;
    %store/vec4 v0x559890eec320_0, 0, 16;
    %pushi/vec4 0, 0, 15;
    %load/vec4 v0x559890ef1ba0_0;
    %cmpi/e 5, 0, 3;
    %flag_mov 8, 4;
    %jmp/0 T_3.22, 8;
    %load/vec4 v0x559890ef0990_0;
    %jmp/1 T_3.23, 8;
T_3.22 ; End of true expr.
    %load/vec4 v0x559890ef0810_0;
    %jmp/0 T_3.23, 8;
 ; End of false expr.
    %blend;
T_3.23;
    %concat/vec4; draw_concat_vec4
    %store/vec4 v0x559890eedad0_0, 0, 16;
    %load/vec4 v0x559890ef1a20_0;
    %flag_set/vec4 8;
    %jmp/0 T_3.24, 8;
    %load/vec4 v0x559890ef1860_0;
    %jmp/1 T_3.25, 8;
T_3.24 ; End of true expr.
    %load/vec4 v0x559890ef1940_0;
    %jmp/0 T_3.25, 8;
 ; End of false expr.
    %blend;
T_3.25;
    %store/vec4 v0x559890eee6b0_0, 0, 16;
    %load/vec4 v0x559890ef1ba0_0;
    %pushi/vec4 5, 0, 3;
    %cmp/e;
    %flag_get/vec4 4;
    %load/vec4 v0x559890ef1ba0_0;
    %pushi/vec4 6, 0, 3;
    %cmp/e;
    %flag_get/vec4 4;
    %or;
    %flag_set/vec4 8;
    %jmp/0xz  T_3.26, 8;
    %load/vec4 v0x559890eedad0_0;
    %store/vec4 v0x559890eedc90_0, 0, 16;
    %jmp T_3.27;
T_3.26 ;
    %load/vec4 v0x559890ef1ba0_0;
    %pushi/vec4 3, 0, 3;
    %cmp/e;
    %flag_get/vec4 4;
    %load/vec4 v0x559890ef1ba0_0;
    %pushi/vec4 4, 0, 3;
    %cmp/e;
    %flag_get/vec4 4;
    %or;
    %flag_set/vec4 8;
    %jmp/0xz  T_3.28, 8;
    %load/vec4 v0x559890eee6b0_0;
    %store/vec4 v0x559890eedc90_0, 0, 16;
    %jmp T_3.29;
T_3.28 ;
    %load/vec4 v0x559890eec320_0;
    %store/vec4 v0x559890eedc90_0, 0, 16;
T_3.29 ;
T_3.27 ;
    %load/vec4 v0x559890ef1560_0;
    %load/vec4 v0x559890ef1ba0_0;
    %pushi/vec4 0, 0, 3;
    %cmp/e;
    %flag_get/vec4 4;
    %load/vec4 v0x559890ef1ba0_0;
    %pushi/vec4 1, 0, 3;
    %cmp/e;
    %flag_get/vec4 4;
    %or;
    %load/vec4 v0x559890ef1ba0_0;
    %pushi/vec4 2, 0, 3;
    %cmp/e;
    %flag_get/vec4 4;
    %or;
    %and;
    %load/vec4 v0x559890ef0bd0_0;
    %load/vec4 v0x559890eee450_0;
    %parti/s 1, 3, 3;
    %load/vec4 v0x559890ef0b10_0;
    %inv;
    %and;
    %pushi/vec4 31, 0, 7;
    %load/vec4 v0x559890eee370_0;
    %cmp/u;
    %flag_get/vec4 4;
    %flag_get/vec4 5;
    %or;
    %and;
    %or;
    %load/vec4 v0x559890ef1ba0_0;
    %pushi/vec4 0, 0, 3;
    %cmp/e;
    %flag_get/vec4 4;
    %load/vec4 v0x559890ef1ba0_0;
    %pushi/vec4 1, 0, 3;
    %cmp/e;
    %flag_get/vec4 4;
    %or;
    %load/vec4 v0x559890ef1ba0_0;
    %pushi/vec4 2, 0, 3;
    %cmp/e;
    %flag_get/vec4 4;
    %or;
    %and;
    %concat/vec4; draw_concat_vec4
    %load/vec4 v0x559890ef16e0_0;
    %load/vec4 v0x559890ef1560_0;
    %load/vec4 v0x559890ef1ba0_0;
    %pushi/vec4 0, 0, 3;
    %cmp/e;
    %flag_get/vec4 4;
    %load/vec4 v0x559890ef1ba0_0;
    %pushi/vec4 1, 0, 3;
    %cmp/e;
    %flag_get/vec4 4;
    %or;
    %load/vec4 v0x559890ef1ba0_0;
    %pushi/vec4 2, 0, 3;
    %cmp/e;
    %flag_get/vec4 4;
    %or;
    %and;
    %inv;
    %and;
    %load/vec4 v0x559890ef0bd0_0;
    %load/vec4 v0x559890eee450_0;
    %parti/s 1, 3, 3;
    %load/vec4 v0x559890ef0b10_0;
    %inv;
    %and;
    %pushi/vec4 31, 0, 7;
    %load/vec4 v0x559890eee370_0;
    %cmp/u;
    %flag_get/vec4 4;
    %flag_get/vec4 5;
    %or;
    %and;
    %or;
    %load/vec4 v0x559890ef1ba0_0;
    %pushi/vec4 0, 0, 3;
    %cmp/e;
    %flag_get/vec4 4;
    %load/vec4 v0x559890ef1ba0_0;
    %pushi/vec4 1, 0, 3;
    %cmp/e;
    %flag_get/vec4 4;
    %or;
    %load/vec4 v0x559890ef1ba0_0;
    %pushi/vec4 2, 0, 3;
    %cmp/e;
    %flag_get/vec4 4;
    %or;
    %and;
    %inv;
    %and;
    %load/vec4 v0x559890ef1ba0_0;
    %pushi/vec4 0, 0, 3;
    %cmp/e;
    %flag_get/vec4 4;
    %load/vec4 v0x559890ef1ba0_0;
    %pushi/vec4 1, 0, 3;
    %cmp/e;
    %flag_get/vec4 4;
    %or;
    %load/vec4 v0x559890ef1ba0_0;
    %pushi/vec4 2, 0, 3;
    %cmp/e;
    %flag_get/vec4 4;
    %or;
    %and;
    %concat/vec4; draw_concat_vec4
    %concati/vec4 0, 0, 1;
    %store/vec4 v0x559890eedbb0_0, 0, 4;
    %jmp T_3;
    .thread T_3, $push;
    .scope S_0x559890e1ce60;
T_4 ;
    %wait E_0x559890e64620;
    %load/vec4 v0x559890eef730_0;
    %cmpi/e 0, 0, 1;
    %jmp/0xz  T_4.0, 4;
    %pushi/vec4 0, 0, 1;
    %assign/vec4 v0x559890ef0750_0, 0;
    %jmp T_4.1;
T_4.0 ;
    %load/vec4 v0x559890ef0690_0;
    %flag_set/vec4 8;
    %jmp/0xz  T_4.2, 8;
    %load/vec4 v0x559890eee5f0_0;
    %assign/vec4 v0x559890ef0750_0, 0;
    %load/vec4 v0x559890eee5f0_0;
    %flag_set/vec4 8;
    %jmp/0xz  T_4.4, 8;
    %load/vec4 v0x559890eeb000_0;
    %assign/vec4 v0x559890eefdb0_0, 0;
    %load/vec4 v0x559890eea460_0;
    %assign/vec4 v0x559890eef7f0_0, 0;
    %load/vec4 v0x559890eead60_0;
    %assign/vec4 v0x559890eefbf0_0, 0;
    %load/vec4 v0x559890eea940_0;
    %assign/vec4 v0x559890eef990_0, 0;
    %load/vec4 v0x559890eea880_0;
    %assign/vec4 v0x559890eef8d0_0, 0;
    %load/vec4 v0x559890eeaa00_0;
    %assign/vec4 v0x559890eefa50_0, 0;
    %load/vec4 v0x559890eeaac0_0;
    %assign/vec4 v0x559890eefb10_0, 0;
    %load/vec4 v0x559890eed240_0;
    %assign/vec4 v0x559890ef0430_0, 0;
    %load/vec4 v0x559890eec6a0_0;
    %assign/vec4 v0x559890eefe70_0, 0;
    %load/vec4 v0x559890eecfa0_0;
    %assign/vec4 v0x559890ef0270_0, 0;
    %load/vec4 v0x559890eecb80_0;
    %assign/vec4 v0x559890ef0010_0, 0;
    %load/vec4 v0x559890eecac0_0;
    %assign/vec4 v0x559890eeff50_0, 0;
    %load/vec4 v0x559890eecc40_0;
    %assign/vec4 v0x559890ef00d0_0, 0;
    %load/vec4 v0x559890eecd00_0;
    %assign/vec4 v0x559890ef0190_0, 0;
    %load/vec4 v0x559890eef490_0;
    %assign/vec4 v0x559890ef05b0_0, 0;
    %load/vec4 v0x559890eedf30_0;
    %assign/vec4 v0x559890ef04f0_0, 0;
T_4.4 ;
T_4.2 ;
T_4.1 ;
    %jmp T_4;
    .thread T_4;
    .scope S_0x559890e1ce60;
T_5 ;
    %wait E_0x559890e64620;
    %load/vec4 v0x559890eef730_0;
    %cmpi/e 0, 0, 1;
    %jmp/0xz  T_5.0, 4;
    %jmp T_5.1;
T_5.0 ;
    %load/vec4 v0x559890ef0690_0;
    %load/vec4 v0x559890eee5f0_0;
    %and;
    %flag_set/vec4 8;
    %jmp/0xz  T_5.2, 8;
    %load/vec4 v0x559890ecdba0_0;
    %assign/vec4 v0x559890eefcd0_0, 0;
    %load/vec4 v0x559890eec5c0_0;
    %assign/vec4 v0x559890ef0350_0, 0;
T_5.2 ;
T_5.1 ;
    %jmp T_5;
    .thread T_5;
    .scope S_0x559890e1ce60;
T_6 ;
    %wait E_0x559890e64620;
    %load/vec4 v0x559890eef730_0;
    %cmpi/e 0, 0, 1;
    %jmp/0xz  T_6.0, 4;
    %pushi/vec4 0, 0, 1;
    %assign/vec4 v0x559890ef2240_0, 0;
    %jmp T_6.1;
T_6.0 ;
    %load/vec4 v0x559890ef1c80_0;
    %flag_set/vec4 8;
    %jmp/0xz  T_6.2, 8;
    %load/vec4 v0x559890ef0750_0;
    %assign/vec4 v0x559890ef2240_0, 0;
    %load/vec4 v0x559890ef0750_0;
    %flag_set/vec4 8;
    %jmp/0xz  T_6.4, 8;
    %load/vec4 v0x559890ef2180_0;
    %assign/vec4 v0x559890ef20c0_0, 0;
    %load/vec4 v0x559890ef1e20_0;
    %assign/vec4 v0x559890ef1d40_0, 0;
    %load/vec4 v0x559890ef1fe0_0;
    %assign/vec4 v0x559890ef1f00_0, 0;
    %load/vec4 v0x559890ef1620_0;
    %assign/vec4 v0x559890ef1560_0, 0;
    %load/vec4 v0x559890ef0c90_0;
    %assign/vec4 v0x559890ef0bd0_0, 0;
    %load/vec4 v0x559890ef17a0_0;
    %assign/vec4 v0x559890ef16e0_0, 0;
    %load/vec4 v0x559890ef05b0_0;
    %assign/vec4 v0x559890ef1ba0_0, 0;
    %load/vec4 v0x559890ef04f0_0;
    %assign/vec4 v0x559890ef0b10_0, 0;
    %load/vec4 v0x559890ef0a50_0;
    %assign/vec4 v0x559890ef0990_0, 0;
    %load/vec4 v0x559890ef08d0_0;
    %assign/vec4 v0x559890ef0810_0, 0;
    %load/vec4 v0x559890ef1ae0_0;
    %assign/vec4 v0x559890ef1a20_0, 0;
    %load/vec4 v0x559890eefcd0_0;
    %assign/vec4 v0x559890ef1860_0, 0;
    %load/vec4 v0x559890ef0350_0;
    %assign/vec4 v0x559890ef1940_0, 0;
T_6.4 ;
T_6.2 ;
T_6.1 ;
    %jmp T_6;
    .thread T_6;
    .scope S_0x559890e1ce60;
T_7 ;
    %wait E_0x559890e64620;
    %load/vec4 v0x559890eef730_0;
    %cmpi/e 0, 0, 1;
    %jmp/0xz  T_7.0, 4;
    %pushi/vec4 0, 0, 1;
    %assign/vec4 v0x559890eef3d0_0, 0;
    %jmp T_7.1;
T_7.0 ;
    %load/vec4 v0x559890ef2300_0;
    %flag_set/vec4 8;
    %jmp/0xz  T_7.2, 8;
    %load/vec4 v0x559890ef2240_0;
    %assign/vec4 v0x559890eef3d0_0, 0;
    %load/vec4 v0x559890ef2240_0;
    %flag_set/vec4 8;
    %jmp/0xz  T_7.4, 8;
    %load/vec4 v0x559890eedc90_0;
    %assign/vec4 v0x559890eef650_0, 0;
    %load/vec4 v0x559890eedbb0_0;
    %assign/vec4 v0x559890eede50_0, 0;
T_7.4 ;
T_7.2 ;
T_7.1 ;
    %jmp T_7;
    .thread T_7;
# The file index is used to find the file name in the following table.
:file_names 4;
    "N/A";
    "<interactive>";
    "-";
    "generated_fp16_fp8_shared_alu.v";
