****** rfsim RF simulator ******
****** harmonic balance + osdi ******
****** version 0.2 ******

$ netlist: 64-Finger Buffer Chain — 8x8 矩阵 inverter buffer
$ source: mos_buffer_64.sp

$rfsim ============================================================
$  node table
$rfsim ============================================================

  nodes (excl. gnd): 34
  [1] vdd
  [2] in
  [3] s1a
  [4] s1b
  [5] s1c
  [6] s1d
  [7] s1e
  [8] s1f
  [9] s1g
  [10] s1h
  [11] s2a
  [12] s2b
  [13] s2c
  [14] s2d
  [15] s2e
  [16] s2f
  [17] s2g
  [18] s2h
  [19] s3a
  [20] s3b
  [21] s3c
  [22] s3d
  [23] s3e
  [24] s3f
  [25] s3g
  [26] s3h
  [27] out1
  [28] out2
  [29] out3
  [30] out4
  [31] out5
  [32] out6
  [33] out7
  [34] out8

