****** rfsim RF simulator ******
****** harmonic balance + osdi ******
****** version 0.2 ******

$ netlist: Large RC Ladder — 500 sections (1001 nodes)
$ source: rc_ladder_500.sp

$rfsim ============================================================
$  node table
$rfsim ============================================================

  nodes (excl. gnd): 60
  [1] in
  [2] n1
  [3] n2
  [4] n3
  [5] n4
  [6] n5
  [7] n6
  [8] n7
  [9] n8
  [10] n9
  [11] n10
  [12] n20
  [13] n30
  [14] n40
  [15] n50
  [16] n60
  [17] n70
  [18] n80
  [19] n90
  [20] n100
  [21] n110
  [22] n120
  [23] n130
  [24] n140
  [25] n150
  [26] n160
  [27] n170
  [28] n180
  [29] n190
  [30] n200
  [31] n210
  [32] n220
  [33] n230
  [34] n240
  [35] n250
  [36] n260
  [37] n270
  [38] n280
  [39] n290
  [40] n300
  [41] n310
  [42] n320
  [43] n330
  [44] n340
  [45] n350
  [46] n360
  [47] n370
  [48] n380
  [49] n390
  [50] n400
  [51] n410
  [52] n420
  [53] n430
  [54] n440
  [55] n450
  [56] n460
  [57] n470
  [58] n480
  [59] n490
  [60] out

